{"/home/matheus-cabral/projects/conciencia/apps/backend/src/app.controller.ts": {"path":"/home/matheus-cabral/projects/conciencia/apps/backend/src/app.controller.ts","statementMap":{"0":{"start":{"line":1,"column":0},"end":{"line":1,"column":49}},"1":{"start":{"line":2,"column":0},"end":{"line":2,"column":43}},"2":{"start":{"line":5,"column":7},"end":{"line":12,"column":null}},"3":{"start":{"line":6,"column":31},"end":{"line":6,"column":43}},"4":{"start":{"line":10,"column":4},"end":{"line":10,"column":38}},"5":{"start":{"line":5,"column":13},"end":{"line":5,"column":26}},"6":{"start":{"line":9,"column":2},"end":{"line":11,"column":null}},"7":{"start":{"line":5,"column":13},"end":{"line":12,"column":null}}},"fnMap":{"0":{"name":"(anonymous_2)","decl":{"start":{"line":6,"column":2},"end":{"line":6,"column":31}},"loc":{"start":{"line":6,"column":53},"end":{"line":6,"column":57}}},"1":{"name":"(anonymous_3)","decl":{"start":{"line":9,"column":2},"end":{"line":9,"column":10}},"loc":{"start":{"line":9,"column":10},"end":{"line":11,"column":3}}}},"branchMap":{"0":{"loc":{"start":{"line":6,"column":43},"end":{"line":6,"column":56}},"type":"cond-expr","locations":[{"start":{"line":6,"column":53},"end":{"line":6,"column":56}},{"start":{"line":6,"column":53},"end":{"line":6,"column":56}}]},"1":{"loc":{"start":{"line":6,"column":43},"end":{"line":6,"column":53}},"type":"binary-expr","locations":[{"start":{"line":6,"column":43},"end":{"line":6,"column":56}},{"start":{"line":6,"column":43},"end":{"line":6,"column":53}}]}},"s":{"0":0,"1":0,"2":0,"3":0,"4":0,"5":0,"6":0,"7":0},"f":{"0":0,"1":0},"b":{"0":[0,0],"1":[0,0]}}
,"/home/matheus-cabral/projects/conciencia/apps/backend/src/app.module.ts": {"path":"/home/matheus-cabral/projects/conciencia/apps/backend/src/app.module.ts","statementMap":{"0":{"start":{"line":1,"column":0},"end":{"line":1,"column":40}},"1":{"start":{"line":2,"column":0},"end":{"line":2,"column":46}},"2":{"start":{"line":3,"column":0},"end":{"line":3,"column":70}},"3":{"start":{"line":4,"column":0},"end":{"line":4,"column":49}},"4":{"start":{"line":5,"column":0},"end":{"line":5,"column":43}},"5":{"start":{"line":6,"column":0},"end":{"line":6,"column":56}},"6":{"start":{"line":7,"column":0},"end":{"line":7,"column":77}},"7":{"start":{"line":8,"column":0},"end":{"line":8,"column":62}},"8":{"start":{"line":9,"column":0},"end":{"line":9,"column":65}},"9":{"start":{"line":10,"column":0},"end":{"line":10,"column":59}},"10":{"start":{"line":11,"column":0},"end":{"line":11,"column":82}},"11":{"start":{"line":12,"column":0},"end":{"line":12,"column":65}},"12":{"start":{"line":13,"column":0},"end":{"line":13,"column":65}},"13":{"start":{"line":14,"column":0},"end":{"line":14,"column":68}},"14":{"start":{"line":15,"column":0},"end":{"line":15,"column":56}},"15":{"start":{"line":16,"column":0},"end":{"line":16,"column":59}},"16":{"start":{"line":17,"column":0},"end":{"line":17,"column":68}},"17":{"start":{"line":18,"column":0},"end":{"line":18,"column":57}},"18":{"start":{"line":19,"column":0},"end":{"line":19,"column":81}},"19":{"start":{"line":20,"column":0},"end":{"line":20,"column":74}},"20":{"start":{"line":46,"column":7},"end":{"line":46,"column":null}},"21":{"start":{"line":46,"column":13},"end":{"line":46,"column":22}},"22":{"start":{"line":46,"column":13},"end":{"line":46,"column":null}}},"fnMap":{},"branchMap":{},"s":{"0":0,"1":0,"2":0,"3":0,"4":0,"5":0,"6":0,"7":0,"8":0,"9":0,"10":0,"11":0,"12":0,"13":0,"14":0,"15":0,"16":0,"17":0,"18":0,"19":0,"20":0,"21":0,"22":0},"f":{},"b":{}}
,"/home/matheus-cabral/projects/conciencia/apps/backend/src/app.service.ts": {"path":"/home/matheus-cabral/projects/conciencia/apps/backend/src/app.service.ts","statementMap":{"0":{"start":{"line":1,"column":0},"end":{"line":1,"column":44}},"1":{"start":{"line":4,"column":7},"end":{"line":8,"column":null}},"2":{"start":{"line":6,"column":4},"end":{"line":6,"column":26}},"3":{"start":{"line":4,"column":13},"end":{"line":4,"column":23}},"4":{"start":{"line":4,"column":13},"end":{"line":8,"column":null}}},"fnMap":{"0":{"name":"(anonymous_1)","decl":{"start":{"line":5,"column":2},"end":{"line":5,"column":10}},"loc":{"start":{"line":5,"column":10},"end":{"line":7,"column":3}}}},"branchMap":{},"s":{"0":0,"1":0,"2":0,"3":0,"4":0},"f":{"0":0},"b":{}}
,"/home/matheus-cabral/projects/conciencia/apps/backend/src/main.ts": {"path":"/home/matheus-cabral/projects/conciencia/apps/backend/src/main.ts","statementMap":{"0":{"start":{"line":1,"column":0},"end":{"line":1,"column":43}},"1":{"start":{"line":3,"column":0},"end":{"line":3,"column":48}},"2":{"start":{"line":4,"column":0},"end":{"line":4,"column":47}},"3":{"start":{"line":5,"column":0},"end":{"line":5,"column":28}},"4":{"start":{"line":6,"column":0},"end":{"line":6,"column":31}},"5":{"start":{"line":7,"column":0},"end":{"line":7,"column":41}},"6":{"start":{"line":10,"column":14},"end":{"line":10,"column":73}},"7":{"start":{"line":12,"column":22},"end":{"line":12,"column":52}},"8":{"start":{"line":13,"column":2},"end":{"line":13,"column":61}},"9":{"start":{"line":14,"column":2},"end":{"line":14,"column":59}},"10":{"start":{"line":17,"column":2},"end":{"line":20,"column":5}},"11":{"start":{"line":23,"column":2},"end":{"line":29,"column":4}},"12":{"start":{"line":31,"column":24},"end":{"line":31,"column":46}},"13":{"start":{"line":33,"column":15},"end":{"line":33,"column":84}},"14":{"start":{"line":35,"column":2},"end":{"line":35,"column":36}},"15":{"start":{"line":37,"column":0},"end":{"line":37,"column":12}}},"fnMap":{"0":{"name":"bootstrap","decl":{"start":{"line":9,"column":15},"end":{"line":9,"column":24}},"loc":{"start":{"line":9,"column":24},"end":{"line":36,"column":1}}}},"branchMap":{"0":{"loc":{"start":{"line":18,"column":12},"end":{"line":18,"column":63}},"type":"binary-expr","locations":[{"start":{"line":18,"column":12},"end":{"line":18,"column":36}},{"start":{"line":18,"column":40},"end":{"line":18,"column":63}}]},"1":{"loc":{"start":{"line":33,"column":15},"end":{"line":33,"column":84}},"type":"binary-expr","locations":[{"start":{"line":33,"column":15},"end":{"line":33,"column":31}},{"start":{"line":33,"column":35},"end":{"line":33,"column":76}},{"start":{"line":33,"column":80},"end":{"line":33,"column":84}}]}},"s":{"0":0,"1":0,"2":0,"3":0,"4":0,"5":0,"6":0,"7":0,"8":0,"9":0,"10":0,"11":0,"12":0,"13":0,"14":0,"15":0},"f":{"0":0},"b":{"0":[0,0],"1":[0,0,0]}}
,"/home/matheus-cabral/projects/conciencia/apps/backend/src/common/decorators/current-user.decorator.ts": {"path":"/home/matheus-cabral/projects/conciencia/apps/backend/src/common/decorators/current-user.decorator.ts","statementMap":{"0":{"start":{"line":1,"column":0},"end":{"line":1,"column":72}},"1":{"start":{"line":11,"column":13},"end":{"line":16,"column":2}},"2":{"start":{"line":13,"column":20},"end":{"line":13,"column":51}},"3":{"start":{"line":14,"column":4},"end":{"line":14,"column":24}}},"fnMap":{"0":{"name":"(anonymous_0)","decl":{"start":{"line":12,"column":2},"end":{"line":12,"column":3}},"loc":{"start":{"line":12,"column":56},"end":{"line":15,"column":3}}}},"branchMap":{},"s":{"0":0,"1":0,"2":0,"3":0},"f":{"0":0},"b":{}}
,"/home/matheus-cabral/projects/conciencia/apps/backend/src/common/decorators/public.decorator.ts": {"path":"/home/matheus-cabral/projects/conciencia/apps/backend/src/common/decorators/public.decorator.ts","statementMap":{"0":{"start":{"line":1,"column":0},"end":{"line":1,"column":45}},"1":{"start":{"line":3,"column":13},"end":{"line":3,"column":40}},"2":{"start":{"line":6,"column":22},"end":{"line":6,"column":60}},"3":{"start":{"line":6,"column":28},"end":{"line":6,"column":60}},"4":{"start":{"line":6,"column":13},"end":{"line":6,"column":22}}},"fnMap":{"0":{"name":"(anonymous_0)","decl":{"start":{"line":6,"column":22},"end":{"line":6,"column":25}},"loc":{"start":{"line":6,"column":28},"end":{"line":6,"column":60}}}},"branchMap":{},"s":{"0":0,"1":0,"2":0,"3":0,"4":0},"f":{"0":0},"b":{}}
,"/home/matheus-cabral/projects/conciencia/apps/backend/src/common/decorators/roles.decorator.ts": {"path":"/home/matheus-cabral/projects/conciencia/apps/backend/src/common/decorators/roles.decorator.ts","statementMap":{"0":{"start":{"line":1,"column":0},"end":{"line":1,"column":45}},"1":{"start":{"line":3,"column":13},"end":{"line":3,"column":33}},"2":{"start":{"line":4,"column":21},"end":{"line":4,"column":74}},"3":{"start":{"line":4,"column":45},"end":{"line":4,"column":74}},"4":{"start":{"line":4,"column":13},"end":{"line":4,"column":21}}},"fnMap":{"0":{"name":"(anonymous_0)","decl":{"start":{"line":4,"column":21},"end":{"line":4,"column":22}},"loc":{"start":{"line":4,"column":45},"end":{"line":4,"column":74}}}},"branchMap":{},"s":{"0":0,"1":0,"2":0,"3":0,"4":0},"f":{"0":0},"b":{}}
,"/home/matheus-cabral/projects/conciencia/apps/backend/src/common/filters/exception.filter.ts": {"path":"/home/matheus-cabral/projects/conciencia/apps/backend/src/common/filters/exception.filter.ts","statementMap":{"0":{"start":{"line":1,"column":0},"end":{"line":1,"column":null}},"1":{"start":{"line":12,"column":34},"end":{"line":45,"column":null}},"2":{"start":{"line":13,"column":28},"end":{"line":13,"column":66}},"3":{"start":{"line":16,"column":16},"end":{"line":16,"column":35}},"4":{"start":{"line":17,"column":21},"end":{"line":17,"column":48}},"5":{"start":{"line":18,"column":20},"end":{"line":18,"column":45}},"6":{"start":{"line":20,"column":21},"end":{"line":20,"column":53}},"7":{"start":{"line":21,"column":18},"end":{"line":21,"column":44}},"8":{"start":{"line":23,"column":4},"end":{"line":37,"column":5}},"9":{"start":{"line":24,"column":6},"end":{"line":24,"column":41}},"10":{"start":{"line":25,"column":32},"end":{"line":25,"column":55}},"11":{"start":{"line":26,"column":6},"end":{"line":29,"column":68}},"12":{"start":{"line":32,"column":6},"end":{"line":34,"column":7}},"13":{"start":{"line":33,"column":8},"end":{"line":33,"column":29}},"14":{"start":{"line":35,"column":11},"end":{"line":37,"column":5}},"15":{"start":{"line":36,"column":6},"end":{"line":36,"column":82}},"16":{"start":{"line":39,"column":4},"end":{"line":43,"column":7}},"17":{"start":{"line":12,"column":13},"end":{"line":12,"column":34}},"18":{"start":{"line":12,"column":13},"end":{"line":45,"column":null}}},"fnMap":{"0":{"name":"(anonymous_1)","decl":{"start":{"line":15,"column":2},"end":{"line":15,"column":7}},"loc":{"start":{"line":15,"column":47},"end":{"line":44,"column":3}}}},"branchMap":{"0":{"loc":{"start":{"line":23,"column":4},"end":{"line":37,"column":5}},"type":"if","locations":[{"start":{"line":23,"column":4},"end":{"line":37,"column":5}},{"start":{"line":35,"column":11},"end":{"line":37,"column":5}}]},"1":{"loc":{"start":{"line":27,"column":8},"end":{"line":29,"column":67}},"type":"cond-expr","locations":[{"start":{"line":28,"column":12},"end":{"line":28,"column":29}},{"start":{"line":29,"column":13},"end":{"line":29,"column":67}}]},"2":{"loc":{"start":{"line":29,"column":13},"end":{"line":29,"column":67}},"type":"binary-expr","locations":[{"start":{"line":29,"column":13},"end":{"line":29,"column":46}},{"start":{"line":29,"column":50},"end":{"line":29,"column":67}}]},"3":{"loc":{"start":{"line":32,"column":6},"end":{"line":34,"column":7}},"type":"if","locations":[{"start":{"line":32,"column":6},"end":{"line":34,"column":7}},{"start":{},"end":{}}]},"4":{"loc":{"start":{"line":35,"column":11},"end":{"line":37,"column":5}},"type":"if","locations":[{"start":{"line":35,"column":11},"end":{"line":37,"column":5}},{"start":{},"end":{}}]}},"s":{"0":0,"1":0,"2":0,"3":0,"4":0,"5":0,"6":0,"7":0,"8":0,"9":0,"10":0,"11":0,"12":0,"13":0,"14":0,"15":0,"16":0,"17":0,"18":0},"f":{"0":0},"b":{"0":[0,0],"1":[0,0],"2":[0,0],"3":[0,0],"4":[0,0]}}
,"/home/matheus-cabral/projects/conciencia/apps/backend/src/common/guards/roles.guard.ts": {"path":"/home/matheus-cabral/projects/conciencia/apps/backend/src/common/guards/roles.guard.ts","statementMap":{"0":{"start":{"line":1,"column":0},"end":{"line":1,"column":95}},"1":{"start":{"line":2,"column":0},"end":{"line":2,"column":41}},"2":{"start":{"line":3,"column":0},"end":{"line":3,"column":58}},"3":{"start":{"line":6,"column":7},"end":{"line":24,"column":null}},"4":{"start":{"line":7,"column":31},"end":{"line":7,"column":42}},"5":{"start":{"line":10,"column":18},"end":{"line":13,"column":6}},"6":{"start":{"line":15,"column":4},"end":{"line":15,"column":28}},"7":{"start":{"line":15,"column":16},"end":{"line":15,"column":28}},"8":{"start":{"line":17,"column":21},"end":{"line":17,"column":56}},"9":{"start":{"line":18,"column":4},"end":{"line":20,"column":5}},"10":{"start":{"line":19,"column":6},"end":{"line":19,"column":76}},"11":{"start":{"line":22,"column":4},"end":{"line":22,"column":16}},"12":{"start":{"line":6,"column":13},"end":{"line":6,"column":23}},"13":{"start":{"line":6,"column":13},"end":{"line":24,"column":null}}},"fnMap":{"0":{"name":"(anonymous_2)","decl":{"start":{"line":7,"column":2},"end":{"line":7,"column":31}},"loc":{"start":{"line":7,"column":51},"end":{"line":7,"column":55}}},"1":{"name":"(anonymous_3)","decl":{"start":{"line":9,"column":2},"end":{"line":9,"column":13}},"loc":{"start":{"line":9,"column":39},"end":{"line":23,"column":3}}}},"branchMap":{"0":{"loc":{"start":{"line":15,"column":4},"end":{"line":15,"column":28}},"type":"if","locations":[{"start":{"line":15,"column":4},"end":{"line":15,"column":28}},{"start":{},"end":{}}]},"1":{"loc":{"start":{"line":18,"column":4},"end":{"line":20,"column":5}},"type":"if","locations":[{"start":{"line":18,"column":4},"end":{"line":20,"column":5}},{"start":{},"end":{}}]},"2":{"loc":{"start":{"line":7,"column":42},"end":{"line":7,"column":54}},"type":"cond-expr","locations":[{"start":{"line":7,"column":51},"end":{"line":7,"column":54}},{"start":{"line":7,"column":51},"end":{"line":7,"column":54}}]},"3":{"loc":{"start":{"line":7,"column":42},"end":{"line":7,"column":51}},"type":"binary-expr","locations":[{"start":{"line":7,"column":42},"end":{"line":7,"column":54}},{"start":{"line":7,"column":42},"end":{"line":7,"column":51}}]}},"s":{"0":0,"1":0,"2":0,"3":0,"4":0,"5":0,"6":0,"7":0,"8":0,"9":0,"10":0,"11":0,"12":0,"13":0},"f":{"0":0,"1":0},"b":{"0":[0,0],"1":[0,0],"2":[0,0],"3":[0,0]}}
,"/home/matheus-cabral/projects/conciencia/apps/backend/src/common/interceptors/response.interceptor.ts": {"path":"/home/matheus-cabral/projects/conciencia/apps/backend/src/common/interceptors/response.interceptor.ts","statementMap":{"0":{"start":{"line":1,"column":0},"end":{"line":1,"column":null}},"1":{"start":{"line":8,"column":0},"end":{"line":8,"column":37}},"2":{"start":{"line":17,"column":7},"end":{"line":34,"column":null}},"3":{"start":{"line":24,"column":23},"end":{"line":24,"column":70}},"4":{"start":{"line":26,"column":4},"end":{"line":32,"column":6}},"5":{"start":{"line":27,"column":21},"end":{"line":31,"column":8}},"6":{"start":{"line":17,"column":13},"end":{"line":17,"column":32}},"7":{"start":{"line":17,"column":13},"end":{"line":34,"column":null}}},"fnMap":{"0":{"name":"(anonymous_1)","decl":{"start":{"line":20,"column":2},"end":{"line":20,"column":11}},"loc":{"start":{"line":22,"column":21},"end":{"line":33,"column":3}}},"1":{"name":"(anonymous_2)","decl":{"start":{"line":27,"column":10},"end":{"line":27,"column":11}},"loc":{"start":{"line":27,"column":21},"end":{"line":31,"column":8}}}},"branchMap":{},"s":{"0":0,"1":0,"2":0,"3":0,"4":0,"5":0,"6":0,"7":0},"f":{"0":0,"1":0},"b":{}}
,"/home/matheus-cabral/projects/conciencia/apps/backend/src/common/utils/access-code.ts": {"path":"/home/matheus-cabral/projects/conciencia/apps/backend/src/common/utils/access-code.ts","statementMap":{"0":{"start":{"line":8,"column":0},"end":{"line":8,"column":16}},"1":{"start":{"line":1,"column":0},"end":{"line":1,"column":35}},"2":{"start":{"line":4,"column":26},"end":{"line":4,"column":60}},"3":{"start":{"line":5,"column":27},"end":{"line":5,"column":28}},"4":{"start":{"line":9,"column":13},"end":{"line":9,"column":15}},"5":{"start":{"line":10,"column":2},"end":{"line":12,"column":3}},"6":{"start":{"line":10,"column":15},"end":{"line":10,"column":16}},"7":{"start":{"line":11,"column":4},"end":{"line":11,"column":67}},"8":{"start":{"line":13,"column":2},"end":{"line":13,"column":14}}},"fnMap":{"0":{"name":"generateAccessCode","decl":{"start":{"line":8,"column":16},"end":{"line":8,"column":34}},"loc":{"start":{"line":8,"column":34},"end":{"line":14,"column":1}}}},"branchMap":{},"s":{"0":0,"1":0,"2":0,"3":0,"4":0,"5":0,"6":0,"7":0,"8":0},"f":{"0":0},"b":{}}
,"/home/matheus-cabral/projects/conciencia/apps/backend/src/common/utils/age.ts": {"path":"/home/matheus-cabral/projects/conciencia/apps/backend/src/common/utils/age.ts","statementMap":{"0":{"start":{"line":2,"column":0},"end":{"line":2,"column":16}},"1":{"start":{"line":6,"column":29},"end":{"line":9,"column":null}},"2":{"start":{"line":11,"column":2},"end":{"line":11,"column":40}}},"fnMap":{"0":{"name":"isMinor","decl":{"start":{"line":2,"column":16},"end":{"line":2,"column":23}},"loc":{"start":{"line":4,"column":30},"end":{"line":12,"column":1}}}},"branchMap":{"0":{"loc":{"start":{"line":4,"column":2},"end":{"line":4,"column":30}},"type":"default-arg","locations":[{"start":{"line":4,"column":20},"end":{"line":4,"column":30}}]}},"s":{"0":0,"1":0,"2":0},"f":{"0":0},"b":{"0":[0]}}
,"/home/matheus-cabral/projects/conciencia/apps/backend/src/modules/auth/auth.controller.ts": {"path":"/home/matheus-cabral/projects/conciencia/apps/backend/src/modules/auth/auth.controller.ts","statementMap":{"0":{"start":{"line":1,"column":0},"end":{"line":1,"column":78}},"1":{"start":{"line":2,"column":0},"end":{"line":2,"column":45}},"2":{"start":{"line":3,"column":0},"end":{"line":3,"column":43}},"3":{"start":{"line":4,"column":0},"end":{"line":4,"column":58}},"4":{"start":{"line":5,"column":0},"end":{"line":5,"column":62}},"5":{"start":{"line":6,"column":0},"end":{"line":6,"column":60}},"6":{"start":{"line":7,"column":0},"end":{"line":7,"column":58}},"7":{"start":{"line":8,"column":0},"end":{"line":8,"column":49}},"8":{"start":{"line":9,"column":0},"end":{"line":9,"column":49}},"9":{"start":{"line":10,"column":0},"end":{"line":10,"column":66}},"10":{"start":{"line":13,"column":7},"end":{"line":63,"column":null}},"11":{"start":{"line":14,"column":31},"end":{"line":14,"column":44}},"12":{"start":{"line":20,"column":4},"end":{"line":20,"column":39}},"13":{"start":{"line":27,"column":4},"end":{"line":27,"column":59}},"14":{"start":{"line":34,"column":4},"end":{"line":34,"column":60}},"15":{"start":{"line":41,"column":4},"end":{"line":41,"column":70}},"16":{"start":{"line":48,"column":4},"end":{"line":48,"column":51}},"17":{"start":{"line":54,"column":4},"end":{"line":54,"column":42}},"18":{"start":{"line":61,"column":4},"end":{"line":61,"column":42}},"19":{"start":{"line":13,"column":13},"end":{"line":13,"column":27}},"20":{"start":{"line":19,"column":2},"end":{"line":21,"column":null}},"21":{"start":{"line":26,"column":2},"end":{"line":28,"column":null}},"22":{"start":{"line":33,"column":2},"end":{"line":35,"column":null}},"23":{"start":{"line":40,"column":2},"end":{"line":42,"column":null}},"24":{"start":{"line":47,"column":2},"end":{"line":49,"column":null}},"25":{"start":{"line":53,"column":2},"end":{"line":55,"column":null}},"26":{"start":{"line":60,"column":2},"end":{"line":62,"column":null}},"27":{"start":{"line":13,"column":13},"end":{"line":63,"column":null}}},"fnMap":{"0":{"name":"(anonymous_4)","decl":{"start":{"line":14,"column":2},"end":{"line":14,"column":31}},"loc":{"start":{"line":14,"column":55},"end":{"line":14,"column":59}}},"1":{"name":"(anonymous_5)","decl":{"start":{"line":19,"column":2},"end":{"line":19,"column":7}},"loc":{"start":{"line":19,"column":29},"end":{"line":21,"column":3}}},"2":{"name":"(anonymous_6)","decl":{"start":{"line":26,"column":2},"end":{"line":26,"column":9}},"loc":{"start":{"line":26,"column":38},"end":{"line":28,"column":3}}},"3":{"name":"(anonymous_7)","decl":{"start":{"line":33,"column":2},"end":{"line":33,"column":16}},"loc":{"start":{"line":33,"column":47},"end":{"line":35,"column":3}}},"4":{"name":"(anonymous_8)","decl":{"start":{"line":40,"column":2},"end":{"line":40,"column":15}},"loc":{"start":{"line":40,"column":45},"end":{"line":42,"column":3}}},"5":{"name":"(anonymous_9)","decl":{"start":{"line":47,"column":2},"end":{"line":47,"column":14}},"loc":{"start":{"line":47,"column":43},"end":{"line":49,"column":3}}},"6":{"name":"(anonymous_10)","decl":{"start":{"line":53,"column":2},"end":{"line":53,"column":10}},"loc":{"start":{"line":53,"column":35},"end":{"line":55,"column":3}}},"7":{"name":"(anonymous_11)","decl":{"start":{"line":60,"column":2},"end":{"line":60,"column":10}},"loc":{"start":{"line":60,"column":35},"end":{"line":62,"column":3}}}},"branchMap":{"0":{"loc":{"start":{"line":19,"column":21},"end":{"line":19,"column":null}},"type":"cond-expr","locations":[{"start":{"line":19,"column":29},"end":{"line":19,"column":null}},{"start":{"line":19,"column":29},"end":{"line":19,"column":null}}]},"1":{"loc":{"start":{"line":19,"column":21},"end":{"line":19,"column":29}},"type":"binary-expr","locations":[{"start":{"line":19,"column":21},"end":{"line":19,"column":null}},{"start":{"line":19,"column":21},"end":{"line":19,"column":29}}]},"2":{"loc":{"start":{"line":26,"column":23},"end":{"line":26,"column":null}},"type":"cond-expr","locations":[{"start":{"line":26,"column":38},"end":{"line":26,"column":null}},{"start":{"line":26,"column":38},"end":{"line":26,"column":null}}]},"3":{"loc":{"start":{"line":26,"column":23},"end":{"line":26,"column":38}},"type":"binary-expr","locations":[{"start":{"line":26,"column":23},"end":{"line":26,"column":null}},{"start":{"line":26,"column":23},"end":{"line":26,"column":38}}]},"4":{"loc":{"start":{"line":33,"column":30},"end":{"line":33,"column":null}},"type":"cond-expr","locations":[{"start":{"line":33,"column":47},"end":{"line":33,"column":null}},{"start":{"line":33,"column":47},"end":{"line":33,"column":null}}]},"5":{"loc":{"start":{"line":33,"column":30},"end":{"line":33,"column":47}},"type":"binary-expr","locations":[{"start":{"line":33,"column":30},"end":{"line":33,"column":null}},{"start":{"line":33,"column":30},"end":{"line":33,"column":47}}]},"6":{"loc":{"start":{"line":40,"column":29},"end":{"line":40,"column":null}},"type":"cond-expr","locations":[{"start":{"line":40,"column":45},"end":{"line":40,"column":null}},{"start":{"line":40,"column":45},"end":{"line":40,"column":null}}]},"7":{"loc":{"start":{"line":40,"column":29},"end":{"line":40,"column":45}},"type":"binary-expr","locations":[{"start":{"line":40,"column":29},"end":{"line":40,"column":null}},{"start":{"line":40,"column":29},"end":{"line":40,"column":45}}]},"8":{"loc":{"start":{"line":47,"column":28},"end":{"line":47,"column":null}},"type":"cond-expr","locations":[{"start":{"line":47,"column":43},"end":{"line":47,"column":null}},{"start":{"line":47,"column":43},"end":{"line":47,"column":null}}]},"9":{"loc":{"start":{"line":47,"column":28},"end":{"line":47,"column":43}},"type":"binary-expr","locations":[{"start":{"line":47,"column":28},"end":{"line":47,"column":null}},{"start":{"line":47,"column":28},"end":{"line":47,"column":43}}]},"10":{"loc":{"start":{"line":53,"column":24},"end":{"line":53,"column":null}},"type":"cond-expr","locations":[{"start":{"line":53,"column":35},"end":{"line":53,"column":null}},{"start":{"line":53,"column":35},"end":{"line":53,"column":null}}]},"11":{"loc":{"start":{"line":53,"column":24},"end":{"line":53,"column":35}},"type":"binary-expr","locations":[{"start":{"line":53,"column":24},"end":{"line":53,"column":null}},{"start":{"line":53,"column":24},"end":{"line":53,"column":35}}]},"12":{"loc":{"start":{"line":60,"column":24},"end":{"line":60,"column":null}},"type":"cond-expr","locations":[{"start":{"line":60,"column":35},"end":{"line":60,"column":null}},{"start":{"line":60,"column":35},"end":{"line":60,"column":null}}]},"13":{"loc":{"start":{"line":60,"column":24},"end":{"line":60,"column":35}},"type":"binary-expr","locations":[{"start":{"line":60,"column":24},"end":{"line":60,"column":null}},{"start":{"line":60,"column":24},"end":{"line":60,"column":35}}]},"14":{"loc":{"start":{"line":14,"column":44},"end":{"line":14,"column":58}},"type":"cond-expr","locations":[{"start":{"line":14,"column":55},"end":{"line":14,"column":58}},{"start":{"line":14,"column":55},"end":{"line":14,"column":58}}]},"15":{"loc":{"start":{"line":14,"column":44},"end":{"line":14,"column":55}},"type":"binary-expr","locations":[{"start":{"line":14,"column":44},"end":{"line":14,"column":58}},{"start":{"line":14,"column":44},"end":{"line":14,"column":55}}]}},"s":{"0":0,"1":0,"2":0,"3":0,"4":0,"5":0,"6":0,"7":0,"8":0,"9":0,"10":0,"11":0,"12":0,"13":0,"14":0,"15":0,"16":0,"17":0,"18":0,"19":0,"20":0,"21":0,"22":0,"23":0,"24":0,"25":0,"26":0,"27":0},"f":{"0":0,"1":0,"2":0,"3":0,"4":0,"5":0,"6":0,"7":0},"b":{"0":[0,0],"1":[0,0],"2":[0,0],"3":[0,0],"4":[0,0],"5":[0,0],"6":[0,0],"7":[0,0],"8":[0,0],"9":[0,0],"10":[0,0],"11":[0,0],"12":[0,0],"13":[0,0],"14":[0,0],"15":[0,0]}}
,"/home/matheus-cabral/projects/conciencia/apps/backend/src/modules/auth/auth.module.ts": {"path":"/home/matheus-cabral/projects/conciencia/apps/backend/src/modules/auth/auth.module.ts","statementMap":{"0":{"start":{"line":1,"column":0},"end":{"line":1,"column":40}},"1":{"start":{"line":2,"column":0},"end":{"line":2,"column":40}},"2":{"start":{"line":3,"column":0},"end":{"line":3,"column":50}},"3":{"start":{"line":4,"column":0},"end":{"line":4,"column":45}},"4":{"start":{"line":5,"column":0},"end":{"line":5,"column":51}},"5":{"start":{"line":6,"column":0},"end":{"line":6,"column":56}},"6":{"start":{"line":7,"column":0},"end":{"line":7,"column":60}},"7":{"start":{"line":8,"column":0},"end":{"line":8,"column":52}},"8":{"start":{"line":9,"column":0},"end":{"line":9,"column":58}},"9":{"start":{"line":23,"column":7},"end":{"line":23,"column":null}},"10":{"start":{"line":23,"column":13},"end":{"line":23,"column":23}},"11":{"start":{"line":23,"column":13},"end":{"line":23,"column":null}}},"fnMap":{},"branchMap":{},"s":{"0":0,"1":0,"2":0,"3":0,"4":0,"5":0,"6":0,"7":0,"8":0,"9":0,"10":0,"11":0},"f":{},"b":{}}
,"/home/matheus-cabral/projects/conciencia/apps/backend/src/modules/auth/auth.service.ts": {"path":"/home/matheus-cabral/projects/conciencia/apps/backend/src/modules/auth/auth.service.ts","statementMap":{"0":{"start":{"line":1,"column":0},"end":{"line":1,"column":null}},"1":{"start":{"line":6,"column":0},"end":{"line":6,"column":41}},"2":{"start":{"line":7,"column":0},"end":{"line":7,"column":47}},"3":{"start":{"line":8,"column":0},"end":{"line":8,"column":35}},"4":{"start":{"line":9,"column":0},"end":{"line":9,"column":36}},"5":{"start":{"line":10,"column":0},"end":{"line":10,"column":60}},"6":{"start":{"line":16,"column":0},"end":{"line":16,"column":54}},"7":{"start":{"line":17,"column":0},"end":{"line":17,"column":60}},"8":{"start":{"line":18,"column":0},"end":{"line":18,"column":49}},"9":{"start":{"line":28,"column":7},"end":{"line":261,"column":null}},"10":{"start":{"line":30,"column":21},"end":{"line":30,"column":29}},"11":{"start":{"line":31,"column":21},"end":{"line":31,"column":33}},"12":{"start":{"line":32,"column":21},"end":{"line":32,"column":36}},"13":{"start":{"line":33,"column":21},"end":{"line":33,"column":35}},"14":{"start":{"line":34,"column":21},"end":{"line":34,"column":37}},"15":{"start":{"line":42,"column":32},"end":{"line":46,"column":6}},"16":{"start":{"line":48,"column":24},"end":{"line":51,"column":6}},"17":{"start":{"line":53,"column":25},"end":{"line":56,"column":6}},"18":{"start":{"line":58,"column":4},"end":{"line":58,"column":58}},"19":{"start":{"line":64,"column":17},"end":{"line":66,"column":6}},"20":{"start":{"line":68,"column":4},"end":{"line":72,"column":5}},"21":{"start":{"line":69,"column":6},"end":{"line":71,"column":8}},"22":{"start":{"line":75,"column":4},"end":{"line":79,"column":5}},"23":{"start":{"line":76,"column":6},"end":{"line":78,"column":8}},"24":{"start":{"line":81,"column":26},"end":{"line":81,"column":75}},"25":{"start":{"line":82,"column":4},"end":{"line":86,"column":5}},"26":{"start":{"line":83,"column":6},"end":{"line":85,"column":8}},"27":{"start":{"line":88,"column":4},"end":{"line":88,"column":34}},"28":{"start":{"line":93,"column":24},"end":{"line":100,"column":6}},"29":{"start":{"line":102,"column":4},"end":{"line":109,"column":5}},"30":{"start":{"line":103,"column":6},"end":{"line":108,"column":8}},"31":{"start":{"line":111,"column":17},"end":{"line":126,"column":6}},"32":{"start":{"line":128,"column":4},"end":{"line":137,"column":5}},"33":{"start":{"line":129,"column":27},"end":{"line":129,"column":73}},"34":{"start":{"line":130,"column":6},"end":{"line":136,"column":8}},"35":{"start":{"line":139,"column":4},"end":{"line":139,"column":66}},"36":{"start":{"line":146,"column":17},"end":{"line":152,"column":6}},"37":{"start":{"line":154,"column":4},"end":{"line":154,"column":34}},"38":{"start":{"line":161,"column":17},"end":{"line":163,"column":6}},"39":{"start":{"line":165,"column":4},"end":{"line":167,"column":5}},"40":{"start":{"line":166,"column":6},"end":{"line":166,"column":72}},"41":{"start":{"line":169,"column":22},"end":{"line":169,"column":45}},"42":{"start":{"line":170,"column":27},"end":{"line":170,"column":62}},"43":{"start":{"line":172,"column":22},"end":{"line":181,"column":6}},"44":{"start":{"line":183,"column":4},"end":{"line":183,"column":39}},"45":{"start":{"line":187,"column":4},"end":{"line":206,"column":5}},"46":{"start":{"line":188,"column":22},"end":{"line":190,"column":8}},"47":{"start":{"line":192,"column":37},"end":{"line":196,"column":8}},"48":{"start":{"line":198,"column":26},"end":{"line":201,"column":8}},"49":{"start":{"line":203,"column":6},"end":{"line":203,"column":29}},"50":{"start":{"line":205,"column":6},"end":{"line":205,"column":76}},"51":{"start":{"line":210,"column":17},"end":{"line":210,"column":72}},"52":{"start":{"line":213,"column":4},"end":{"line":215,"column":5}},"53":{"start":{"line":214,"column":6},"end":{"line":214,"column":27}},"54":{"start":{"line":218,"column":4},"end":{"line":221,"column":7}},"55":{"start":{"line":223,"column":18},"end":{"line":223,"column":30}},"56":{"start":{"line":224,"column":22},"end":{"line":224,"column":59}},"57":{"start":{"line":226,"column":4},"end":{"line":232,"column":7}},"58":{"start":{"line":234,"column":4},"end":{"line":234,"column":65}},"59":{"start":{"line":236,"column":4},"end":{"line":236,"column":21}},"60":{"start":{"line":240,"column":19},"end":{"line":242,"column":6}},"61":{"start":{"line":244,"column":4},"end":{"line":246,"column":5}},"62":{"start":{"line":245,"column":6},"end":{"line":245,"column":67}},"63":{"start":{"line":248,"column":19},"end":{"line":248,"column":53}},"64":{"start":{"line":250,"column":4},"end":{"line":259,"column":7}},"65":{"start":{"line":28,"column":13},"end":{"line":28,"column":24}},"66":{"start":{"line":28,"column":13},"end":{"line":261,"column":null}}},"fnMap":{"0":{"name":"(anonymous_11)","decl":{"start":{"line":29,"column":2},"end":{"line":29,"column":null}},"loc":{"start":{"line":34,"column":51},"end":{"line":35,"column":6}}},"1":{"name":"(anonymous_12)","decl":{"start":{"line":37,"column":10},"end":{"line":37,"column":21}},"loc":{"start":{"line":37,"column":43},"end":{"line":59,"column":3}}},"2":{"name":"(anonymous_13)","decl":{"start":{"line":61,"column":2},"end":{"line":61,"column":7}},"loc":{"start":{"line":62,"column":17},"end":{"line":89,"column":3}}},"3":{"name":"(anonymous_14)","decl":{"start":{"line":92,"column":2},"end":{"line":92,"column":7}},"loc":{"start":{"line":92,"column":33},"end":{"line":140,"column":3}}},"4":{"name":"(anonymous_15)","decl":{"start":{"line":143,"column":2},"end":{"line":143,"column":7}},"loc":{"start":{"line":144,"column":20},"end":{"line":155,"column":3}}},"5":{"name":"(anonymous_16)","decl":{"start":{"line":158,"column":2},"end":{"line":158,"column":7}},"loc":{"start":{"line":159,"column":20},"end":{"line":184,"column":3}}},"6":{"name":"(anonymous_17)","decl":{"start":{"line":186,"column":2},"end":{"line":186,"column":7}},"loc":{"start":{"line":186,"column":34},"end":{"line":207,"column":3}}},"7":{"name":"(anonymous_18)","decl":{"start":{"line":209,"column":2},"end":{"line":209,"column":7}},"loc":{"start":{"line":209,"column":42},"end":{"line":237,"column":3}}},"8":{"name":"(anonymous_19)","decl":{"start":{"line":239,"column":2},"end":{"line":239,"column":7}},"loc":{"start":{"line":239,"column":56},"end":{"line":260,"column":3}}}},"branchMap":{"0":{"loc":{"start":{"line":68,"column":4},"end":{"line":72,"column":5}},"type":"if","locations":[{"start":{"line":68,"column":4},"end":{"line":72,"column":5}},{"start":{},"end":{}}]},"1":{"loc":{"start":{"line":75,"column":4},"end":{"line":79,"column":5}},"type":"if","locations":[{"start":{"line":75,"column":4},"end":{"line":79,"column":5}},{"start":{},"end":{}}]},"2":{"loc":{"start":{"line":82,"column":4},"end":{"line":86,"column":5}},"type":"if","locations":[{"start":{"line":82,"column":4},"end":{"line":86,"column":5}},{"start":{},"end":{}}]},"3":{"loc":{"start":{"line":102,"column":4},"end":{"line":109,"column":5}},"type":"if","locations":[{"start":{"line":102,"column":4},"end":{"line":109,"column":5}},{"start":{},"end":{}}]},"4":{"loc":{"start":{"line":128,"column":4},"end":{"line":137,"column":5}},"type":"if","locations":[{"start":{"line":128,"column":4},"end":{"line":137,"column":5}},{"start":{},"end":{}}]},"5":{"loc":{"start":{"line":129,"column":27},"end":{"line":129,"column":73}},"type":"binary-expr","locations":[{"start":{"line":129,"column":27},"end":{"line":129,"column":65}},{"start":{"line":129,"column":69},"end":{"line":129,"column":73}}]},"6":{"loc":{"start":{"line":133,"column":20},"end":{"line":133,"column":53}},"type":"binary-expr","locations":[{"start":{"line":133,"column":20},"end":{"line":133,"column":45}},{"start":{"line":133,"column":49},"end":{"line":133,"column":53}}]},"7":{"loc":{"start":{"line":134,"column":19},"end":{"line":134,"column":45}},"type":"binary-expr","locations":[{"start":{"line":134,"column":19},"end":{"line":134,"column":37}},{"start":{"line":134,"column":41},"end":{"line":134,"column":45}}]},"8":{"loc":{"start":{"line":165,"column":4},"end":{"line":167,"column":5}},"type":"if","locations":[{"start":{"line":165,"column":4},"end":{"line":167,"column":5}},{"start":{},"end":{}}]},"9":{"loc":{"start":{"line":179,"column":12},"end":{"line":179,"column":56}},"type":"binary-expr","locations":[{"start":{"line":179,"column":12},"end":{"line":179,"column":34}},{"start":{"line":179,"column":38},"end":{"line":179,"column":56}}]},"10":{"loc":{"start":{"line":213,"column":4},"end":{"line":215,"column":5}},"type":"if","locations":[{"start":{"line":213,"column":4},"end":{"line":215,"column":5}},{"start":{},"end":{}}]},"11":{"loc":{"start":{"line":244,"column":4},"end":{"line":246,"column":5}},"type":"if","locations":[{"start":{"line":244,"column":4},"end":{"line":246,"column":5}},{"start":{},"end":{}}]},"12":{"loc":{"start":{"line":244,"column":8},"end":{"line":244,"column":64}},"type":"binary-expr","locations":[{"start":{"line":244,"column":8},"end":{"line":244,"column":15}},{"start":{"line":244,"column":19},"end":{"line":244,"column":30}},{"start":{"line":244,"column":34},"end":{"line":244,"column":64}}]},"13":{"loc":{"start":{"line":30,"column":29},"end":{"line":30,"column":null}},"type":"cond-expr","locations":[{"start":{"line":30,"column":42},"end":{"line":30,"column":null}},{"start":{"line":30,"column":42},"end":{"line":30,"column":null}}]},"14":{"loc":{"start":{"line":30,"column":29},"end":{"line":30,"column":42}},"type":"binary-expr","locations":[{"start":{"line":30,"column":29},"end":{"line":30,"column":null}},{"start":{"line":30,"column":29},"end":{"line":30,"column":42}}]},"15":{"loc":{"start":{"line":30,"column":42},"end":{"line":31,"column":null}},"type":"cond-expr","locations":[{"start":{"line":31,"column":43},"end":{"line":31,"column":null}},{"start":{"line":31,"column":43},"end":{"line":31,"column":null}}]},"16":{"loc":{"start":{"line":30,"column":42},"end":{"line":31,"column":43}},"type":"binary-expr","locations":[{"start":{"line":30,"column":42},"end":{"line":31,"column":null}},{"start":{"line":31,"column":33},"end":{"line":31,"column":43}}]},"17":{"loc":{"start":{"line":31,"column":43},"end":{"line":32,"column":null}},"type":"cond-expr","locations":[{"start":{"line":32,"column":49},"end":{"line":32,"column":null}},{"start":{"line":32,"column":49},"end":{"line":32,"column":null}}]},"18":{"loc":{"start":{"line":31,"column":43},"end":{"line":32,"column":49}},"type":"binary-expr","locations":[{"start":{"line":31,"column":43},"end":{"line":32,"column":null}},{"start":{"line":32,"column":36},"end":{"line":32,"column":49}}]},"19":{"loc":{"start":{"line":32,"column":49},"end":{"line":33,"column":null}},"type":"cond-expr","locations":[{"start":{"line":33,"column":47},"end":{"line":33,"column":null}},{"start":{"line":33,"column":47},"end":{"line":33,"column":null}}]},"20":{"loc":{"start":{"line":32,"column":49},"end":{"line":33,"column":47}},"type":"binary-expr","locations":[{"start":{"line":32,"column":49},"end":{"line":33,"column":null}},{"start":{"line":33,"column":35},"end":{"line":33,"column":47}}]},"21":{"loc":{"start":{"line":33,"column":47},"end":{"line":34,"column":null}},"type":"cond-expr","locations":[{"start":{"line":34,"column":51},"end":{"line":34,"column":null}},{"start":{"line":34,"column":51},"end":{"line":34,"column":null}}]},"22":{"loc":{"start":{"line":33,"column":47},"end":{"line":34,"column":51}},"type":"binary-expr","locations":[{"start":{"line":33,"column":47},"end":{"line":34,"column":null}},{"start":{"line":34,"column":37},"end":{"line":34,"column":51}}]}},"s":{"0":0,"1":0,"2":0,"3":0,"4":0,"5":0,"6":0,"7":0,"8":0,"9":0,"10":0,"11":0,"12":0,"13":0,"14":0,"15":0,"16":0,"17":0,"18":0,"19":0,"20":0,"21":0,"22":0,"23":0,"24":0,"25":0,"26":0,"27":0,"28":0,"29":0,"30":0,"31":0,"32":0,"33":0,"34":0,"35":0,"36":0,"37":0,"38":0,"39":0,"40":0,"41":0,"42":0,"43":0,"44":0,"45":0,"46":0,"47":0,"48":0,"49":0,"50":0,"51":0,"52":0,"53":0,"54":0,"55":0,"56":0,"57":0,"58":0,"59":0,"60":0,"61":0,"62":0,"63":0,"64":0,"65":0,"66":0},"f":{"0":0,"1":0,"2":0,"3":0,"4":0,"5":0,"6":0,"7":0,"8":0},"b":{"0":[0,0],"1":[0,0],"2":[0,0],"3":[0,0],"4":[0,0],"5":[0,0],"6":[0,0],"7":[0,0],"8":[0,0],"9":[0,0],"10":[0,0],"11":[0,0],"12":[0,0,0],"13":[0,0],"14":[0,0],"15":[0,0],"16":[0,0],"17":[0,0],"18":[0,0],"19":[0,0],"20":[0,0],"21":[0,0],"22":[0,0]}}
,"/home/matheus-cabral/projects/conciencia/apps/backend/src/modules/auth/dto/activate.dto.ts": {"path":"/home/matheus-cabral/projects/conciencia/apps/backend/src/modules/auth/dto/activate.dto.ts","statementMap":{"0":{"start":{"line":1,"column":0},"end":{"line":1,"column":null}},"1":{"start":{"line":9,"column":0},"end":{"line":9,"column":13}},"2":{"start":{"line":12,"column":2},"end":{"line":12,"column":null}},"3":{"start":{"line":17,"column":2},"end":{"line":17,"column":null}},"4":{"start":{"line":20,"column":2},"end":{"line":20,"column":null}},"5":{"start":{"line":24,"column":2},"end":{"line":24,"column":null}}},"fnMap":{},"branchMap":{},"s":{"0":0,"1":0,"2":0,"3":0,"4":0,"5":0},"f":{},"b":{}}
,"/home/matheus-cabral/projects/conciencia/apps/backend/src/modules/auth/dto/forgot-password.dto.ts": {"path":"/home/matheus-cabral/projects/conciencia/apps/backend/src/modules/auth/dto/forgot-password.dto.ts","statementMap":{"0":{"start":{"line":1,"column":0},"end":{"line":1,"column":42}},"1":{"start":{"line":3,"column":0},"end":{"line":3,"column":13}},"2":{"start":{"line":5,"column":2},"end":{"line":5,"column":null}}},"fnMap":{},"branchMap":{},"s":{"0":0,"1":0,"2":0},"f":{},"b":{}}
,"/home/matheus-cabral/projects/conciencia/apps/backend/src/modules/auth/dto/login.dto.ts": {"path":"/home/matheus-cabral/projects/conciencia/apps/backend/src/modules/auth/dto/login.dto.ts","statementMap":{"0":{"start":{"line":1,"column":0},"end":{"line":1,"column":63}},"1":{"start":{"line":3,"column":0},"end":{"line":3,"column":13}},"2":{"start":{"line":5,"column":2},"end":{"line":5,"column":null}},"3":{"start":{"line":9,"column":2},"end":{"line":9,"column":null}}},"fnMap":{},"branchMap":{},"s":{"0":0,"1":0,"2":0,"3":0},"f":{},"b":{}}
,"/home/matheus-cabral/projects/conciencia/apps/backend/src/modules/auth/dto/refresh-token.dto.ts": {"path":"/home/matheus-cabral/projects/conciencia/apps/backend/src/modules/auth/dto/refresh-token.dto.ts","statementMap":{"0":{"start":{"line":1,"column":0},"end":{"line":1,"column":43}},"1":{"start":{"line":3,"column":0},"end":{"line":3,"column":13}},"2":{"start":{"line":5,"column":2},"end":{"line":5,"column":null}}},"fnMap":{},"branchMap":{},"s":{"0":0,"1":0,"2":0},"f":{},"b":{}}
,"/home/matheus-cabral/projects/conciencia/apps/backend/src/modules/auth/dto/register.dto.ts": {"path":"/home/matheus-cabral/projects/conciencia/apps/backend/src/modules/auth/dto/register.dto.ts","statementMap":{"0":{"start":{"line":1,"column":0},"end":{"line":1,"column":null}},"1":{"start":{"line":9,"column":0},"end":{"line":9,"column":13}},"2":{"start":{"line":12,"column":2},"end":{"line":12,"column":null}},"3":{"start":{"line":16,"column":2},"end":{"line":16,"column":null}},"4":{"start":{"line":19,"column":2},"end":{"line":19,"column":null}},"5":{"start":{"line":22,"column":2},"end":{"line":22,"column":null}},"6":{"start":{"line":26,"column":2},"end":{"line":26,"column":null}}},"fnMap":{},"branchMap":{},"s":{"0":0,"1":0,"2":0,"3":0,"4":0,"5":0,"6":0},"f":{},"b":{}}
,"/home/matheus-cabral/projects/conciencia/apps/backend/src/modules/auth/dto/reset-password.dto.ts": {"path":"/home/matheus-cabral/projects/conciencia/apps/backend/src/modules/auth/dto/reset-password.dto.ts","statementMap":{"0":{"start":{"line":1,"column":0},"end":{"line":1,"column":54}},"1":{"start":{"line":3,"column":0},"end":{"line":3,"column":13}},"2":{"start":{"line":5,"column":2},"end":{"line":5,"column":null}},"3":{"start":{"line":9,"column":2},"end":{"line":9,"column":null}}},"fnMap":{},"branchMap":{},"s":{"0":0,"1":0,"2":0,"3":0},"f":{},"b":{}}
,"/home/matheus-cabral/projects/conciencia/apps/backend/src/modules/auth/dto/validate-code.dto.ts": {"path":"/home/matheus-cabral/projects/conciencia/apps/backend/src/modules/auth/dto/validate-code.dto.ts","statementMap":{"0":{"start":{"line":1,"column":0},"end":{"line":1,"column":55}},"1":{"start":{"line":3,"column":0},"end":{"line":3,"column":13}},"2":{"start":{"line":6,"column":2},"end":{"line":6,"column":null}}},"fnMap":{},"branchMap":{},"s":{"0":0,"1":0,"2":0},"f":{},"b":{}}
,"/home/matheus-cabral/projects/conciencia/apps/backend/src/modules/auth/guards/jwt-auth.guard.ts": {"path":"/home/matheus-cabral/projects/conciencia/apps/backend/src/modules/auth/guards/jwt-auth.guard.ts","statementMap":{"0":{"start":{"line":1,"column":0},"end":{"line":1,"column":62}},"1":{"start":{"line":2,"column":0},"end":{"line":2,"column":41}},"2":{"start":{"line":3,"column":0},"end":{"line":3,"column":45}},"3":{"start":{"line":4,"column":0},"end":{"line":4,"column":76}},"4":{"start":{"line":7,"column":7},"end":{"line":25,"column":null}},"5":{"start":{"line":9,"column":4},"end":{"line":9,"column":12}},"6":{"start":{"line":8,"column":31},"end":{"line":8,"column":42}},"7":{"start":{"line":14,"column":21},"end":{"line":17,"column":6}},"8":{"start":{"line":19,"column":4},"end":{"line":21,"column":5}},"9":{"start":{"line":20,"column":6},"end":{"line":20,"column":18}},"10":{"start":{"line":23,"column":4},"end":{"line":23,"column":38}},"11":{"start":{"line":7,"column":13},"end":{"line":7,"column":25}},"12":{"start":{"line":7,"column":13},"end":{"line":25,"column":null}}},"fnMap":{"0":{"name":"(anonymous_2)","decl":{"start":{"line":8,"column":2},"end":{"line":8,"column":31}},"loc":{"start":{"line":8,"column":51},"end":{"line":10,"column":3}}},"1":{"name":"(anonymous_3)","decl":{"start":{"line":12,"column":2},"end":{"line":12,"column":13}},"loc":{"start":{"line":12,"column":39},"end":{"line":24,"column":3}}}},"branchMap":{"0":{"loc":{"start":{"line":19,"column":4},"end":{"line":21,"column":5}},"type":"if","locations":[{"start":{"line":19,"column":4},"end":{"line":21,"column":5}},{"start":{},"end":{}}]},"1":{"loc":{"start":{"line":8,"column":42},"end":{"line":8,"column":null}},"type":"cond-expr","locations":[{"start":{"line":8,"column":51},"end":{"line":8,"column":null}},{"start":{"line":8,"column":51},"end":{"line":8,"column":null}}]},"2":{"loc":{"start":{"line":8,"column":42},"end":{"line":8,"column":51}},"type":"binary-expr","locations":[{"start":{"line":8,"column":42},"end":{"line":8,"column":null}},{"start":{"line":8,"column":42},"end":{"line":8,"column":51}}]}},"s":{"0":0,"1":0,"2":0,"3":0,"4":0,"5":0,"6":0,"7":0,"8":0,"9":0,"10":0,"11":0,"12":0},"f":{"0":0,"1":0},"b":{"0":[0,0],"1":[0,0],"2":[0,0]}}
,"/home/matheus-cabral/projects/conciencia/apps/backend/src/modules/auth/strategies/jwt.strategy.ts": {"path":"/home/matheus-cabral/projects/conciencia/apps/backend/src/modules/auth/strategies/jwt.strategy.ts","statementMap":{"0":{"start":{"line":1,"column":0},"end":{"line":1,"column":44}},"1":{"start":{"line":2,"column":0},"end":{"line":2,"column":52}},"2":{"start":{"line":3,"column":0},"end":{"line":3,"column":52}},"3":{"start":{"line":4,"column":0},"end":{"line":4,"column":47}},"4":{"start":{"line":8,"column":7},"end":{"line":25,"column":null}},"5":{"start":{"line":10,"column":4},"end":{"line":14,"column":7}},"6":{"start":{"line":9,"column":31},"end":{"line":9,"column":46}},"7":{"start":{"line":19,"column":4},"end":{"line":23,"column":6}},"8":{"start":{"line":8,"column":13},"end":{"line":8,"column":24}},"9":{"start":{"line":8,"column":13},"end":{"line":25,"column":null}}},"fnMap":{"0":{"name":"(anonymous_2)","decl":{"start":{"line":9,"column":2},"end":{"line":9,"column":31}},"loc":{"start":{"line":9,"column":59},"end":{"line":15,"column":3}}},"1":{"name":"(anonymous_3)","decl":{"start":{"line":18,"column":2},"end":{"line":18,"column":7}},"loc":{"start":{"line":18,"column":36},"end":{"line":24,"column":3}}}},"branchMap":{"0":{"loc":{"start":{"line":9,"column":46},"end":{"line":9,"column":null}},"type":"cond-expr","locations":[{"start":{"line":9,"column":59},"end":{"line":9,"column":null}},{"start":{"line":9,"column":59},"end":{"line":9,"column":null}}]},"1":{"loc":{"start":{"line":9,"column":46},"end":{"line":9,"column":59}},"type":"binary-expr","locations":[{"start":{"line":9,"column":46},"end":{"line":9,"column":null}},{"start":{"line":9,"column":46},"end":{"line":9,"column":59}}]}},"s":{"0":0,"1":0,"2":0,"3":0,"4":0,"5":0,"6":0,"7":0,"8":0,"9":0},"f":{"0":0,"1":0},"b":{"0":[0,0],"1":[0,0]}}
,"/home/matheus-cabral/projects/conciencia/apps/backend/src/modules/calendar/calendar.controller.ts": {"path":"/home/matheus-cabral/projects/conciencia/apps/backend/src/modules/calendar/calendar.controller.ts","statementMap":{"0":{"start":{"line":1,"column":0},"end":{"line":1,"column":null}},"1":{"start":{"line":11,"column":0},"end":{"line":11,"column":53}},"2":{"start":{"line":12,"column":0},"end":{"line":12,"column":56}},"3":{"start":{"line":13,"column":0},"end":{"line":13,"column":56}},"4":{"start":{"line":14,"column":0},"end":{"line":14,"column":64}},"5":{"start":{"line":15,"column":0},"end":{"line":15,"column":77}},"6":{"start":{"line":19,"column":7},"end":{"line":66,"column":null}},"7":{"start":{"line":20,"column":31},"end":{"line":20,"column":48}},"8":{"start":{"line":29,"column":4},"end":{"line":29,"column":67}},"9":{"start":{"line":36,"column":4},"end":{"line":36,"column":60}},"10":{"start":{"line":42,"column":4},"end":{"line":42,"column":50}},"11":{"start":{"line":48,"column":4},"end":{"line":48,"column":50}},"12":{"start":{"line":58,"column":4},"end":{"line":58,"column":54}},"13":{"start":{"line":64,"column":4},"end":{"line":64,"column":49}},"14":{"start":{"line":19,"column":13},"end":{"line":19,"column":31}},"15":{"start":{"line":24,"column":2},"end":{"line":30,"column":null}},"16":{"start":{"line":35,"column":2},"end":{"line":37,"column":null}},"17":{"start":{"line":41,"column":2},"end":{"line":43,"column":null}},"18":{"start":{"line":47,"column":2},"end":{"line":49,"column":null}},"19":{"start":{"line":53,"column":2},"end":{"line":59,"column":null}},"20":{"start":{"line":63,"column":2},"end":{"line":65,"column":null}},"21":{"start":{"line":19,"column":13},"end":{"line":66,"column":null}}},"fnMap":{"0":{"name":"(anonymous_4)","decl":{"start":{"line":20,"column":2},"end":{"line":20,"column":31}},"loc":{"start":{"line":20,"column":63},"end":{"line":20,"column":67}}},"1":{"name":"(anonymous_5)","decl":{"start":{"line":24,"column":2},"end":{"line":24,"column":9}},"loc":{"start":{"line":27,"column":28},"end":{"line":30,"column":3}}},"2":{"name":"(anonymous_6)","decl":{"start":{"line":35,"column":2},"end":{"line":35,"column":13}},"loc":{"start":{"line":35,"column":45},"end":{"line":37,"column":3}}},"3":{"name":"(anonymous_7)","decl":{"start":{"line":41,"column":2},"end":{"line":41,"column":9}},"loc":{"start":{"line":41,"column":66},"end":{"line":43,"column":3}}},"4":{"name":"(anonymous_8)","decl":{"start":{"line":47,"column":2},"end":{"line":47,"column":8}},"loc":{"start":{"line":47,"column":69},"end":{"line":49,"column":3}}},"5":{"name":"(anonymous_9)","decl":{"start":{"line":53,"column":2},"end":{"line":53,"column":8}},"loc":{"start":{"line":56,"column":31},"end":{"line":59,"column":3}}},"6":{"name":"(anonymous_10)","decl":{"start":{"line":63,"column":2},"end":{"line":63,"column":8}},"loc":{"start":{"line":63,"column":65},"end":{"line":65,"column":3}}}},"branchMap":{"0":{"loc":{"start":{"line":47,"column":55},"end":{"line":47,"column":null}},"type":"cond-expr","locations":[{"start":{"line":47,"column":69},"end":{"line":47,"column":null}},{"start":{"line":47,"column":69},"end":{"line":47,"column":null}}]},"1":{"loc":{"start":{"line":47,"column":55},"end":{"line":47,"column":69}},"type":"binary-expr","locations":[{"start":{"line":47,"column":55},"end":{"line":47,"column":null}},{"start":{"line":47,"column":55},"end":{"line":47,"column":69}}]},"2":{"loc":{"start":{"line":56,"column":17},"end":{"line":56,"column":null}},"type":"cond-expr","locations":[{"start":{"line":56,"column":31},"end":{"line":56,"column":null}},{"start":{"line":56,"column":31},"end":{"line":56,"column":null}}]},"3":{"loc":{"start":{"line":56,"column":17},"end":{"line":56,"column":31}},"type":"binary-expr","locations":[{"start":{"line":56,"column":17},"end":{"line":56,"column":null}},{"start":{"line":56,"column":17},"end":{"line":56,"column":31}}]},"4":{"loc":{"start":{"line":20,"column":48},"end":{"line":20,"column":66}},"type":"cond-expr","locations":[{"start":{"line":20,"column":63},"end":{"line":20,"column":66}},{"start":{"line":20,"column":63},"end":{"line":20,"column":66}}]},"5":{"loc":{"start":{"line":20,"column":48},"end":{"line":20,"column":63}},"type":"binary-expr","locations":[{"start":{"line":20,"column":48},"end":{"line":20,"column":66}},{"start":{"line":20,"column":48},"end":{"line":20,"column":63}}]}},"s":{"0":0,"1":0,"2":0,"3":0,"4":0,"5":0,"6":0,"7":0,"8":0,"9":0,"10":0,"11":0,"12":0,"13":0,"14":0,"15":0,"16":0,"17":0,"18":0,"19":0,"20":0,"21":0},"f":{"0":0,"1":0,"2":0,"3":0,"4":0,"5":0,"6":0},"b":{"0":[0,0],"1":[0,0],"2":[0,0],"3":[0,0],"4":[0,0],"5":[0,0]}}
,"/home/matheus-cabral/projects/conciencia/apps/backend/src/modules/calendar/calendar.module.ts": {"path":"/home/matheus-cabral/projects/conciencia/apps/backend/src/modules/calendar/calendar.module.ts","statementMap":{"0":{"start":{"line":1,"column":0},"end":{"line":1,"column":40}},"1":{"start":{"line":2,"column":0},"end":{"line":2,"column":59}},"2":{"start":{"line":3,"column":0},"end":{"line":3,"column":53}},"3":{"start":{"line":4,"column":0},"end":{"line":4,"column":60}},"4":{"start":{"line":11,"column":7},"end":{"line":11,"column":null}},"5":{"start":{"line":11,"column":13},"end":{"line":11,"column":27}},"6":{"start":{"line":11,"column":13},"end":{"line":11,"column":null}}},"fnMap":{},"branchMap":{},"s":{"0":0,"1":0,"2":0,"3":0,"4":0,"5":0,"6":0},"f":{},"b":{}}
,"/home/matheus-cabral/projects/conciencia/apps/backend/src/modules/calendar/calendar.service.ts": {"path":"/home/matheus-cabral/projects/conciencia/apps/backend/src/modules/calendar/calendar.service.ts","statementMap":{"0":{"start":{"line":1,"column":0},"end":{"line":1,"column":null}},"1":{"start":{"line":7,"column":0},"end":{"line":7,"column":54}},"2":{"start":{"line":8,"column":0},"end":{"line":8,"column":60}},"3":{"start":{"line":13,"column":22},"end":{"line":15,"column":11}},"4":{"start":{"line":23,"column":7},"end":{"line":304,"column":null}},"5":{"start":{"line":24,"column":31},"end":{"line":24,"column":39}},"6":{"start":{"line":28,"column":18},"end":{"line":28,"column":55}},"7":{"start":{"line":30,"column":23},"end":{"line":30,"column":50}},"8":{"start":{"line":31,"column":4},"end":{"line":31,"column":53}},"9":{"start":{"line":31,"column":20},"end":{"line":31,"column":53}},"10":{"start":{"line":33,"column":4},"end":{"line":37,"column":7}},"11":{"start":{"line":41,"column":18},"end":{"line":44,"column":6}},"12":{"start":{"line":47,"column":4},"end":{"line":49,"column":5}},"13":{"start":{"line":48,"column":6},"end":{"line":48,"column":59}},"14":{"start":{"line":51,"column":4},"end":{"line":51,"column":42}},"15":{"start":{"line":52,"column":4},"end":{"line":52,"column":17}},"16":{"start":{"line":56,"column":21},"end":{"line":56,"column":66}},"17":{"start":{"line":57,"column":21},"end":{"line":57,"column":40}},"18":{"start":{"line":59,"column":4},"end":{"line":63,"column":5}},"19":{"start":{"line":60,"column":6},"end":{"line":62,"column":8}},"20":{"start":{"line":65,"column":4},"end":{"line":65,"column":52}},"21":{"start":{"line":67,"column":4},"end":{"line":82,"column":7}},"22":{"start":{"line":79,"column":60},"end":{"line":79,"column":72}},"23":{"start":{"line":86,"column":18},"end":{"line":89,"column":6}},"24":{"start":{"line":91,"column":4},"end":{"line":93,"column":5}},"25":{"start":{"line":92,"column":6},"end":{"line":92,"column":59}},"26":{"start":{"line":96,"column":4},"end":{"line":98,"column":5}},"27":{"start":{"line":97,"column":6},"end":{"line":97,"column":71}},"28":{"start":{"line":101,"column":6},"end":{"line":103,"column":29}},"29":{"start":{"line":106,"column":4},"end":{"line":117,"column":5}},"30":{"start":{"line":107,"column":6},"end":{"line":111,"column":7}},"31":{"start":{"line":108,"column":8},"end":{"line":110,"column":10}},"32":{"start":{"line":112,"column":6},"end":{"line":112,"column":59}},"33":{"start":{"line":113,"column":6},"end":{"line":116,"column":8}},"34":{"start":{"line":115,"column":49},"end":{"line":115,"column":61}},"35":{"start":{"line":119,"column":4},"end":{"line":135,"column":7}},"36":{"start":{"line":139,"column":18},"end":{"line":139,"column":71}},"37":{"start":{"line":141,"column":4},"end":{"line":143,"column":5}},"38":{"start":{"line":142,"column":6},"end":{"line":142,"column":59}},"39":{"start":{"line":145,"column":4},"end":{"line":147,"column":5}},"40":{"start":{"line":146,"column":6},"end":{"line":146,"column":72}},"41":{"start":{"line":149,"column":4},"end":{"line":149,"column":54}},"42":{"start":{"line":150,"column":4},"end":{"line":150,"column":29}},"43":{"start":{"line":155,"column":19},"end":{"line":159,"column":15}},"44":{"start":{"line":161,"column":4},"end":{"line":168,"column":5}},"45":{"start":{"line":163,"column":6},"end":{"line":167,"column":9}},"46":{"start":{"line":171,"column":21},"end":{"line":171,"column":60}},"47":{"start":{"line":172,"column":4},"end":{"line":176,"column":7}},"48":{"start":{"line":186,"column":4},"end":{"line":186,"column":65}},"49":{"start":{"line":186,"column":37},"end":{"line":186,"column":65}},"50":{"start":{"line":187,"column":4},"end":{"line":187,"column":44}},"51":{"start":{"line":194,"column":41},"end":{"line":196,"column":6}},"52":{"start":{"line":198,"column":4},"end":{"line":200,"column":5}},"53":{"start":{"line":199,"column":6},"end":{"line":199,"column":18}},"54":{"start":{"line":202,"column":4},"end":{"line":214,"column":5}},"55":{"start":{"line":203,"column":23},"end":{"line":203,"column":62}},"56":{"start":{"line":204,"column":6},"end":{"line":213,"column":8}},"57":{"start":{"line":217,"column":21},"end":{"line":217,"column":60}},"58":{"start":{"line":218,"column":4},"end":{"line":222,"column":6}},"59":{"start":{"line":230,"column":4},"end":{"line":232,"column":5}},"60":{"start":{"line":231,"column":6},"end":{"line":231,"column":13}},"61":{"start":{"line":234,"column":26},"end":{"line":234,"column":69}},"62":{"start":{"line":234,"column":57},"end":{"line":234,"column":68}},"63":{"start":{"line":236,"column":4},"end":{"line":241,"column":5}},"64":{"start":{"line":237,"column":6},"end":{"line":237,"column":63}},"65":{"start":{"line":237,"column":56},"end":{"line":237,"column":63}},"66":{"start":{"line":238,"column":23},"end":{"line":238,"column":62}},"67":{"start":{"line":239,"column":6},"end":{"line":239,"column":68}},"68":{"start":{"line":239,"column":37},"end":{"line":239,"column":58}},"69":{"start":{"line":239,"column":61},"end":{"line":239,"column":68}},"70":{"start":{"line":240,"column":6},"end":{"line":240,"column":64}},"71":{"start":{"line":244,"column":4},"end":{"line":246,"column":5}},"72":{"start":{"line":245,"column":6},"end":{"line":245,"column":64}},"73":{"start":{"line":247,"column":21},"end":{"line":247,"column":60}},"74":{"start":{"line":248,"column":4},"end":{"line":248,"column":66}},"75":{"start":{"line":248,"column":35},"end":{"line":248,"column":56}},"76":{"start":{"line":248,"column":59},"end":{"line":248,"column":66}},"77":{"start":{"line":249,"column":4},"end":{"line":249,"column":62}},"78":{"start":{"line":254,"column":4},"end":{"line":254,"column":38}},"79":{"start":{"line":254,"column":31},"end":{"line":254,"column":38}},"80":{"start":{"line":256,"column":4},"end":{"line":265,"column":5}},"81":{"start":{"line":257,"column":22},"end":{"line":257,"column":61}},"82":{"start":{"line":258,"column":22},"end":{"line":258,"column":68}},"83":{"start":{"line":258,"column":46},"end":{"line":258,"column":67}},"84":{"start":{"line":259,"column":6},"end":{"line":263,"column":7}},"85":{"start":{"line":260,"column":8},"end":{"line":262,"column":10}},"86":{"start":{"line":264,"column":6},"end":{"line":264,"column":13}},"87":{"start":{"line":268,"column":18},"end":{"line":274,"column":6}},"88":{"start":{"line":275,"column":4},"end":{"line":277,"column":5}},"89":{"start":{"line":276,"column":6},"end":{"line":276,"column":75}},"90":{"start":{"line":281,"column":20},"end":{"line":284,"column":6}},"91":{"start":{"line":285,"column":4},"end":{"line":285,"column":66}},"92":{"start":{"line":285,"column":47},"end":{"line":285,"column":58}},"93":{"start":{"line":289,"column":20},"end":{"line":292,"column":6}},"94":{"start":{"line":293,"column":4},"end":{"line":293,"column":66}},"95":{"start":{"line":293,"column":47},"end":{"line":293,"column":58}},"96":{"start":{"line":297,"column":4},"end":{"line":297,"column":58}},"97":{"start":{"line":297,"column":46},"end":{"line":297,"column":58}},"98":{"start":{"line":299,"column":43},"end":{"line":299,"column":45}},"99":{"start":{"line":300,"column":4},"end":{"line":300,"column":66}},"100":{"start":{"line":300,"column":18},"end":{"line":300,"column":66}},"101":{"start":{"line":301,"column":4},"end":{"line":301,"column":68}},"102":{"start":{"line":301,"column":20},"end":{"line":301,"column":68}},"103":{"start":{"line":302,"column":4},"end":{"line":302,"column":18}},"104":{"start":{"line":23,"column":13},"end":{"line":23,"column":28}},"105":{"start":{"line":23,"column":13},"end":{"line":304,"column":null}}},"fnMap":{"0":{"name":"(anonymous_2)","decl":{"start":{"line":24,"column":2},"end":{"line":24,"column":31}},"loc":{"start":{"line":24,"column":52},"end":{"line":24,"column":56}}},"1":{"name":"(anonymous_3)","decl":{"start":{"line":27,"column":2},"end":{"line":27,"column":7}},"loc":{"start":{"line":27,"column":58},"end":{"line":38,"column":3}}},"2":{"name":"(anonymous_4)","decl":{"start":{"line":40,"column":2},"end":{"line":40,"column":7}},"loc":{"start":{"line":40,"column":44},"end":{"line":53,"column":3}}},"3":{"name":"(anonymous_5)","decl":{"start":{"line":55,"column":2},"end":{"line":55,"column":7}},"loc":{"start":{"line":55,"column":52},"end":{"line":83,"column":3}}},"4":{"name":"(anonymous_6)","decl":{"start":{"line":79,"column":45},"end":{"line":79,"column":46}},"loc":{"start":{"line":79,"column":60},"end":{"line":79,"column":72}}},"5":{"name":"(anonymous_7)","decl":{"start":{"line":85,"column":2},"end":{"line":85,"column":7}},"loc":{"start":{"line":85,"column":64},"end":{"line":136,"column":3}}},"6":{"name":"(anonymous_8)","decl":{"start":{"line":115,"column":34},"end":{"line":115,"column":35}},"loc":{"start":{"line":115,"column":49},"end":{"line":115,"column":61}}},"7":{"name":"(anonymous_9)","decl":{"start":{"line":138,"column":2},"end":{"line":138,"column":7}},"loc":{"start":{"line":138,"column":43},"end":{"line":151,"column":3}}},"8":{"name":"(anonymous_10)","decl":{"start":{"line":154,"column":2},"end":{"line":154,"column":7}},"loc":{"start":{"line":154,"column":46},"end":{"line":177,"column":3}}},"9":{"name":"(anonymous_11)","decl":{"start":{"line":182,"column":10},"end":{"line":182,"column":25}},"loc":{"start":{"line":184,"column":20},"end":{"line":188,"column":3}}},"10":{"name":"(anonymous_12)","decl":{"start":{"line":191,"column":10},"end":{"line":191,"column":15}},"loc":{"start":{"line":192,"column":20},"end":{"line":223,"column":3}}},"11":{"name":"(anonymous_13)","decl":{"start":{"line":226,"column":10},"end":{"line":226,"column":15}},"loc":{"start":{"line":228,"column":20},"end":{"line":250,"column":3}}},"12":{"name":"(anonymous_14)","decl":{"start":{"line":234,"column":49},"end":{"line":234,"column":50}},"loc":{"start":{"line":234,"column":57},"end":{"line":234,"column":68}}},"13":{"name":"(anonymous_15)","decl":{"start":{"line":239,"column":29},"end":{"line":239,"column":30}},"loc":{"start":{"line":239,"column":37},"end":{"line":239,"column":58}}},"14":{"name":"(anonymous_16)","decl":{"start":{"line":248,"column":27},"end":{"line":248,"column":28}},"loc":{"start":{"line":248,"column":35},"end":{"line":248,"column":56}}},"15":{"name":"(anonymous_17)","decl":{"start":{"line":253,"column":10},"end":{"line":253,"column":15}},"loc":{"start":{"line":253,"column":73},"end":{"line":278,"column":3}}},"16":{"name":"(anonymous_18)","decl":{"start":{"line":258,"column":38},"end":{"line":258,"column":39}},"loc":{"start":{"line":258,"column":46},"end":{"line":258,"column":67}}},"17":{"name":"(anonymous_19)","decl":{"start":{"line":280,"column":10},"end":{"line":280,"column":15}},"loc":{"start":{"line":280,"column":46},"end":{"line":286,"column":3}}},"18":{"name":"(anonymous_20)","decl":{"start":{"line":285,"column":39},"end":{"line":285,"column":40}},"loc":{"start":{"line":285,"column":47},"end":{"line":285,"column":58}}},"19":{"name":"(anonymous_21)","decl":{"start":{"line":288,"column":10},"end":{"line":288,"column":15}},"loc":{"start":{"line":288,"column":46},"end":{"line":294,"column":3}}},"20":{"name":"(anonymous_22)","decl":{"start":{"line":293,"column":39},"end":{"line":293,"column":40}},"loc":{"start":{"line":293,"column":47},"end":{"line":293,"column":58}}},"21":{"name":"(anonymous_23)","decl":{"start":{"line":296,"column":10},"end":{"line":296,"column":25}},"loc":{"start":{"line":296,"column":43},"end":{"line":303,"column":3}}}},"branchMap":{"0":{"loc":{"start":{"line":31,"column":4},"end":{"line":31,"column":53}},"type":"if","locations":[{"start":{"line":31,"column":4},"end":{"line":31,"column":53}},{"start":{},"end":{}}]},"1":{"loc":{"start":{"line":47,"column":4},"end":{"line":49,"column":5}},"type":"if","locations":[{"start":{"line":47,"column":4},"end":{"line":49,"column":5}},{"start":{},"end":{}}]},"2":{"loc":{"start":{"line":47,"column":8},"end":{"line":47,"column":61}},"type":"binary-expr","locations":[{"start":{"line":47,"column":8},"end":{"line":47,"column":14}},{"start":{"line":47,"column":18},"end":{"line":47,"column":61}}]},"3":{"loc":{"start":{"line":57,"column":21},"end":{"line":57,"column":40}},"type":"binary-expr","locations":[{"start":{"line":57,"column":21},"end":{"line":57,"column":34}},{"start":{"line":57,"column":38},"end":{"line":57,"column":40}}]},"4":{"loc":{"start":{"line":59,"column":4},"end":{"line":63,"column":5}},"type":"if","locations":[{"start":{"line":59,"column":4},"end":{"line":63,"column":5}},{"start":{},"end":{}}]},"5":{"loc":{"start":{"line":59,"column":8},"end":{"line":59,"column":66}},"type":"binary-expr","locations":[{"start":{"line":59,"column":8},"end":{"line":59,"column":41}},{"start":{"line":59,"column":45},"end":{"line":59,"column":66}}]},"6":{"loc":{"start":{"line":73,"column":21},"end":{"line":73,"column":44}},"type":"binary-expr","locations":[{"start":{"line":73,"column":21},"end":{"line":73,"column":36}},{"start":{"line":73,"column":40},"end":{"line":73,"column":44}}]},"7":{"loc":{"start":{"line":76,"column":12},"end":{"line":76,"column":64}},"type":"cond-expr","locations":[{"start":{"line":76,"column":29},"end":{"line":76,"column":59}},{"start":{"line":76,"column":62},"end":{"line":76,"column":64}}]},"8":{"loc":{"start":{"line":77,"column":20},"end":{"line":77,"column":42}},"type":"binary-expr","locations":[{"start":{"line":77,"column":20},"end":{"line":77,"column":34}},{"start":{"line":77,"column":38},"end":{"line":77,"column":42}}]},"9":{"loc":{"start":{"line":78,"column":18},"end":{"line":78,"column":38}},"type":"binary-expr","locations":[{"start":{"line":78,"column":18},"end":{"line":78,"column":30}},{"start":{"line":78,"column":34},"end":{"line":78,"column":38}}]},"10":{"loc":{"start":{"line":91,"column":4},"end":{"line":93,"column":5}},"type":"if","locations":[{"start":{"line":91,"column":4},"end":{"line":93,"column":5}},{"start":{},"end":{}}]},"11":{"loc":{"start":{"line":91,"column":8},"end":{"line":91,"column":61}},"type":"binary-expr","locations":[{"start":{"line":91,"column":8},"end":{"line":91,"column":14}},{"start":{"line":91,"column":18},"end":{"line":91,"column":61}}]},"12":{"loc":{"start":{"line":96,"column":4},"end":{"line":98,"column":5}},"type":"if","locations":[{"start":{"line":96,"column":4},"end":{"line":98,"column":5}},{"start":{},"end":{}}]},"13":{"loc":{"start":{"line":96,"column":8},"end":{"line":96,"column":71}},"type":"binary-expr","locations":[{"start":{"line":96,"column":8},"end":{"line":96,"column":35}},{"start":{"line":96,"column":39},"end":{"line":96,"column":71}}]},"14":{"loc":{"start":{"line":101,"column":6},"end":{"line":103,"column":29}},"type":"cond-expr","locations":[{"start":{"line":102,"column":10},"end":{"line":102,"column":55}},{"start":{"line":103,"column":10},"end":{"line":103,"column":29}}]},"15":{"loc":{"start":{"line":106,"column":4},"end":{"line":117,"column":5}},"type":"if","locations":[{"start":{"line":106,"column":4},"end":{"line":117,"column":5}},{"start":{},"end":{}}]},"16":{"loc":{"start":{"line":107,"column":6},"end":{"line":111,"column":7}},"type":"if","locations":[{"start":{"line":107,"column":6},"end":{"line":111,"column":7}},{"start":{},"end":{}}]},"17":{"loc":{"start":{"line":107,"column":10},"end":{"line":107,"column":73}},"type":"binary-expr","locations":[{"start":{"line":107,"column":10},"end":{"line":107,"column":43}},{"start":{"line":107,"column":47},"end":{"line":107,"column":73}}]},"18":{"loc":{"start":{"line":122,"column":12},"end":{"line":122,"column":74}},"type":"binary-expr","locations":[{"start":{"line":122,"column":12},"end":{"line":122,"column":43}},{"start":{"line":122,"column":47},"end":{"line":122,"column":74}}]},"19":{"loc":{"start":{"line":123,"column":12},"end":{"line":123,"column":59}},"type":"binary-expr","locations":[{"start":{"line":123,"column":12},"end":{"line":123,"column":35}},{"start":{"line":123,"column":39},"end":{"line":123,"column":59}}]},"20":{"loc":{"start":{"line":124,"column":12},"end":{"line":124,"column":77}},"type":"binary-expr","locations":[{"start":{"line":124,"column":12},"end":{"line":124,"column":41}},{"start":{"line":124,"column":45},"end":{"line":124,"column":77}}]},"21":{"loc":{"start":{"line":125,"column":12},"end":{"line":127,"column":10}},"type":"binary-expr","locations":[{"start":{"line":125,"column":12},"end":{"line":125,"column":40}},{"start":{"line":125,"column":44},"end":{"line":127,"column":10}}]},"22":{"loc":{"start":{"line":128,"column":12},"end":{"line":128,"column":78}},"type":"binary-expr","locations":[{"start":{"line":128,"column":12},"end":{"line":128,"column":38}},{"start":{"line":128,"column":42},"end":{"line":128,"column":78}}]},"23":{"loc":{"start":{"line":129,"column":12},"end":{"line":129,"column":74}},"type":"binary-expr","locations":[{"start":{"line":129,"column":12},"end":{"line":129,"column":40}},{"start":{"line":129,"column":44},"end":{"line":129,"column":74}}]},"24":{"loc":{"start":{"line":130,"column":12},"end":{"line":130,"column":74}},"type":"binary-expr","locations":[{"start":{"line":130,"column":12},"end":{"line":130,"column":40}},{"start":{"line":130,"column":44},"end":{"line":130,"column":74}}]},"25":{"loc":{"start":{"line":131,"column":12},"end":{"line":131,"column":68}},"type":"binary-expr","locations":[{"start":{"line":131,"column":12},"end":{"line":131,"column":38}},{"start":{"line":131,"column":42},"end":{"line":131,"column":68}}]},"26":{"loc":{"start":{"line":132,"column":12},"end":{"line":132,"column":60}},"type":"cond-expr","locations":[{"start":{"line":132,"column":26},"end":{"line":132,"column":55}},{"start":{"line":132,"column":58},"end":{"line":132,"column":60}}]},"27":{"loc":{"start":{"line":141,"column":4},"end":{"line":143,"column":5}},"type":"if","locations":[{"start":{"line":141,"column":4},"end":{"line":143,"column":5}},{"start":{},"end":{}}]},"28":{"loc":{"start":{"line":141,"column":8},"end":{"line":141,"column":61}},"type":"binary-expr","locations":[{"start":{"line":141,"column":8},"end":{"line":141,"column":14}},{"start":{"line":141,"column":18},"end":{"line":141,"column":61}}]},"29":{"loc":{"start":{"line":145,"column":4},"end":{"line":147,"column":5}},"type":"if","locations":[{"start":{"line":145,"column":4},"end":{"line":147,"column":5}},{"start":{},"end":{}}]},"30":{"loc":{"start":{"line":145,"column":8},"end":{"line":145,"column":71}},"type":"binary-expr","locations":[{"start":{"line":145,"column":8},"end":{"line":145,"column":35}},{"start":{"line":145,"column":39},"end":{"line":145,"column":71}}]},"31":{"loc":{"start":{"line":161,"column":4},"end":{"line":168,"column":5}},"type":"if","locations":[{"start":{"line":161,"column":4},"end":{"line":168,"column":5}},{"start":{},"end":{}}]},"32":{"loc":{"start":{"line":161,"column":8},"end":{"line":161,"column":74}},"type":"binary-expr","locations":[{"start":{"line":161,"column":8},"end":{"line":161,"column":39}},{"start":{"line":161,"column":43},"end":{"line":161,"column":74}}]},"33":{"loc":{"start":{"line":186,"column":4},"end":{"line":186,"column":65}},"type":"if","locations":[{"start":{"line":186,"column":4},"end":{"line":186,"column":65}},{"start":{},"end":{}}]},"34":{"loc":{"start":{"line":187,"column":11},"end":{"line":187,"column":43}},"type":"binary-expr","locations":[{"start":{"line":187,"column":11},"end":{"line":187,"column":19}},{"start":{"line":187,"column":23},"end":{"line":187,"column":43}}]},"35":{"loc":{"start":{"line":198,"column":4},"end":{"line":200,"column":5}},"type":"if","locations":[{"start":{"line":198,"column":4},"end":{"line":200,"column":5}},{"start":{},"end":{}}]},"36":{"loc":{"start":{"line":198,"column":8},"end":{"line":198,"column":74}},"type":"binary-expr","locations":[{"start":{"line":198,"column":8},"end":{"line":198,"column":39}},{"start":{"line":198,"column":43},"end":{"line":198,"column":74}}]},"37":{"loc":{"start":{"line":202,"column":4},"end":{"line":214,"column":5}},"type":"if","locations":[{"start":{"line":202,"column":4},"end":{"line":214,"column":5}},{"start":{},"end":{}}]},"38":{"loc":{"start":{"line":230,"column":4},"end":{"line":232,"column":5}},"type":"if","locations":[{"start":{"line":230,"column":4},"end":{"line":232,"column":5}},{"start":{},"end":{}}]},"39":{"loc":{"start":{"line":230,"column":8},"end":{"line":230,"column":74}},"type":"binary-expr","locations":[{"start":{"line":230,"column":8},"end":{"line":230,"column":39}},{"start":{"line":230,"column":43},"end":{"line":230,"column":74}}]},"40":{"loc":{"start":{"line":236,"column":4},"end":{"line":241,"column":5}},"type":"if","locations":[{"start":{"line":236,"column":4},"end":{"line":241,"column":5}},{"start":{},"end":{}}]},"41":{"loc":{"start":{"line":237,"column":6},"end":{"line":237,"column":63}},"type":"if","locations":[{"start":{"line":237,"column":6},"end":{"line":237,"column":63}},{"start":{},"end":{}}]},"42":{"loc":{"start":{"line":239,"column":6},"end":{"line":239,"column":68}},"type":"if","locations":[{"start":{"line":239,"column":6},"end":{"line":239,"column":68}},{"start":{},"end":{}}]},"43":{"loc":{"start":{"line":244,"column":4},"end":{"line":246,"column":5}},"type":"if","locations":[{"start":{"line":244,"column":4},"end":{"line":246,"column":5}},{"start":{},"end":{}}]},"44":{"loc":{"start":{"line":248,"column":4},"end":{"line":248,"column":66}},"type":"if","locations":[{"start":{"line":248,"column":4},"end":{"line":248,"column":66}},{"start":{},"end":{}}]},"45":{"loc":{"start":{"line":254,"column":4},"end":{"line":254,"column":38}},"type":"if","locations":[{"start":{"line":254,"column":4},"end":{"line":254,"column":38}},{"start":{},"end":{}}]},"46":{"loc":{"start":{"line":256,"column":4},"end":{"line":265,"column":5}},"type":"if","locations":[{"start":{"line":256,"column":4},"end":{"line":265,"column":5}},{"start":{},"end":{}}]},"47":{"loc":{"start":{"line":259,"column":6},"end":{"line":263,"column":7}},"type":"if","locations":[{"start":{"line":259,"column":6},"end":{"line":263,"column":7}},{"start":{},"end":{}}]},"48":{"loc":{"start":{"line":275,"column":4},"end":{"line":277,"column":5}},"type":"if","locations":[{"start":{"line":275,"column":4},"end":{"line":277,"column":5}},{"start":{},"end":{}}]},"49":{"loc":{"start":{"line":285,"column":11},"end":{"line":285,"column":65}},"type":"binary-expr","locations":[{"start":{"line":285,"column":11},"end":{"line":285,"column":59}},{"start":{"line":285,"column":63},"end":{"line":285,"column":65}}]},"50":{"loc":{"start":{"line":293,"column":11},"end":{"line":293,"column":65}},"type":"binary-expr","locations":[{"start":{"line":293,"column":11},"end":{"line":293,"column":59}},{"start":{"line":293,"column":63},"end":{"line":293,"column":65}}]},"51":{"loc":{"start":{"line":297,"column":4},"end":{"line":297,"column":58}},"type":"if","locations":[{"start":{"line":297,"column":4},"end":{"line":297,"column":58}},{"start":{},"end":{}}]},"52":{"loc":{"start":{"line":297,"column":8},"end":{"line":297,"column":44}},"type":"binary-expr","locations":[{"start":{"line":297,"column":8},"end":{"line":297,"column":14}},{"start":{"line":297,"column":19},"end":{"line":297,"column":30}},{"start":{"line":297,"column":34},"end":{"line":297,"column":43}}]},"53":{"loc":{"start":{"line":300,"column":4},"end":{"line":300,"column":66}},"type":"if","locations":[{"start":{"line":300,"column":4},"end":{"line":300,"column":66}},{"start":{},"end":{}}]},"54":{"loc":{"start":{"line":301,"column":4},"end":{"line":301,"column":68}},"type":"if","locations":[{"start":{"line":301,"column":4},"end":{"line":301,"column":68}},{"start":{},"end":{}}]},"55":{"loc":{"start":{"line":24,"column":39},"end":{"line":24,"column":55}},"type":"cond-expr","locations":[{"start":{"line":24,"column":52},"end":{"line":24,"column":55}},{"start":{"line":24,"column":52},"end":{"line":24,"column":55}}]},"56":{"loc":{"start":{"line":24,"column":39},"end":{"line":24,"column":52}},"type":"binary-expr","locations":[{"start":{"line":24,"column":39},"end":{"line":24,"column":55}},{"start":{"line":24,"column":39},"end":{"line":24,"column":52}}]}},"s":{"0":0,"1":0,"2":0,"3":0,"4":0,"5":0,"6":0,"7":0,"8":0,"9":0,"10":0,"11":0,"12":0,"13":0,"14":0,"15":0,"16":0,"17":0,"18":0,"19":0,"20":0,"21":0,"22":0,"23":0,"24":0,"25":0,"26":0,"27":0,"28":0,"29":0,"30":0,"31":0,"32":0,"33":0,"34":0,"35":0,"36":0,"37":0,"38":0,"39":0,"40":0,"41":0,"42":0,"43":0,"44":0,"45":0,"46":0,"47":0,"48":0,"49":0,"50":0,"51":0,"52":0,"53":0,"54":0,"55":0,"56":0,"57":0,"58":0,"59":0,"60":0,"61":0,"62":0,"63":0,"64":0,"65":0,"66":0,"67":0,"68":0,"69":0,"70":0,"71":0,"72":0,"73":0,"74":0,"75":0,"76":0,"77":0,"78":0,"79":0,"80":0,"81":0,"82":0,"83":0,"84":0,"85":0,"86":0,"87":0,"88":0,"89":0,"90":0,"91":0,"92":0,"93":0,"94":0,"95":0,"96":0,"97":0,"98":0,"99":0,"100":0,"101":0,"102":0,"103":0,"104":0,"105":0},"f":{"0":0,"1":0,"2":0,"3":0,"4":0,"5":0,"6":0,"7":0,"8":0,"9":0,"10":0,"11":0,"12":0,"13":0,"14":0,"15":0,"16":0,"17":0,"18":0,"19":0,"20":0,"21":0},"b":{"0":[0,0],"1":[0,0],"2":[0,0],"3":[0,0],"4":[0,0],"5":[0,0],"6":[0,0],"7":[0,0],"8":[0,0],"9":[0,0],"10":[0,0],"11":[0,0],"12":[0,0],"13":[0,0],"14":[0,0],"15":[0,0],"16":[0,0],"17":[0,0],"18":[0,0],"19":[0,0],"20":[0,0],"21":[0,0],"22":[0,0],"23":[0,0],"24":[0,0],"25":[0,0],"26":[0,0],"27":[0,0],"28":[0,0],"29":[0,0],"30":[0,0],"31":[0,0],"32":[0,0],"33":[0,0],"34":[0,0],"35":[0,0],"36":[0,0],"37":[0,0],"38":[0,0],"39":[0,0],"40":[0,0],"41":[0,0],"42":[0,0],"43":[0,0],"44":[0,0],"45":[0,0],"46":[0,0],"47":[0,0],"48":[0,0],"49":[0,0],"50":[0,0],"51":[0,0],"52":[0,0,0],"53":[0,0],"54":[0,0],"55":[0,0],"56":[0,0]}}
,"/home/matheus-cabral/projects/conciencia/apps/backend/src/modules/calendar/dto/create-event.dto.ts": {"path":"/home/matheus-cabral/projects/conciencia/apps/backend/src/modules/calendar/dto/create-event.dto.ts","statementMap":{"0":{"start":{"line":1,"column":0},"end":{"line":1,"column":null}},"1":{"start":{"line":9,"column":0},"end":{"line":9,"column":46}},"2":{"start":{"line":11,"column":0},"end":{"line":11,"column":13}},"3":{"start":{"line":15,"column":2},"end":{"line":15,"column":null}},"4":{"start":{"line":19,"column":2},"end":{"line":19,"column":null}},"5":{"start":{"line":23,"column":2},"end":{"line":23,"column":null}},"6":{"start":{"line":26,"column":2},"end":{"line":26,"column":null}},"7":{"start":{"line":29,"column":2},"end":{"line":29,"column":null}},"8":{"start":{"line":34,"column":2},"end":{"line":34,"column":null}},"9":{"start":{"line":38,"column":2},"end":{"line":38,"column":null}},"10":{"start":{"line":42,"column":2},"end":{"line":42,"column":null}},"11":{"start":{"line":48,"column":2},"end":{"line":48,"column":null}}},"fnMap":{},"branchMap":{"0":{"loc":{"start":{"line":15,"column":18},"end":{"line":15,"column":31}},"type":"cond-expr","locations":[{"start":{"line":15,"column":30},"end":{"line":15,"column":31}},{"start":{"line":15,"column":30},"end":{"line":15,"column":31}}]},"1":{"loc":{"start":{"line":15,"column":18},"end":{"line":15,"column":30}},"type":"binary-expr","locations":[{"start":{"line":15,"column":18},"end":{"line":15,"column":31}},{"start":{"line":15,"column":18},"end":{"line":15,"column":30}}]}},"s":{"0":0,"1":0,"2":0,"3":0,"4":0,"5":0,"6":0,"7":0,"8":0,"9":0,"10":0,"11":0},"f":{},"b":{"0":[0,0],"1":[0,0]}}
[...]
:{"line":458,"column":24},"end":{"line":458,"column":52}},"122":{"start":{"line":463,"column":20},"end":{"line":466,"column":6}},"123":{"start":{"line":468,"column":4},"end":{"line":468,"column":74}},"124":{"start":{"line":468,"column":18},"end":{"line":468,"column":74}},"125":{"start":{"line":469,"column":4},"end":{"line":470,"column":52}},"126":{"start":{"line":470,"column":6},"end":{"line":470,"column":52}},"127":{"start":{"line":472,"column":4},"end":{"line":477,"column":7}},"128":{"start":{"line":473,"column":6},"end":{"line":473,"column":80}},"129":{"start":{"line":474,"column":6},"end":{"line":474,"column":78}},"130":{"start":{"line":475,"column":6},"end":{"line":475,"column":61}},"131":{"start":{"line":476,"column":6},"end":{"line":476,"column":54}},"132":{"start":{"line":479,"column":4},"end":{"line":479,"column":29}},"133":{"start":{"line":16,"column":13},"end":{"line":16,"column":27}},"134":{"start":{"line":16,"column":13},"end":{"line":481,"column":null}}},"fnMap":{"0":{"name":"(anonymous_2)","decl":{"start":{"line":17,"column":2},"end":{"line":17,"column":null}},"loc":{"start":{"line":19,"column":47},"end":{"line":20,"column":6}}},"1":{"name":"(anonymous_3)","decl":{"start":{"line":22,"column":2},"end":{"line":22,"column":7}},"loc":{"start":{"line":22,"column":59},"end":{"line":75,"column":3}}},"2":{"name":"(anonymous_4)","decl":{"start":{"line":32,"column":51},"end":{"line":32,"column":56}},"loc":{"start":{"line":32,"column":64},"end":{"line":72,"column":5}}},"3":{"name":"(anonymous_5)","decl":{"start":{"line":48,"column":35},"end":{"line":48,"column":36}},"loc":{"start":{"line":48,"column":45},"end":{"line":51,"column":12}}},"4":{"name":"(anonymous_6)","decl":{"start":{"line":58,"column":33},"end":{"line":58,"column":34}},"loc":{"start":{"line":58,"column":43},"end":{"line":61,"column":12}}},"5":{"name":"(anonymous_7)","decl":{"start":{"line":77,"column":2},"end":{"line":77,"column":7}},"loc":{"start":{"line":77,"column":50},"end":{"line":127,"column":3}}},"6":{"name":"(anonymous_8)","decl":{"start":{"line":117,"column":24},"end":{"line":117,"column":25}},"loc":{"start":{"line":117,"column":32},"end":{"line":126,"column":6}}},"7":{"name":"(anonymous_9)","decl":{"start":{"line":124,"column":38},"end":{"line":124,"column":39}},"loc":{"start":{"line":124,"column":46},"end":{"line":124,"column":56}}},"8":{"name":"(anonymous_10)","decl":{"start":{"line":125,"column":36},"end":{"line":125,"column":37}},"loc":{"start":{"line":125,"column":44},"end":{"line":125,"column":52}}},"9":{"name":"(anonymous_11)","decl":{"start":{"line":129,"column":2},"end":{"line":129,"column":7}},"loc":{"start":{"line":129,"column":53},"end":{"line":184,"column":3}}},"10":{"name":"(anonymous_12)","decl":{"start":{"line":181,"column":44},"end":{"line":181,"column":45}},"loc":{"start":{"line":181,"column":52},"end":{"line":181,"column":62}}},"11":{"name":"(anonymous_13)","decl":{"start":{"line":182,"column":42},"end":{"line":182,"column":43}},"loc":{"start":{"line":182,"column":50},"end":{"line":182,"column":58}}},"12":{"name":"(anonymous_14)","decl":{"start":{"line":186,"column":2},"end":{"line":186,"column":7}},"loc":{"start":{"line":186,"column":61},"end":{"line":200,"column":3}}},"13":{"name":"(anonymous_15)","decl":{"start":{"line":202,"column":2},"end":{"line":202,"column":7}},"loc":{"start":{"line":202,"column":66},"end":{"line":217,"column":3}}},"14":{"name":"(anonymous_16)","decl":{"start":{"line":219,"column":2},"end":{"line":219,"column":7}},"loc":{"start":{"line":219,"column":75},"end":{"line":268,"column":3}}},"15":{"name":"(anonymous_17)","decl":{"start":{"line":229,"column":35},"end":{"line":229,"column":40}},"loc":{"start":{"line":229,"column":48},"end":{"line":265,"column":5}}},"16":{"name":"(anonymous_18)","decl":{"start":{"line":244,"column":37},"end":{"line":244,"column":38}},"loc":{"start":{"line":244,"column":47},"end":{"line":247,"column":14}}},"17":{"name":"(anonymous_19)","decl":{"start":{"line":257,"column":35},"end":{"line":257,"column":36}},"loc":{"start":{"line":257,"column":45},"end":{"line":260,"column":14}}},"18":{"name":"(anonymous_20)","decl":{"start":{"line":270,"column":10},"end":{"line":270,"column":15}},"loc":{"start":{"line":270,"column":50},"end":{"line":277,"column":3}}},"19":{"name":"(anonymous_21)","decl":{"start":{"line":282,"column":2},"end":{"line":282,"column":7}},"loc":{"start":{"line":282,"column":40},"end":{"line":313,"column":3}}},"20":{"name":"(anonymous_22)","decl":{"start":{"line":289,"column":40},"end":{"line":289,"column":41}},"loc":{"start":{"line":289,"column":48},"end":{"line":289,"column":59}}},"21":{"name":"(anonymous_23)","decl":{"start":{"line":316,"column":2},"end":{"line":316,"column":7}},"loc":{"start":{"line":316,"column":35},"end":{"line":337,"column":3}}},"22":{"name":"(anonymous_24)","decl":{"start":{"line":335,"column":11},"end":{"line":335,"column":12}},"loc":{"start":{"line":335,"column":19},"end":{"line":335,"column":27}}},"23":{"name":"(anonymous_25)","decl":{"start":{"line":336,"column":12},"end":{"line":336,"column":13}},"loc":{"start":{"line":336,"column":22},"end":{"line":336,"column":50}}},"24":{"name":"(anonymous_26)","decl":{"start":{"line":340,"column":10},"end":{"line":340,"column":17}},"loc":{"start":{"line":340,"column":34},"end":{"line":343,"column":3}}},"25":{"name":"(anonymous_27)","decl":{"start":{"line":342,"column":37},"end":{"line":342,"column":38}},"loc":{"start":{"line":342,"column":49},"end":{"line":342,"column":56}}},"26":{"name":"(anonymous_28)","decl":{"start":{"line":346,"column":10},"end":{"line":346,"column":31}},"loc":{"start":{"line":347,"column":55},"end":{"line":360,"column":3}}},"27":{"name":"(anonymous_29)","decl":{"start":{"line":363,"column":10},"end":{"line":363,"column":31}},"loc":{"start":{"line":364,"column":85},"end":{"line":382,"column":3}}},"28":{"name":"(anonymous_30)","decl":{"start":{"line":378,"column":64},"end":{"line":378,"column":65}},"loc":{"start":{"line":378,"column":71},"end":{"line":378,"column":96}}},"29":{"name":"(anonymous_31)","decl":{"start":{"line":387,"column":2},"end":{"line":387,"column":7}},"loc":{"start":{"line":387,"column":54},"end":{"line":460,"column":3}}},"30":{"name":"(anonymous_32)","decl":{"start":{"line":442,"column":36},"end":{"line":442,"column":37}},"loc":{"start":{"line":442,"column":45},"end":{"line":448,"column":8}}},"31":{"name":"(anonymous_33)","decl":{"start":{"line":450,"column":13},"end":{"line":450,"column":14}},"loc":{"start":{"line":450,"column":22},"end":{"line":457,"column":10}}},"32":{"name":"(anonymous_34)","decl":{"start":{"line":458,"column":14},"end":{"line":458,"column":15}},"loc":{"start":{"line":458,"column":24},"end":{"line":458,"column":52}}},"33":{"name":"(anonymous_35)","decl":{"start":{"line":462,"column":2},"end":{"line":462,"column":7}},"loc":{"start":{"line":462,"column":52},"end":{"line":480,"column":3}}},"34":{"name":"(anonymous_36)","decl":{"start":{"line":472,"column":35},"end":{"line":472,"column":40}},"loc":{"start":{"line":472,"column":48},"end":{"line":477,"column":5}}}},"branchMap":{"0":{"loc":{"start":{"line":26,"column":4},"end":{"line":27,"column":74}},"type":"if","locations":[{"start":{"line":26,"column":4},"end":{"line":27,"column":74}},{"start":{},"end":{}}]},"1":{"loc":{"start":{"line":38,"column":17},"end":{"line":38,"column":34}},"type":"binary-expr","locations":[{"start":{"line":38,"column":17},"end":{"line":38,"column":26}},{"start":{"line":38,"column":30},"end":{"line":38,"column":34}}]},"2":{"loc":{"start":{"line":46,"column":6},"end":{"line":54,"column":7}},"type":"if","locations":[{"start":{"line":46,"column":6},"end":{"line":54,"column":7}},{"start":{},"end":{}}]},"3":{"loc":{"start":{"line":56,"column":6},"end":{"line":64,"column":7}},"type":"if","locations":[{"start":{"line":56,"column":6},"end":{"line":64,"column":7}},{"start":{},"end":{}}]},"4":{"loc":{"start":{"line":169,"column":4},"end":{"line":169,"column":74}},"type":"if","locations":[{"start":{"line":169,"column":4},"end":{"line":169,"column":74}},{"start":{},"end":{}}]},"5":{"loc":{"start":{"line":170,"column":4},"end":{"line":171,"column":52}},"type":"if","locations":[{"start":{"line":170,"column":4},"end":{"line":171,"column":52}},{"start":{},"end":{}}]},"6":{"loc":{"start":{"line":188,"column":4},"end":{"line":192,"column":5}},"type":"if","locations":[{"start":{"line":188,"column":4},"end":{"line":192,"column":5}},{"start":{},"end":{}}]},"7":{"loc":{"start":{"line":204,"column":4},"end":{"line":208,"column":5}},"type":"if","locations":[{"start":{"line":204,"column":4},"end":{"line":208,"column":5}},{"start":{},"end":{}}]},"8":{"loc":{"start":{"line":225,"column":4},"end":{"line":225,"column":74}},"type":"if","locations":[{"start":{"line":225,"column":4},"end":{"line":225,"column":74}},{"start":{},"end":{}}]},"9":{"loc":{"start":{"line":226,"column":4},"end":{"line":227,"column":52}},"type":"if","locations":[{"start":{"line":226,"column":4},"end":{"line":227,"column":52}},{"start":{},"end":{}}]},"10":{"loc":{"start":{"line":233,"column":14},"end":{"line":233,"column":58}},"type":"binary-expr","locations":[{"start":{"line":233,"column":14},"end":{"line":233,"column":36}},{"start":{"line":233,"column":40},"end":{"line":233,"column":58}}]},"11":{"loc":{"start":{"line":234,"column":14},"end":{"line":234,"column":61}},"type":"binary-expr","locations":[{"start":{"line":234,"column":14},"end":{"line":234,"column":37}},{"start":{"line":234,"column":41},"end":{"line":234,"column":61}}]},"12":{"loc":{"start":{"line":238,"column":6},"end":{"line":251,"column":7}},"type":"if","locations":[{"start":{"line":238,"column":6},"end":{"line":251,"column":7}},{"start":{},"end":{}}]},"13":{"loc":{"start":{"line":242,"column":8},"end":{"line":250,"column":9}},"type":"if","locations":[{"start":{"line":242,"column":8},"end":{"line":250,"column":9}},{"start":{},"end":{}}]},"14":{"loc":{"start":{"line":253,"column":6},"end":{"line":264,"column":7}},"type":"if","locations":[{"start":{"line":253,"column":6},"end":{"line":264,"column":7}},{"start":{},"end":{}}]},"15":{"loc":{"start":{"line":255,"column":8},"end":{"line":263,"column":9}},"type":"if","locations":[{"start":{"line":255,"column":8},"end":{"line":263,"column":9}},{"start":{},"end":{}}]},"16":{"loc":{"start":{"line":275,"column":4},"end":{"line":275,"column":74}},"type":"if","locations":[{"start":{"line":275,"column":4},"end":{"line":275,"column":74}},{"start":{},"end":{}}]},"17":{"loc":{"start":{"line":292,"column":6},"end":{"line":298,"column":29}},"type":"cond-expr","locations":[{"start":{"line":293,"column":10},"end":{"line":297,"column":12}},{"start":{"line":298,"column":10},"end":{"line":298,"column":29}}]},"18":{"loc":{"start":{"line":341,"column":4},"end":{"line":341,"column":41}},"type":"if","locations":[{"start":{"line":341,"column":4},"end":{"line":341,"column":41}},{"start":{},"end":{}}]},"19":{"loc":{"start":{"line":351,"column":21},"end":{"line":351,"column":60}},"type":"binary-expr","locations":[{"start":{"line":351,"column":21},"end":{"line":351,"column":54}},{"start":{"line":351,"column":58},"end":{"line":351,"column":60}}]},"20":{"loc":{"start":{"line":369,"column":30},"end":{"line":369,"column":83}},"type":"binary-expr","locations":[{"start":{"line":369,"column":30},"end":{"line":369,"column":70}},{"start":{"line":369,"column":74},"end":{"line":369,"column":83}}]},"21":{"loc":{"start":{"line":370,"column":21},"end":{"line":370,"column":60}},"type":"binary-expr","locations":[{"start":{"line":370,"column":21},"end":{"line":370,"column":54}},{"start":{"line":370,"column":58},"end":{"line":370,"column":60}}]},"22":{"loc":{"start":{"line":393,"column":4},"end":{"line":394,"column":85}},"type":"if","locations":[{"start":{"line":393,"column":4},"end":{"line":394,"column":85}},{"start":{},"end":{}}]},"23":{"loc":{"start":{"line":407,"column":4},"end":{"line":407,"column":68}},"type":"if","locations":[{"start":{"line":407,"column":4},"end":{"line":407,"column":68}},{"start":{},"end":{}}]},"24":{"loc":{"start":{"line":446,"column":22},"end":{"line":446,"column":70}},"type":"binary-expr","locations":[{"start":{"line":446,"column":22},"end":{"line":446,"column":62}},{"start":{"line":446,"column":66},"end":{"line":446,"column":70}}]},"25":{"loc":{"start":{"line":454,"column":24},"end":{"line":454,"column":72}},"type":"binary-expr","locations":[{"start":{"line":454,"column":24},"end":{"line":454,"column":64}},{"start":{"line":454,"column":68},"end":{"line":454,"column":72}}]},"26":{"loc":{"start":{"line":468,"column":4},"end":{"line":468,"column":74}},"type":"if","locations":[{"start":{"line":468,"column":4},"end":{"line":468,"column":74}},{"start":{},"end":{}}]},"27":{"loc":{"start":{"line":469,"column":4},"end":{"line":470,"column":52}},"type":"if","locations":[{"start":{"line":469,"column":4},"end":{"line":470,"column":52}},{"start":{},"end":{}}]},"28":{"loc":{"start":{"line":18,"column":29},"end":{"line":18,"column":null}},"type":"cond-expr","locations":[{"start":{"line":18,"column":42},"end":{"line":18,"column":null}},{"start":{"line":18,"column":42},"end":{"line":18,"column":null}}]},"29":{"loc":{"start":{"line":18,"column":29},"end":{"line":18,"column":42}},"type":"binary-expr","locations":[{"start":{"line":18,"column":29},"end":{"line":18,"column":null}},{"start":{"line":18,"column":29},"end":{"line":18,"column":42}}]},"30":{"loc":{"start":{"line":18,"column":42},"end":{"line":19,"column":null}},"type":"cond-expr","locations":[{"start":{"line":19,"column":47},"end":{"line":19,"column":null}},{"start":{"line":19,"column":47},"end":{"line":19,"column":null}}]},"31":{"loc":{"start":{"line":18,"column":42},"end":{"line":19,"column":47}},"type":"binary-expr","locations":[{"start":{"line":18,"column":42},"end":{"line":19,"column":null}},{"start":{"line":19,"column":35},"end":{"line":19,"column":47}}]}},"s":{"0":0,"1":0,"2":0,"3":0,"4":0,"5":0,"6":0,"7":0,"8":0,"9":0,"10":0,"11":0,"12":0,"13":0,"14":0,"15":0,"16":0,"17":0,"18":0,"19":0,"20":0,"21":0,"22":0,"23":0,"24":0,"25":0,"26":0,"27":0,"28":0,"29":0,"30":0,"31":0,"32":0,"33":0,"34":0,"35":0,"36":0,"37":0,"38":0,"39":0,"40":0,"41":0,"42":0,"43":0,"44":0,"45":0,"46":0,"47":0,"48":0,"49":0,"50":0,"51":0,"52":0,"53":0,"54":0,"55":0,"56":0,"57":0,"58":0,"59":0,"60":0,"61":0,"62":0,"63":0,"64":0,"65":0,"66":0,"67":0,"68":0,"69":0,"70":0,"71":0,"72":0,"73":0,"74":0,"75":0,"76":0,"77":0,"78":0,"79":0,"80":0,"81":0,"82":0,"83":0,"84":0,"85":0,"86":0,"87":0,"88":0,"89":0,"90":0,"91":0,"92":0,"93":0,"94":0,"95":0,"96":0,"97":0,"98":0,"99":0,"100":0,"101":0,"102":0,"103":0,"104":0,"105":0,"106":0,"107":0,"108":0,"109":0,"110":0,"111":0,"112":0,"113":0,"114":0,"115":0,"116":0,"117":0,"118":0,"119":0,"120":0,"121":0,"122":0,"123":0,"124":0,"125":0,"126":0,"127":0,"128":0,"129":0,"130":0,"131":0,"132":0,"133":0,"134":0},"f":{"0":0,"1":0,"2":0,"3":0,"4":0,"5":0,"6":0,"7":0,"8":0,"9":0,"10":0,"11":0,"12":0,"13":0,"14":0,"15":0,"16":0,"17":0,"18":0,"19":0,"20":0,"21":0,"22":0,"23":0,"24":0,"25":0,"26":0,"27":0,"28":0,"29":0,"30":0,"31":0,"32":0,"33":0,"34":0},"b":{"0":[0,0],"1":[0,0],"2":[0,0],"3":[0,0],"4":[0,0],"5":[0,0],"6":[0,0],"7":[0,0],"8":[0,0],"9":[0,0],"10":[0,0],"11":[0,0],"12":[0,0],"13":[0,0],"14":[0,0],"15":[0,0],"16":[0,0],"17":[0,0],"18":[0,0],"19":[0,0],"20":[0,0],"21":[0,0],"22":[0,0],"23":[0,0],"24":[0,0],"25":[0,0],"26":[0,0],"27":[0,0],"28":[0,0],"29":[0,0],"30":[0,0],"31":[0,0]}}
,"/home/matheus-cabral/projects/conciencia/apps/backend/src/modules/teacher/dto/create-teacher.dto.ts": {"path":"/home/matheus-cabral/projects/conciencia/apps/backend/src/modules/teacher/dto/create-teacher.dto.ts","statementMap":{"0":{"start":{"line":1,"column":0},"end":{"line":1,"column":null}},"1":{"start":{"line":10,"column":0},"end":{"line":10,"column":13}},"2":{"start":{"line":13,"column":2},"end":{"line":13,"column":null}},"3":{"start":{"line":16,"column":2},"end":{"line":16,"column":null}},"4":{"start":{"line":20,"column":2},"end":{"line":20,"column":null}},"5":{"start":{"line":25,"column":2},"end":{"line":25,"column":null}},"6":{"start":{"line":30,"column":2},"end":{"line":30,"column":null}}},"fnMap":{},"branchMap":{},"s":{"0":0,"1":0,"2":0,"3":0,"4":0,"5":0,"6":0},"f":{},"b":{}}
,"/home/matheus-cabral/projects/conciencia/apps/backend/src/modules/teacher/dto/update-teacher.dto.ts": {"path":"/home/matheus-cabral/projects/conciencia/apps/backend/src/modules/teacher/dto/update-teacher.dto.ts","statementMap":{"0":{"start":{"line":1,"column":0},"end":{"line":1,"column":64}},"1":{"start":{"line":3,"column":0},"end":{"line":3,"column":13}},"2":{"start":{"line":6,"column":2},"end":{"line":6,"column":null}},"3":{"start":{"line":10,"column":2},"end":{"line":10,"column":null}},"4":{"start":{"line":15,"column":2},"end":{"line":15,"column":null}},"5":{"start":{"line":20,"column":2},"end":{"line":20,"column":null}}},"fnMap":{},"branchMap":{},"s":{"0":0,"1":0,"2":0,"3":0,"4":0,"5":0},"f":{},"b":{}}
,"/home/matheus-cabral/projects/conciencia/apps/backend/src/prisma/prisma-mock.ts": {"path":"/home/matheus-cabral/projects/conciencia/apps/backend/src/prisma/prisma-mock.ts","statementMap":{"0":{"start":{"line":2,"column":0},"end":{"line":2,"column":61}},"1":{"start":{"line":5,"column":32},"end":{"line":6,"column":26}},"2":{"start":{"line":6,"column":2},"end":{"line":6,"column":26}},"3":{"start":{"line":5,"column":13},"end":{"line":5,"column":32}}},"fnMap":{"0":{"name":"(anonymous_0)","decl":{"start":{"line":5,"column":32},"end":{"line":5,"column":64}},"loc":{"start":{"line":6,"column":2},"end":{"line":6,"column":26}}}},"branchMap":{},"s":{"0":1,"1":1,"2":32,"3":1},"f":{"0":32},"b":{}}
,"/home/matheus-cabral/projects/conciencia/apps/backend/src/prisma/prisma.service.ts": {"path":"/home/matheus-cabral/projects/conciencia/apps/backend/src/prisma/prisma.service.ts","statementMap":{"0":{"start":{"line":1,"column":0},"end":{"line":1,"column":75}},"1":{"start":{"line":2,"column":0},"end":{"line":2,"column":47}},"2":{"start":{"line":3,"column":0},"end":{"line":3,"column":46}},"3":{"start":{"line":4,"column":0},"end":{"line":4,"column":46}},"4":{"start":{"line":5,"column":0},"end":{"line":5,"column":26}},"5":{"start":{"line":8,"column":7},"end":{"line":26,"column":null}},"6":{"start":{"line":13,"column":29},"end":{"line":13,"column":70}},"7":{"start":{"line":14,"column":17},"end":{"line":14,"column":47}},"8":{"start":{"line":15,"column":20},"end":{"line":15,"column":38}},"9":{"start":{"line":16,"column":4},"end":{"line":16,"column":23}},"10":{"start":{"line":12,"column":31},"end":{"line":12,"column":46}},"11":{"start":{"line":20,"column":4},"end":{"line":20,"column":26}},"12":{"start":{"line":24,"column":4},"end":{"line":24,"column":29}},"13":{"start":{"line":8,"column":13},"end":{"line":8,"column":26}},"14":{"start":{"line":8,"column":13},"end":{"line":26,"column":null}}},"fnMap":{"0":{"name":"(anonymous_2)","decl":{"start":{"line":12,"column":2},"end":{"line":12,"column":31}},"loc":{"start":{"line":12,"column":59},"end":{"line":17,"column":3}}},"1":{"name":"(anonymous_3)","decl":{"start":{"line":19,"column":2},"end":{"line":19,"column":7}},"loc":{"start":{"line":19,"column":20},"end":{"line":21,"column":3}}},"2":{"name":"(anonymous_4)","decl":{"start":{"line":23,"column":2},"end":{"line":23,"column":7}},"loc":{"start":{"line":23,"column":23},"end":{"line":25,"column":3}}}},"branchMap":{"0":{"loc":{"start":{"line":12,"column":46},"end":{"line":12,"column":null}},"type":"cond-expr","locations":[{"start":{"line":12,"column":59},"end":{"line":12,"column":null}},{"start":{"line":12,"column":59},"end":{"line":12,"column":null}}]},"1":{"loc":{"start":{"line":12,"column":46},"end":{"line":12,"column":59}},"type":"binary-expr","locations":[{"start":{"line":12,"column":46},"end":{"line":12,"column":null}},{"start":{"line":12,"column":46},"end":{"line":12,"column":59}}]}},"s":{"0":1,"1":1,"2":1,"3":1,"4":1,"5":1,"6":0,"7":0,"8":0,"9":0,"10":0,"11":0,"12":0,"13":1,"14":1},"f":{"0":0,"1":0,"2":0},"b":{"0":[1,0],"1":[1,1]}}
}
