TN:
SF:src/app.controller.ts
FN:6,(anonymous_2)
FN:9,(anonymous_3)
FNF:2
FNH:0
FNDA:0,(anonymous_2)
FNDA:0,(anonymous_3)
DA:1,0
DA:2,0
DA:5,0
DA:6,0
DA:9,0
DA:10,0
LF:6
LH:0
BRDA:6,0,0,0
BRDA:6,0,1,0
BRDA:6,1,0,0
BRDA:6,1,1,0
BRF:4
BRH:0
end_of_record
TN:
SF:src/app.module.ts
FNF:0
FNH:0
DA:1,0
DA:2,0
DA:3,0
DA:4,0
DA:5,0
DA:6,0
DA:7,0
DA:8,0
DA:9,0
DA:10,0
DA:11,0
DA:12,0
DA:13,0
DA:14,0
DA:15,0
DA:16,0
DA:17,0
DA:18,0
DA:19,0
DA:20,0
DA:46,0
LF:21
LH:0
BRF:0
BRH:0
end_of_record
TN:
SF:src/app.service.ts
FN:5,(anonymous_1)
FNF:1
FNH:0
FNDA:0,(anonymous_1)
DA:1,0
DA:4,0
DA:6,0
LF:3
LH:0
BRF:0
BRH:0
end_of_record
TN:
SF:src/main.ts
FN:9,bootstrap
FNF:1
FNH:0
FNDA:0,bootstrap
DA:1,0
DA:3,0
DA:4,0
DA:5,0
DA:6,0
DA:7,0
DA:10,0
DA:12,0
DA:13,0
DA:14,0
DA:17,0
DA:23,0
DA:31,0
DA:33,0
DA:35,0
DA:37,0
LF:16
LH:0
BRDA:18,0,0,0
BRDA:18,0,1,0
BRDA:33,1,0,0
BRDA:33,1,1,0
BRDA:33,1,2,0
BRF:5
BRH:0
end_of_record
TN:
SF:src/common/decorators/current-user.decorator.ts
FN:12,(anonymous_0)
FNF:1
FNH:0
FNDA:0,(anonymous_0)
DA:1,0
DA:11,0
DA:13,0
DA:14,0
LF:4
LH:0
BRF:0
BRH:0
end_of_record
TN:
SF:src/common/decorators/public.decorator.ts
FN:6,(anonymous_0)
FNF:1
FNH:0
FNDA:0,(anonymous_0)
DA:1,0
DA:3,0
DA:6,0
LF:3
LH:0
BRF:0
BRH:0
end_of_record
TN:
SF:src/common/decorators/roles.decorator.ts
FN:4,(anonymous_0)
FNF:1
FNH:0
FNDA:0,(anonymous_0)
DA:1,0
DA:3,0
DA:4,0
LF:3
LH:0
BRF:0
BRH:0
end_of_record
TN:
SF:src/common/filters/exception.filter.ts
FN:15,(anonymous_1)
FNF:1
FNH:0
FNDA:0,(anonymous_1)
DA:1,0
DA:12,0
DA:13,0
DA:16,0
DA:17,0
DA:18,0
DA:20,0
DA:21,0
DA:23,0
DA:24,0
DA:25,0
DA:26,0
DA:32,0
DA:33,0
DA:35,0
DA:36,0
DA:39,0
LF:17
LH:0
BRDA:23,0,0,0
BRDA:23,0,1,0
BRDA:27,1,0,0
BRDA:27,1,1,0
BRDA:29,2,0,0
BRDA:29,2,1,0
BRDA:32,3,0,0
BRDA:32,3,1,0
BRDA:35,4,0,0
BRDA:35,4,1,0
BRF:10
BRH:0
end_of_record
TN:
SF:src/common/guards/roles.guard.ts
FN:7,(anonymous_2)
FN:9,(anonymous_3)
FNF:2
FNH:0
FNDA:0,(anonymous_2)
FNDA:0,(anonymous_3)
DA:1,0
DA:2,0
DA:3,0
DA:6,0
DA:7,0
DA:10,0
DA:15,0
DA:17,0
DA:18,0
DA:19,0
DA:22,0
LF:11
LH:0
BRDA:15,0,0,0
BRDA:15,0,1,0
BRDA:18,1,0,0
BRDA:18,1,1,0
BRDA:7,2,0,0
BRDA:7,2,1,0
BRDA:7,3,0,0
BRDA:7,3,1,0
BRF:8
BRH:0
end_of_record
TN:
SF:src/common/interceptors/response.interceptor.ts
FN:20,(anonymous_1)
FN:27,(anonymous_2)
FNF:2
FNH:0
FNDA:0,(anonymous_1)
FNDA:0,(anonymous_2)
DA:1,0
DA:8,0
DA:17,0
DA:24,0
DA:26,0
DA:27,0
LF:6
LH:0
BRF:0
BRH:0
end_of_record
TN:
SF:src/common/utils/access-code.ts
FN:8,generateAccessCode
FNF:1
FNH:0
FNDA:0,generateAccessCode
DA:1,0
DA:4,0
DA:5,0
DA:8,0
DA:9,0
DA:10,0
DA:11,0
DA:13,0
LF:8
LH:0
BRF:0
BRH:0
end_of_record
TN:
SF:src/common/utils/age.ts
FN:2,isMinor
FNF:1
FNH:0
FNDA:0,isMinor
DA:2,0
DA:6,0
DA:11,0
LF:3
LH:0
BRDA:4,0,0,0
BRF:1
BRH:0
end_of_record
TN:
SF:src/modules/auth/auth.controller.ts
FN:14,(anonymous_4)
FN:19,(anonymous_5)
FN:26,(anonymous_6)
FN:33,(anonymous_7)
FN:40,(anonymous_8)
FN:47,(anonymous_9)
FN:53,(anonymous_10)
FN:60,(anonymous_11)
FNF:8
FNH:0
FNDA:0,(anonymous_4)
FNDA:0,(anonymous_5)
FNDA:0,(anonymous_6)
FNDA:0,(anonymous_7)
FNDA:0,(anonymous_8)
FNDA:0,(anonymous_9)
FNDA:0,(anonymous_10)
FNDA:0,(anonymous_11)
DA:1,0
DA:2,0
DA:3,0
DA:4,0
DA:5,0
DA:6,0
DA:7,0
DA:8,0
DA:9,0
DA:10,0
DA:13,0
DA:14,0
DA:19,0
DA:20,0
DA:26,0
DA:27,0
DA:33,0
DA:34,0
DA:40,0
DA:41,0
DA:47,0
DA:48,0
DA:53,0
DA:54,0
DA:60,0
DA:61,0
LF:26
LH:0
BRDA:19,0,0,0
BRDA:19,0,1,0
BRDA:19,1,0,0
BRDA:19,1,1,0
BRDA:26,2,0,0
BRDA:26,2,1,0
BRDA:26,3,0,0
BRDA:26,3,1,0
BRDA:33,4,0,0
BRDA:33,4,1,0
BRDA:33,5,0,0
BRDA:33,5,1,0
BRDA:40,6,0,0
BRDA:40,6,1,0
BRDA:40,7,0,0
BRDA:40,7,1,0
BRDA:47,8,0,0
BRDA:47,8,1,0
BRDA:47,9,0,0
BRDA:47,9,1,0
BRDA:53,10,0,0
BRDA:53,10,1,0
BRDA:53,11,0,0
BRDA:53,11,1,0
BRDA:60,12,0,0
BRDA:60,12,1,0
BRDA:60,13,0,0
BRDA:60,13,1,0
BRDA:14,14,0,0
BRDA:14,14,1,0
BRDA:14,15,0,0
BRDA:14,15,1,0
BRF:32
BRH:0
end_of_record
TN:
SF:src/modules/auth/auth.module.ts
FNF:0
FNH:0
DA:1,0
DA:2,0
DA:3,0
DA:4,0
DA:5,0
DA:6,0
DA:7,0
DA:8,0
DA:9,0
DA:23,0
LF:10
LH:0
BRF:0
BRH:0
end_of_record
TN:
SF:src/modules/auth/auth.service.ts
FN:29,(anonymous_11)
FN:37,(anonymous_12)
FN:61,(anonymous_13)
FN:92,(anonymous_14)
FN:143,(anonymous_15)
FN:158,(anonymous_16)
FN:186,(anonymous_17)
FN:209,(anonymous_18)
FN:239,(anonymous_19)
FNF:9
FNH:0
FNDA:0,(anonymous_11)
FNDA:0,(anonymous_12)
FNDA:0,(anonymous_13)
FNDA:0,(anonymous_14)
FNDA:0,(anonymous_15)
FNDA:0,(anonymous_16)
FNDA:0,(anonymous_17)
FNDA:0,(anonymous_18)
FNDA:0,(anonymous_19)
DA:1,0
DA:6,0
DA:7,0
DA:8,0
DA:9,0
DA:10,0
DA:16,0
DA:17,0
DA:18,0
DA:28,0
DA:30,0
DA:31,0
DA:32,0
DA:33,0
DA:34,0
DA:42,0
DA:48,0
DA:53,0
DA:58,0
DA:64,0
DA:68,0
DA:69,0
DA:75,0
DA:76,0
DA:81,0
DA:82,0
DA:83,0
DA:88,0
DA:93,0
DA:102,0
DA:103,0
DA:111,0
DA:128,0
DA:129,0
DA:130,0
DA:139,0
DA:146,0
DA:154,0
DA:161,0
DA:165,0
DA:166,0
DA:169,0
DA:170,0
DA:172,0
DA:183,0
DA:187,0
DA:188,0
DA:192,0
DA:198,0
DA:203,0
DA:205,0
DA:210,0
DA:213,0
DA:214,0
DA:218,0
DA:223,0
DA:224,0
DA:226,0
DA:234,0
DA:236,0
DA:240,0
DA:244,0
DA:245,0
DA:248,0
DA:250,0
LF:65
LH:0
BRDA:68,0,0,0
BRDA:68,0,1,0
BRDA:75,1,0,0
BRDA:75,1,1,0
BRDA:82,2,0,0
BRDA:82,2,1,0
BRDA:102,3,0,0
BRDA:102,3,1,0
BRDA:128,4,0,0
BRDA:128,4,1,0
BRDA:129,5,0,0
BRDA:129,5,1,0
BRDA:133,6,0,0
BRDA:133,6,1,0
BRDA:134,7,0,0
BRDA:134,7,1,0
BRDA:165,8,0,0
BRDA:165,8,1,0
BRDA:179,9,0,0
BRDA:179,9,1,0
BRDA:213,10,0,0
BRDA:213,10,1,0
BRDA:244,11,0,0
BRDA:244,11,1,0
BRDA:244,12,0,0
BRDA:244,12,1,0
BRDA:244,12,2,0
BRDA:30,13,0,0
BRDA:30,13,1,0
BRDA:30,14,0,0
BRDA:30,14,1,0
BRDA:30,15,0,0
BRDA:30,15,1,0
BRDA:30,16,0,0
BRDA:30,16,1,0
BRDA:31,17,0,0
BRDA:31,17,1,0
BRDA:31,18,0,0
BRDA:31,18,1,0
BRDA:32,19,0,0
BRDA:32,19,1,0
BRDA:32,20,0,0
BRDA:32,20,1,0
BRDA:33,21,0,0
BRDA:33,21,1,0
BRDA:33,22,0,0
BRDA:33,22,1,0
BRF:47
BRH:0
end_of_record
TN:
SF:src/modules/auth/dto/activate.dto.ts
FNF:0
FNH:0
DA:1,0
DA:9,0
DA:12,0
DA:17,0
DA:20,0
DA:24,0
LF:6
LH:0
BRF:0
BRH:0
end_of_record
TN:
SF:src/modules/auth/dto/forgot-password.dto.ts
FNF:0
FNH:0
DA:1,0
DA:3,0
DA:5,0
LF:3
LH:0
BRF:0
BRH:0
end_of_record
TN:
SF:src/modules/auth/dto/login.dto.ts
FNF:0
FNH:0
DA:1,0
DA:3,0
DA:5,0
DA:9,0
LF:4
LH:0
BRF:0
BRH:0
end_of_record
TN:
SF:src/modules/auth/dto/refresh-token.dto.ts
FNF:0
FNH:0
DA:1,0
DA:3,0
DA:5,0
LF:3
LH:0
BRF:0
BRH:0
end_of_record
TN:
SF:src/modules/auth/dto/register.dto.ts
FNF:0
FNH:0
DA:1,0
DA:9,0
DA:12,0
DA:16,0
DA:19,0
DA:22,0
DA:26,0
LF:7
LH:0
BRF:0
BRH:0
end_of_record
TN:
SF:src/modules/auth/dto/reset-password.dto.ts
FNF:0
FNH:0
DA:1,0
DA:3,0
DA:5,0
DA:9,0
LF:4
LH:0
BRF:0
BRH:0
end_of_record
TN:
SF:src/modules/auth/dto/validate-code.dto.ts
FNF:0
FNH:0
DA:1,0
DA:3,0
DA:6,0
LF:3
LH:0
BRF:0
BRH:0
end_of_record
TN:
SF:src/modules/auth/guards/jwt-auth.guard.ts
FN:8,(anonymous_2)
FN:12,(anonymous_3)
FNF:2
FNH:0
FNDA:0,(anonymous_2)
FNDA:0,(anonymous_3)
DA:1,0
DA:2,0
DA:3,0
DA:4,0
DA:7,0
DA:8,0
DA:9,0
DA:14,0
DA:19,0
DA:20,0
DA:23,0
LF:11
LH:0
BRDA:19,0,0,0
BRDA:19,0,1,0
BRDA:8,1,0,0
BRDA:8,1,1,0
BRDA:8,2,0,0
BRDA:8,2,1,0
BRF:6
BRH:0
end_of_record
TN:
SF:src/modules/auth/strategies/jwt.strategy.ts
FN:9,(anonymous_2)
FN:18,(anonymous_3)
FNF:2
FNH:0
FNDA:0,(anonymous_2)
FNDA:0,(anonymous_3)
DA:1,0
DA:2,0
DA:3,0
DA:4,0
DA:8,0
DA:9,0
DA:10,0
DA:19,0
LF:8
LH:0
BRDA:9,0,0,0
BRDA:9,0,1,0
BRDA:9,1,0,0
BRDA:9,1,1,0
BRF:4
BRH:0
end_of_record
TN:
SF:src/modules/calendar/calendar.controller.ts
FN:20,(anonymous_4)
FN:24,(anonymous_5)
FN:35,(anonymous_6)
FN:41,(anonymous_7)
FN:47,(anonymous_8)
FN:53,(anonymous_9)
FN:63,(anonymous_10)
FNF:7
FNH:0
FNDA:0,(anonymous_4)
FNDA:0,(anonymous_5)
FNDA:0,(anonymous_6)
FNDA:0,(anonymous_7)
FNDA:0,(anonymous_8)
FNDA:0,(anonymous_9)
FNDA:0,(anonymous_10)
DA:1,0
DA:11,0
DA:12,0
DA:13,0
DA:14,0
DA:15,0
DA:19,0
DA:20,0
DA:24,0
DA:29,0
DA:35,0
DA:36,0
DA:41,0
DA:42,0
DA:47,0
DA:48,0
DA:53,0
DA:58,0
DA:63,0
DA:64,0
LF:20
LH:0
BRDA:47,0,0,0
BRDA:47,0,1,0
BRDA:47,1,0,0
BRDA:47,1,1,0
BRDA:56,2,0,0
BRDA:56,2,1,0
BRDA:56,3,0,0
BRDA:56,3,1,0
BRDA:20,4,0,0
BRDA:20,4,1,0
BRDA:20,5,0,0
BRDA:20,5,1,0
BRF:12
BRH:0
end_of_record
TN:
SF:src/modules/calendar/calendar.module.ts
FNF:0
FNH:0
DA:1,0
DA:2,0
DA:3,0
DA:4,0
DA:11,0
LF:5
LH:0
BRF:0
BRH:0
end_of_record
TN:
SF:src/modules/calendar/calendar.service.ts
FN:24,(anonymous_2)
FN:27,(anonymous_3)
FN:40,(anonymous_4)
FN:55,(anonymous_5)
FN:79,(anonymous_6)
FN:85,(anonymous_7)
FN:115,(anonymous_8)
FN:138,(anonymous_9)
FN:154,(anonymous_10)
FN:182,(anonymous_11)
FN:191,(anonymous_12)
FN:226,(anonymous_13)
FN:234,(anonymous_14)
FN:239,(anonymous_15)
FN:248,(anonymous_16)
FN:253,(anonymous_17)
FN:258,(anonymous_18)
FN:280,(anonymous_19)
FN:285,(anonymous_20)
FN:288,(anonymous_21)
FN:293,(anonymous_22)
FN:296,(anonymous_23)
FNF:22
FNH:0
FNDA:0,(anonymous_2)
FNDA:0,(anonymous_3)
FNDA:0,(anonymous_4)
FNDA:0,(anonymous_5)
FNDA:0,(anonymous_6)
FNDA:0,(anonymous_7)
FNDA:0,(anonymous_8)
FNDA:0,(anonymous_9)
FNDA:0,(anonymous_10)
FNDA:0,(anonymous_11)
FNDA:0,(anonymous_12)
FNDA:0,(anonymous_13)
FNDA:0,(anonymous_14)
FNDA:0,(anonymous_15)
FNDA:0,(anonymous_16)
FNDA:0,(anonymous_17)
FNDA:0,(anonymous_18)
FNDA:0,(anonymous_19)
FNDA:0,(anonymous_20)
FNDA:0,(anonymous_21)
FNDA:0,(anonymous_22)
FNDA:0,(anonymous_23)
DA:1,0
DA:7,0
DA:8,0
DA:13,0
DA:23,0
DA:24,0
DA:28,0
DA:30,0
DA:31,0
DA:33,0
DA:41,0
DA:47,0
DA:48,0
DA:51,0
DA:52,0
DA:56,0
DA:57,0
DA:59,0
DA:60,0
DA:65,0
DA:67,0
DA:79,0
DA:86,0
DA:91,0
DA:92,0
DA:96,0
DA:97,0
DA:101,0
DA:106,0
DA:107,0
DA:108,0
DA:112,0
DA:113,0
DA:115,0
DA:119,0
DA:139,0
DA:141,0
DA:142,0
DA:145,0
DA:146,0
DA:149,0
DA:150,0
DA:155,0
DA:161,0
DA:163,0
DA:171,0
DA:172,0
DA:186,0
DA:187,0
DA:194,0
DA:198,0
DA:199,0
DA:202,0
DA:203,0
DA:204,0
DA:217,0
DA:218,0
DA:230,0
DA:231,0
DA:234,0
DA:236,0
DA:237,0
DA:238,0
DA:239,0
DA:240,0
DA:244,0
DA:245,0
DA:247,0
DA:248,0
DA:249,0
DA:254,0
DA:256,0
DA:257,0
DA:258,0
DA:259,0
DA:260,0
DA:264,0
DA:268,0
DA:275,0
DA:276,0
DA:281,0
DA:285,0
DA:289,0
DA:293,0
DA:297,0
DA:299,0
DA:300,0
DA:301,0
DA:302,0
LF:89
LH:0
BRDA:31,0,0,0
BRDA:31,0,1,0
BRDA:47,1,0,0
BRDA:47,1,1,0
BRDA:47,2,0,0
BRDA:47,2,1,0
BRDA:57,3,0,0
BRDA:57,3,1,0
BRDA:59,4,0,0
BRDA:59,4,1,0
BRDA:59,5,0,0
BRDA:59,5,1,0
BRDA:73,6,0,0
BRDA:73,6,1,0
BRDA:76,7,0,0
BRDA:76,7,1,0
BRDA:77,8,0,0
BRDA:77,8,1,0
BRDA:78,9,0,0
BRDA:78,9,1,0
BRDA:91,10,0,0
BRDA:91,10,1,0
BRDA:91,11,0,0
BRDA:91,11,1,0
BRDA:96,12,0,0
BRDA:96,12,1,0
BRDA:96,13,0,0
BRDA:96,13,1,0
BRDA:101,14,0,0
BRDA:101,14,1,0
BRDA:106,15,0,0
BRDA:106,15,1,0
BRDA:107,16,0,0
BRDA:107,16,1,0
BRDA:107,17,0,0
BRDA:107,17,1,0
BRDA:122,18,0,0
BRDA:122,18,1,0
BRDA:123,19,0,0
BRDA:123,19,1,0
BRDA:124,20,0,0
BRDA:124,20,1,0
BRDA:125,21,0,0
BRDA:125,21,1,0
BRDA:128,22,0,0
BRDA:128,22,1,0
BRDA:129,23,0,0
BRDA:129,23,1,0
BRDA:130,24,0,0
BRDA:130,24,1,0
BRDA:131,25,0,0
BRDA:131,25,1,0
BRDA:132,26,0,0
BRDA:132,26,1,0
BRDA:141,27,0,0
BRDA:141,27,1,0
BRDA:141,28,0,0
BRDA:141,28,1,0
BRDA:145,29,0,0
BRDA:145,29,1,0
BRDA:145,30,0,0
BRDA:145,30,1,0
BRDA:161,31,0,0
BRDA:161,31,1,0
BRDA:161,32,0,0
BRDA:161,32,1,0
BRDA:186,33,0,0
BRDA:186,33,1,0
BRDA:187,34,0,0
BRDA:187,34,1,0
BRDA:198,35,0,0
BRDA:198,35,1,0
BRDA:198,36,0,0
BRDA:198,36,1,0
BRDA:202,37,0,0
BRDA:202,37,1,0
BRDA:230,38,0,0
BRDA:230,38,1,0
BRDA:230,39,0,0
BRDA:230,39,1,0
BRDA:236,40,0,0
BRDA:236,40,1,0
BRDA:237,41,0,0
BRDA:237,41,1,0
BRDA:239,42,0,0
BRDA:239,42,1,0
BRDA:244,43,0,0
BRDA:244,43,1,0
BRDA:248,44,0,0
BRDA:248,44,1,0
BRDA:254,45,0,0
BRDA:254,45,1,0
BRDA:256,46,0,0
BRDA:256,46,1,0
BRDA:259,47,0,0
BRDA:259,47,1,0
BRDA:275,48,0,0
BRDA:275,48,1,0
BRDA:285,49,0,0
BRDA:285,49,1,0
BRDA:293,50,0,0
BRDA:293,50,1,0
BRDA:297,51,0,0
BRDA:297,51,1,0
BRDA:297,52,0,0
BRDA:297,52,1,0
BRDA:297,52,2,0
BRDA:300,53,0,0
BRDA:300,53,1,0
BRDA:301,54,0,0
BRDA:301,54,1,0
BRDA:24,55,0,0
BRDA:24,55,1,0
BRDA:24,56,0,0
BRDA:24,56,1,0
BRF:115
BRH:0
end_of_record
TN:
SF:src/modules/calendar/dto/create-event.dto.ts
FNF:0
FNH:0
DA:1,0
DA:9,0
DA:11,0
DA:15,0
DA:19,0
DA:23,0
DA:26,0
DA:29,0
DA:34,0
DA:38,0
DA:42,0
DA:48,0
LF:12
LH:0
BRDA:15,0,0,0
BRDA:15,0,1,0
BRDA:15,1,0,0
BRDA:15,1,1,0
BRF:4
BRH:0
end_of_record
TN:
SF:src/modules/calendar/dto/update-event.dto.ts
FNF:0
FNH:0
DA:1,0
DA:9,0
DA:11,0
DA:14,0
DA:19,0
DA:23,0
DA:27,0
DA:31,0
DA:35,0
DA:39,0
DA:43,0
DA:48,0
LF:12
LH:0
BRDA:14,0,0,0
BRDA:14,0,1,0
BRDA:14,1,0,0
BRDA:14,1,1,0
BRF:4
BRH:0
end_of_record
TN:
SF:src/modules/class/class.controller.ts
FN:14,(anonymous_4)
FN:17,(anonymous_5)
FN:22,(anonymous_6)
FN:27,(anonymous_7)
FN:32,(anonymous_8)
FN:37,(anonymous_9)
FNF:6
FNH:0
FNDA:0,(anonymous_4)
FNDA:0,(anonymous_5)
FNDA:0,(anonymous_6)
FNDA:0,(anonymous_7)
FNDA:0,(anonymous_8)
FNDA:0,(anonymous_9)
DA:1,0
DA:2,0
DA:3,0
DA:4,0
DA:5,0
DA:6,0
DA:7,0
DA:13,0
DA:14,0
DA:17,0
DA:18,0
DA:22,0
DA:23,0
DA:27,0
DA:28,0
DA:32,0
DA:33,0
DA:37,0
DA:38,0
LF:19
LH:0
BRDA:27,0,0,0
BRDA:27,0,1,0
BRDA:27,1,0,0
BRDA:27,1,1,0
BRDA:32,2,0,0
BRDA:32,2,1,0
BRDA:32,3,0,0
BRDA:32,3,1,0
BRDA:14,4,0,0
BRDA:14,4,1,0
BRDA:14,5,0,0
BRDA:14,5,1,0
BRF:12
BRH:0
end_of_record
TN:
SF:src/modules/class/class.module.ts
FNF:0
FNH:0
DA:1,0
DA:2,0
DA:3,0
DA:4,0
DA:11,0
LF:5
LH:0
BRF:0
BRH:0
end_of_record
TN:
SF:src/modules/class/class.service.ts
FN:7,generateLicenseCode
FN:22,(anonymous_3)
FN:24,(anonymous_4)
FN:35,(anonymous_5)
FN:42,(anonymous_6)
FN:68,(anonymous_7)
FN:91,(anonymous_8)
FN:116,(anonymous_9)
FNF:8
FNH:0
FNDA:0,generateLicenseCode
FNDA:0,(anonymous_3)
FNDA:0,(anonymous_4)
FNDA:0,(anonymous_5)
FNDA:0,(anonymous_6)
FNDA:0,(anonymous_7)
FNDA:0,(anonymous_8)
FNDA:0,(anonymous_9)
DA:1,0
DA:2,0
DA:3,0
DA:8,0
DA:11,0
DA:21,0
DA:22,0
DA:25,0
DA:35,0
DA:43,0
DA:46,0
DA:48,0
DA:69,0
DA:72,0
DA:75,0
DA:76,0
DA:79,0
DA:92,0
DA:95,0
DA:97,0
DA:98,0
DA:101,0
DA:104,0
DA:117,0
DA:120,0
DA:122,0
DA:123,0
LF:27
LH:0
BRDA:46,0,0,0
BRDA:46,0,1,0
BRDA:72,1,0,0
BRDA:72,1,1,0
BRDA:83,2,0,0
BRDA:83,2,1,0
BRDA:95,3,0,0
BRDA:95,3,1,0
BRDA:97,4,0,0
BRDA:97,4,1,0
BRDA:101,5,0,0
BRDA:101,5,1,0
BRDA:107,6,0,0
BRDA:107,6,1,0
BRDA:108,7,0,0
BRDA:108,7,1,0
BRDA:109,8,0,0
BRDA:109,8,1,0
BRDA:110,9,0,0
BRDA:110,9,1,0
BRDA:120,10,0,0
BRDA:120,10,1,0
BRDA:22,11,0,0
BRDA:22,11,1,0
BRDA:22,12,0,0
BRDA:22,12,1,0
BRF:26
BRH:0
end_of_record
TN:
SF:src/modules/class/dto/create-class.dto.ts
FN:16,(anonymous_2)
FNF:1
FNH:0
FNDA:0,(anonymous_2)
DA:1,0
DA:2,0
DA:4,0
DA:7,0
DA:11,0
DA:16,0
DA:18,0
DA:22,0
LF:8
LH:0
BRF:0
BRH:0
end_of_record
TN:
SF:src/modules/class/dto/update-class.dto.ts
FN:16,(anonymous_2)
FNF:1
FNH:0
FNDA:0,(anonymous_2)
DA:1,0
DA:2,0
DA:4,0
DA:7,0
DA:11,0
DA:16,0
DA:18,0
DA:22,0
LF:8
LH:0
BRF:0
BRH:0
end_of_record
TN:
SF:src/modules/course/course.controller.ts
FN:14,(anonymous_4)
FN:17,(anonymous_5)
FN:22,(anonymous_6)
FN:27,(anonymous_7)
FN:32,(anonymous_8)
FNF:5
FNH:0
FNDA:0,(anonymous_4)
FNDA:0,(anonymous_5)
FNDA:0,(anonymous_6)
FNDA:0,(anonymous_7)
FNDA:0,(anonymous_8)
DA:1,0
DA:2,0
DA:3,0
DA:4,0
DA:5,0
DA:6,0
DA:7,0
DA:13,0
DA:14,0
DA:17,0
DA:18,0
DA:22,0
DA:23,0
DA:27,0
DA:28,0
DA:32,0
DA:33,0
LF:17
LH:0
BRDA:22,0,0,0
BRDA:22,0,1,0
BRDA:22,1,0,0
BRDA:22,1,1,0
BRDA:27,2,0,0
BRDA:27,2,1,0
BRDA:27,3,0,0
BRDA:27,3,1,0
BRDA:14,4,0,0
BRDA:14,4,1,0
BRDA:14,5,0,0
BRDA:14,5,1,0
BRF:12
BRH:0
end_of_record
TN:
SF:src/modules/course/course.module.ts
FNF:0
FNH:0
DA:1,0
DA:2,0
DA:3,0
DA:4,0
DA:11,0
LF:5
LH:0
BRF:0
BRH:0
end_of_record
TN:
SF:src/modules/course/course.service.ts
FN:8,(anonymous_2)
FN:10,(anonymous_3)
FN:18,(anonymous_4)
FN:28,(anonymous_5)
FN:41,(anonymous_6)
FNF:5
FNH:0
FNDA:0,(anonymous_2)
FNDA:0,(anonymous_3)
FNDA:0,(anonymous_4)
FNDA:0,(anonymous_5)
FNDA:0,(anonymous_6)
DA:1,0
DA:2,0
DA:7,0
DA:8,0
DA:11,0
DA:19,0
DA:29,0
DA:32,0
DA:34,0
DA:42,0
DA:45,0
DA:47,0
DA:48,0
LF:13
LH:0
BRDA:32,0,0,0
BRDA:32,0,1,0
BRDA:45,1,0,0
BRDA:45,1,1,0
BRDA:8,2,0,0
BRDA:8,2,1,0
BRDA:8,3,0,0
BRDA:8,3,1,0
BRF:8
BRH:0
end_of_record
TN:
SF:src/modules/course/dto/create-course.dto.ts
FNF:0
FNH:0
DA:1,0
DA:3,0
DA:6,0
DA:10,0
LF:4
LH:0
BRF:0
BRH:0
end_of_record
TN:
SF:src/modules/course/dto/update-course.dto.ts
FNF:0
FNH:0
DA:1,0
DA:3,0
DA:6,0
DA:10,0
LF:4
LH:0
BRF:0
BRH:0
end_of_record
TN:
SF:src/modules/drive/drive.controller.ts
FN:30,(anonymous_4)
FN:33,(anonymous_5)
FN:42,(anonymous_6)
FN:48,(anonymous_7)
FN:58,(anonymous_8)
FN:70,(anonymous_9)
FN:81,(anonymous_10)
FN:91,(anonymous_11)
FN:96,(anonymous_12)
FNF:9
FNH:0
FNDA:0,(anonymous_4)
FNDA:0,(anonymous_5)
FNDA:0,(anonymous_6)
FNDA:0,(anonymous_7)
FNDA:0,(anonymous_8)
FNDA:0,(anonymous_9)
FNDA:0,(anonymous_10)
FNDA:0,(anonymous_11)
FNDA:0,(anonymous_12)
DA:1,0
DA:15,0
DA:16,0
DA:17,0
DA:18,0
DA:19,0
DA:20,0
DA:21,0
DA:22,0
DA:23,0
DA:29,0
DA:30,0
DA:33,0
DA:37,0
DA:42,0
DA:43,0
DA:48,0
DA:53,0
DA:58,0
DA:59,0
DA:70,0
DA:75,0
DA:76,0
DA:81,0
DA:86,0
DA:91,0
DA:92,0
DA:96,0
DA:97,0
LF:29
LH:0
BRDA:37,0,0,0
BRDA:37,0,1,0
BRDA:75,1,0,0
BRDA:75,1,1,0
BRDA:42,2,0,0
BRDA:42,2,1,0
BRDA:42,3,0,0
BRDA:42,3,1,0
BRDA:51,4,0,0
BRDA:51,4,1,0
BRDA:51,5,0,0
BRDA:51,5,1,0
BRDA:72,6,0,0
BRDA:72,6,1,0
BRDA:72,7,0,0
BRDA:72,7,1,0
BRDA:72,7,2,0
BRDA:72,8,0,0
BRDA:72,8,1,0
BRDA:72,9,0,0
BRDA:72,9,1,0
BRDA:84,10,0,0
BRDA:84,10,1,0
BRDA:84,11,0,0
BRDA:84,11,1,0
BRDA:30,12,0,0
BRDA:30,12,1,0
BRDA:30,13,0,0
BRDA:30,13,1,0
BRF:29
BRH:0
end_of_record
TN:
SF:src/modules/drive/drive.module.ts
FNF:0
FNH:0
DA:1,0
DA:2,0
DA:3,0
DA:4,0
DA:5,0
DA:12,0
LF:6
LH:0
BRF:0
BRH:0
end_of_record
TN:
SF:src/modules/drive/drive.service.ts
FN:20,(anonymous_2)
FN:25,(anonymous_3)
FN:46,(anonymous_4)
FN:54,(anonymous_5)
FN:67,(anonymous_6)
FN:82,(anonymous_7)
FN:92,(anonymous_8)
FN:101,(anonymous_9)
FN:135,(anonymous_10)
FN:135,(anonymous_11)
FN:141,(anonymous_12)
FN:168,(anonymous_13)
FN:178,(anonymous_14)
FN:183,(anonymous_15)
FN:188,(anonymous_16)
FN:201,(anonymous_17)
FN:212,(anonymous_18)
FN:224,(anonymous_19)
FN:234,(anonymous_20)
FN:249,(anonymous_21)
FN:258,(anonymous_22)
FNF:21
FNH:21
FNDA:32,(anonymous_2)
FNDA:4,(anonymous_3)
FNDA:1,(anonymous_4)
FNDA:1,(anonymous_5)
FNDA:4,(anonymous_6)
FNDA:4,(anonymous_7)
FNDA:6,(anonymous_8)
FNDA:3,(anonymous_9)
FNDA:4,(anonymous_10)
FNDA:1,(anonymous_11)
FNDA:3,(anonymous_12)
FNDA:4,(anonymous_13)
FNDA:4,(anonymous_14)
FNDA:1,(anonymous_15)
FNDA:3,(anonymous_16)
FNDA:18,(anonymous_17)
FNDA:11,(anonymous_18)
FNDA:15,(anonymous_19)
FNDA:1,(anonymous_20)
FNDA:5,(anonymous_21)
FNDA:4,(anonymous_22)
DA:1,1
DA:6,1
DA:7,1
DA:9,1
DA:10,1
DA:16,1
DA:19,1
DA:21,32
DA:22,32
DA:26,4
DA:30,2
DA:41,2
DA:46,1
DA:54,1
DA:68,4
DA:69,3
DA:72,2
DA:83,4
DA:84,3
DA:86,2
DA:93,6
DA:94,6
DA:96,5
DA:99,5
DA:100,3
DA:101,3
DA:103,3
DA:104,1
DA:109,2
DA:117,2
DA:118,1
DA:124,3
DA:133,3
DA:134,3
DA:135,4
DA:138,3
DA:146,3
DA:147,2
DA:151,1
DA:152,1
DA:153,1
DA:155,1
DA:169,4
DA:170,3
DA:172,2
DA:179,4
DA:180,3
DA:182,2
DA:183,2
DA:185,2
DA:189,3
DA:191,1
DA:196,1
DA:202,18
DA:205,18
DA:206,15
DA:207,4
DA:209,11
DA:213,11
DA:216,11
DA:217,10
DA:218,3
DA:220,7
DA:225,15
DA:226,11
DA:227,4
DA:235,1
DA:236,1
DA:237,1
DA:238,1
DA:241,1
DA:242,1
DA:243,1
DA:245,1
DA:250,5
DA:251,5
DA:252,5
DA:253,5
DA:254,9
DA:258,9
DA:259,9
DA:260,9
DA:262,5
LF:83
LH:83
BRDA:26,0,0,3
BRDA:26,0,1,1
BRDA:32,1,0,2
BRDA:32,1,1,1
BRDA:36,2,0,2
BRDA:36,2,1,1
BRDA:42,3,0,1
BRDA:42,3,1,1
BRDA:45,4,0,1
BRDA:45,4,1,1
BRDA:68,5,0,3
BRDA:68,5,1,1
BRDA:75,6,0,2
BRDA:75,6,1,1
BRDA:99,7,0,3
BRDA:99,7,1,2
BRDA:103,8,0,1
BRDA:103,8,1,2
BRDA:117,9,0,1
BRDA:117,9,1,1
BRDA:146,10,0,2
BRDA:146,10,1,1
BRDA:158,11,0,1
BRDA:158,11,1,1
BRDA:205,12,0,3
BRDA:205,12,1,15
BRDA:206,13,0,4
BRDA:206,13,1,11
BRDA:216,14,0,1
BRDA:216,14,1,10
BRDA:217,15,0,3
BRDA:217,15,1,7
BRDA:225,16,0,4
BRDA:225,16,1,11
BRDA:226,17,0,4
BRDA:226,17,1,7
BRDA:241,18,0,0
BRDA:241,18,1,1
BRDA:21,19,0,1
BRDA:21,19,1,0
BRDA:21,20,0,1
BRDA:21,20,1,1
BRDA:21,21,0,1
BRDA:21,21,1,0
BRDA:21,22,0,1
BRDA:21,22,1,1
BRF:46
BRH:43
end_of_record
TN:
SF:src/modules/drive/dto/create-folder.dto.ts
FNF:0
FNH:0
DA:1,0
DA:3,0
DA:7,0
DA:12,0
LF:4
LH:0
BRF:0
BRH:0
end_of_record
TN:
SF:src/modules/drive/dto/rename-item.dto.ts
FNF:0
FNH:0
DA:1,0
DA:4,0
DA:8,0
LF:3
LH:0
BRF:0
BRH:0
end_of_record
TN:
SF:src/modules/drive/dto/upload-file.dto.ts
FNF:0
FNH:0
DA:1,0
DA:4,0
DA:8,0
LF:3
LH:0
BRF:0
BRH:0
end_of_record
TN:
SF:src/modules/email/email.module.ts
FNF:0
FNH:0
DA:1,0
DA:2,0
DA:8,0
LF:3
LH:0
BRF:0
BRH:0
end_of_record
TN:
SF:src/modules/email/email.service.ts
FN:13,(anonymous_2)
FN:19,(anonymous_3)
FN:38,(anonymous_4)
FN:64,buildAccessInviteEmailText
FN:88,buildAccessInviteEmail
FN:176,buildPasswordResetEmailText
FN:189,buildPasswordResetEmail
FNF:7
FNH:0
FNDA:0,(anonymous_2)
FNDA:0,(anonymous_3)
FNDA:0,(anonymous_4)
FNDA:0,buildAccessInviteEmailText
FNDA:0,buildAccessInviteEmail
FNDA:0,buildPasswordResetEmailText
FNDA:0,buildPasswordResetEmail
DA:2,0
DA:3,0
DA:4,0
DA:7,0
DA:9,0
DA:13,0
DA:14,0
DA:15,0
DA:16,0
DA:20,0
DA:22,0
DA:30,0
DA:31,0
DA:32,0
DA:35,0
DA:44,0
DA:45,0
DA:47,0
DA:55,0
DA:56,0
DA:57,0
DA:60,0
DA:70,0
DA:94,0
DA:177,0
DA:190,0
LF:26
LH:0
BRDA:30,0,0,0
BRDA:30,0,1,0
BRDA:45,1,0,0
BRDA:45,1,1,0
BRDA:55,2,0,0
BRDA:55,2,1,0
BRDA:13,3,0,0
BRDA:13,3,1,0
BRDA:13,4,0,0
BRDA:13,4,1,0
BRF:10
BRH:0
end_of_record
TN:
SF:src/modules/institution/institution.controller.ts
FN:31,(anonymous_4)
FN:38,(anonymous_5)
FN:44,(anonymous_6)
FN:50,(anonymous_7)
FN:56,(anonymous_8)
FN:61,(anonymous_9)
FN:66,(anonymous_10)
FN:71,(anonymous_11)
FN:76,(anonymous_12)
FN:81,(anonymous_13)
FN:86,(anonymous_14)
FN:91,(anonymous_15)
FN:96,(anonymous_16)
FN:101,(anonymous_17)
FN:116,(anonymous_18)
FN:110,(anonymous_19)
FNF:16
FNH:0
FNDA:0,(anonymous_4)
FNDA:0,(anonymous_5)
FNDA:0,(anonymous_6)
FNDA:0,(anonymous_7)
FNDA:0,(anonymous_8)
FNDA:0,(anonymous_9)
FNDA:0,(anonymous_10)
FNDA:0,(anonymous_11)
FNDA:0,(anonymous_12)
FNDA:0,(anonymous_13)
FNDA:0,(anonymous_14)
FNDA:0,(anonymous_15)
FNDA:0,(anonymous_16)
FNDA:0,(anonymous_17)
FNDA:0,(anonymous_18)
FNDA:0,(anonymous_19)
DA:1,0
DA:14,0
DA:15,0
DA:16,0
DA:17,0
DA:18,0
DA:19,0
DA:20,0
DA:21,0
DA:22,0
DA:23,0
DA:24,0
DA:30,0
DA:32,0
DA:33,0
DA:38,0
DA:39,0
DA:44,0
DA:45,0
DA:50,0
DA:51,0
DA:56,0
DA:57,0
DA:61,0
DA:62,0
DA:66,0
DA:67,0
DA:71,0
DA:72,0
DA:76,0
DA:77,0
DA:81,0
DA:82,0
DA:86,0
DA:87,0
DA:91,0
DA:92,0
DA:96,0
DA:97,0
DA:101,0
DA:102,0
DA:111,0
DA:112,0
DA:116,0
DA:120,0
DA:121,0
DA:122,0
DA:123,0
DA:124,0
LF:49
LH:0
BRDA:120,0,0,0
BRDA:120,0,1,0
BRDA:61,1,0,0
BRDA:61,1,1,0
BRDA:61,2,0,0
BRDA:61,2,1,0
BRDA:96,3,0,0
BRDA:96,3,1,0
BRDA:96,4,0,0
BRDA:96,4,1,0
BRDA:118,5,0,0
BRDA:118,5,1,0
BRDA:118,6,0,0
BRDA:118,6,1,0
BRDA:118,6,2,0
BRDA:32,7,0,0
BRDA:32,7,1,0
BRDA:32,8,0,0
BRDA:32,8,1,0
BRDA:32,9,0,0
BRDA:32,9,1,0
BRDA:32,10,0,0
BRDA:32,10,1,0
BRF:23
BRH:0
end_of_record
TN:
SF:src/modules/institution/institution.module.ts
FNF:0
FNH:0
DA:1,0
DA:2,0
DA:3,0
DA:4,0
DA:5,0
DA:13,0
LF:6
LH:0
BRF:0
BRH:0
end_of_record
TN:
SF:src/modules/institution/institution.service.ts
FN:10,(anonymous_11)
FN:12,(anonymous_12)
FN:18,(anonymous_13)
FN:48,(anonymous_14)
FN:54,(anonymous_15)
FN:60,(anonymous_16)
FN:82,(anonymous_17)
FN:101,(anonymous_18)
FN:107,(anonymous_19)
FN:111,(anonymous_20)
FN:112,(anonymous_21)
FN:113,(anonymous_22)
FN:114,(anonymous_23)
FN:115,(anonymous_24)
FN:116,(anonymous_25)
FN:117,(anonymous_26)
FN:118,(anonymous_27)
FN:119,(anonymous_28)
FN:120,(anonymous_29)
FN:121,(anonymous_30)
FN:122,(anonymous_31)
FN:159,(anonymous_32)
FN:169,(anonymous_33)
FN:181,(anonymous_34)
FN:196,(anonymous_35)
FN:220,(anonymous_36)
FN:230,(anonymous_37)
FN:292,(anonymous_38)
FNF:28
FNH:0
FNDA:0,(anonymous_11)
FNDA:0,(anonymous_12)
FNDA:0,(anonymous_13)
FNDA:0,(anonymous_14)
FNDA:0,(anonymous_15)
FNDA:0,(anonymous_16)
FNDA:0,(anonymous_17)
FNDA:0,(anonymous_18)
FNDA:0,(anonymous_19)
FNDA:0,(anonymous_20)
FNDA:0,(anonymous_21)
FNDA:0,(anonymous_22)
FNDA:0,(anonymous_23)
FNDA:0,(anonymous_24)
FNDA:0,(anonymous_25)
FNDA:0,(anonymous_26)
FNDA:0,(anonymous_27)
FNDA:0,(anonymous_28)
FNDA:0,(anonymous_29)
FNDA:0,(anonymous_30)
FNDA:0,(anonymous_31)
FNDA:0,(anonymous_32)
FNDA:0,(anonymous_33)
FNDA:0,(anonymous_34)
FNDA:0,(anonymous_35)
FNDA:0,(anonymous_36)
FNDA:0,(anonymous_37)
FNDA:0,(anonymous_38)
DA:1,0
DA:2,0
DA:3,0
DA:4,0
DA:9,0
DA:10,0
DA:13,0
DA:14,0
DA:16,0
DA:18,0
DA:19,0
DA:34,0
DA:44,0
DA:49,0
DA:55,0
DA:56,0
DA:57,0
DA:61,0
DA:62,0
DA:64,0
DA:83,0
DA:84,0
DA:86,0
DA:101,0
DA:108,0
DA:109,0
DA:111,0
DA:112,0
DA:113,0
DA:114,0
DA:115,0
DA:116,0
DA:117,0
DA:118,0
DA:119,0
DA:120,0
DA:121,0
DA:122,0
DA:124,0
DA:125,0
DA:126,0
DA:127,0
DA:128,0
DA:129,0
DA:130,0
DA:131,0
DA:132,0
DA:133,0
DA:134,0
DA:135,0
DA:136,0
DA:137,0
DA:138,0
DA:139,0
DA:140,0
DA:141,0
DA:142,0
DA:143,0
DA:144,0
DA:145,0
DA:146,0
DA:147,0
DA:148,0
DA:149,0
DA:150,0
DA:151,0
DA:152,0
DA:153,0
DA:156,0
DA:160,0
DA:167,0
DA:169,0
DA:171,0
DA:172,0
DA:174,0
DA:176,0
DA:181,0
DA:182,0
DA:183,0
DA:184,0
DA:185,0
DA:186,0
DA:187,0
DA:190,0
DA:192,0
DA:196,0
DA:198,0
DA:199,0
DA:200,0
DA:201,0
DA:202,0
DA:203,0
DA:204,0
DA:205,0
DA:206,0
DA:209,0
DA:210,0
DA:211,0
DA:214,0
DA:217,0
DA:221,0
DA:222,0
DA:224,0
DA:231,0
DA:232,0
DA:234,0
DA:235,0
DA:238,0
DA:258,0
DA:259,0
DA:261,0
DA:265,0
DA:266,0
DA:267,0
DA:268,0
DA:269,0
DA:270,0
DA:272,0
DA:293,0
DA:294,0
DA:295,0
DA:297,0
DA:304,0
LF:123
LH:0
BRDA:14,0,0,0
BRDA:14,0,1,0
BRDA:56,1,0,0
BRDA:56,1,1,0
BRDA:62,2,0,0
BRDA:62,2,1,0
BRDA:67,3,0,0
BRDA:67,3,1,0
BRDA:68,4,0,0
BRDA:68,4,1,0
BRDA:69,5,0,0
BRDA:69,5,1,0
BRDA:70,6,0,0
BRDA:70,6,1,0
BRDA:71,7,0,0
BRDA:71,7,1,0
BRDA:72,8,0,0
BRDA:72,8,1,0
BRDA:73,9,0,0
BRDA:73,9,1,0
BRDA:74,10,0,0
BRDA:74,10,1,0
BRDA:75,11,0,0
BRDA:75,11,1,0
BRDA:76,12,0,0
BRDA:76,12,1,0
BRDA:77,13,0,0
BRDA:77,13,1,0
BRDA:84,14,0,0
BRDA:84,14,1,0
BRDA:109,15,0,0
BRDA:109,15,1,0
BRDA:167,16,0,0
BRDA:167,16,1,0
BRDA:174,17,0,0
BRDA:174,17,1,0
BRDA:190,18,0,0
BRDA:190,18,1,0
BRDA:222,19,0,0
BRDA:222,19,1,0
BRDA:232,20,0,0
BRDA:232,20,1,0
BRDA:258,21,0,0
BRDA:258,21,1,0
BRDA:258,22,0,0
BRDA:258,22,1,0
BRDA:261,23,0,0
BRDA:261,23,1,0
BRDA:261,24,0,0
BRDA:261,24,1,0
BRDA:265,25,0,0
BRDA:265,25,1,0
BRDA:266,26,0,0
BRDA:266,26,1,0
BRDA:267,27,0,0
BRDA:267,27,1,0
BRDA:269,28,0,0
BRDA:269,28,1,0
BRDA:270,29,0,0
BRDA:270,29,1,0
BRDA:275,30,0,0
BRDA:275,30,1,0
BRDA:10,31,0,0
BRDA:10,31,1,0
BRDA:10,32,0,0
BRDA:10,32,1,0
BRF:66
BRH:0
end_of_record
TN:
SF:src/modules/institution/dto/create-institution.dto.ts
FNF:0
FNH:0
DA:1,0
DA:3,0
DA:6,0
DA:10,0
DA:14,0
DA:18,0
DA:22,0
DA:26,0
DA:30,0
DA:34,0
DA:38,0
DA:43,0
DA:48,0
LF:13
LH:0
BRF:0
BRH:0
end_of_record
TN:
SF:src/modules/institution/dto/update-institution.dto.ts
FNF:0
FNH:0
DA:1,0
DA:3,0
DA:6,0
DA:10,0
DA:14,0
DA:18,0
DA:22,0
DA:26,0
DA:30,0
DA:34,0
DA:38,0
DA:43,0
DA:48,0
LF:13
LH:0
BRF:0
BRH:0
end_of_record
TN:
SF:src/modules/period-option/period-option.controller.ts
FN:13,(anonymous_4)
FN:16,(anonymous_5)
FN:21,(anonymous_6)
FNF:3
FNH:0
FNDA:0,(anonymous_4)
FNDA:0,(anonymous_5)
FNDA:0,(anonymous_6)
DA:1,0
DA:2,0
DA:3,0
DA:4,0
DA:5,0
DA:6,0
DA:12,0
DA:13,0
DA:16,0
DA:17,0
DA:21,0
DA:22,0
LF:12
LH:0
BRDA:21,0,0,0
BRDA:21,0,1,0
BRDA:21,1,0,0
BRDA:21,1,1,0
BRDA:13,2,0,0
BRDA:13,2,1,0
BRDA:13,3,0,0
BRDA:13,3,1,0
BRF:8
BRH:0
end_of_record
TN:
SF:src/modules/period-option/period-option.module.ts
FNF:0
FNH:0
DA:1,0
DA:2,0
DA:3,0
DA:4,0
DA:11,0
LF:5
LH:0
BRF:0
BRH:0
end_of_record
TN:
SF:src/modules/period-option/period-option.service.ts
FN:13,(anonymous_2)
FN:15,(anonymous_3)
FN:24,(anonymous_4)
FN:29,(anonymous_5)
FN:32,(anonymous_6)
FN:33,(anonymous_7)
FN:37,(anonymous_8)
FNF:7
FNH:0
FNDA:0,(anonymous_2)
FNDA:0,(anonymous_3)
FNDA:0,(anonymous_4)
FNDA:0,(anonymous_5)
FNDA:0,(anonymous_6)
FNDA:0,(anonymous_7)
FNDA:0,(anonymous_8)
DA:1,0
DA:2,0
DA:4,0
DA:12,0
DA:13,0
DA:16,0
DA:22,0
DA:23,0
DA:24,0
DA:26,0
DA:29,0
DA:33,0
DA:34,0
DA:35,0
DA:36,0
DA:37,0
DA:40,0
LF:17
LH:0
BRDA:22,0,0,0
BRDA:22,0,1,0
BRDA:35,1,0,0
BRDA:35,1,1,0
BRDA:13,2,0,0
BRDA:13,2,1,0
BRDA:13,3,0,0
BRDA:13,3,1,0
BRF:8
BRH:0
end_of_record
TN:
SF:src/modules/period-option/dto/replace-period-options.dto.ts
FNF:0
FNH:0
DA:1,0
DA:3,0
DA:7,0
LF:3
LH:0
BRF:0
BRH:0
end_of_record
TN:
SF:src/modules/storage/storage.module.ts
FNF:0
FNH:0
DA:1,0
DA:2,0
DA:8,0
LF:3
LH:0
BRF:0
BRH:0
end_of_record
TN:
SF:src/modules/storage/storage.service.ts
FN:18,(anonymous_11)
FN:35,(anonymous_12)
FN:40,(anonymous_13)
FN:48,(anonymous_14)
FN:59,(anonymous_15)
FN:67,(anonymous_16)
FN:72,(anonymous_17)
FN:90,(anonymous_18)
FN:103,(anonymous_19)
FNF:9
FNH:2
FNDA:3,(anonymous_11)
FNDA:0,(anonymous_12)
FNDA:0,(anonymous_13)
FNDA:0,(anonymous_14)
FNDA:0,(anonymous_15)
FNDA:0,(anonymous_16)
FNDA:0,(anonymous_17)
FNDA:3,(anonymous_18)
FNDA:0,(anonymous_19)
DA:1,2
DA:2,2
DA:3,2
DA:9,2
DA:10,2
DA:11,2
DA:14,2
DA:16,3
DA:18,3
DA:19,3
DA:21,3
DA:22,2
DA:23,2
DA:36,0
DA:37,0
DA:41,0
DA:42,0
DA:43,0
DA:45,0
DA:49,0
DA:50,0
DA:51,0
DA:52,0
DA:54,0
DA:55,0
DA:56,0
DA:60,0
DA:61,0
DA:62,0
DA:63,0
DA:64,0
DA:68,0
DA:69,0
DA:73,0
DA:75,0
DA:84,0
DA:85,0
DA:91,3
DA:92,2
DA:93,2
DA:99,1
DA:100,1
DA:104,0
DA:106,0
LF:44
LH:18
BRDA:21,0,0,2
BRDA:21,0,1,1
BRDA:30,1,0,0
BRDA:30,1,1,2
BRDA:36,2,0,0
BRDA:36,2,1,0
BRDA:41,3,0,0
BRDA:41,3,1,0
BRDA:49,4,0,0
BRDA:49,4,1,0
BRDA:69,5,0,0
BRDA:69,5,1,0
BRDA:90,6,0,2
BRDA:91,7,0,2
BRDA:91,7,1,1
BRDA:18,8,0,2
BRDA:18,8,1,0
BRDA:18,9,0,2
BRDA:18,9,1,2
BRF:19
BRH:9
end_of_record
TN:
SF:src/modules/student/student.controller.ts
FN:22,(anonymous_4)
FN:25,(anonymous_5)
FN:30,(anonymous_6)
FN:38,(anonymous_7)
FN:43,(anonymous_8)
FN:52,(anonymous_9)
FN:60,(anonymous_10)
FNF:7
FNH:0
FNDA:0,(anonymous_4)
FNDA:0,(anonymous_5)
FNDA:0,(anonymous_6)
FNDA:0,(anonymous_7)
FNDA:0,(anonymous_8)
FNDA:0,(anonymous_9)
FNDA:0,(anonymous_10)
DA:1,0
DA:10,0
DA:11,0
DA:12,0
DA:13,0
DA:14,0
DA:15,0
DA:21,0
DA:22,0
DA:25,0
DA:26,0
DA:30,0
DA:34,0
DA:38,0
DA:39,0
DA:43,0
DA:48,0
DA:52,0
DA:56,0
DA:60,0
DA:64,0
LF:21
LH:0
BRDA:32,0,0,0
BRDA:32,0,1,0
BRDA:32,1,0,0
BRDA:32,1,1,0
BRDA:46,2,0,0
BRDA:46,2,1,0
BRDA:46,3,0,0
BRDA:46,3,1,0
BRDA:22,4,0,0
BRDA:22,4,1,0
BRDA:22,5,0,0
BRDA:22,5,1,0
BRF:12
BRH:0
end_of_record
TN:
SF:src/modules/student/student.module.ts
FNF:0
FNH:0
DA:1,0
DA:2,0
DA:3,0
DA:4,0
DA:5,0
DA:13,0
LF:6
LH:0
BRF:0
BRH:0
end_of_record
TN:
SF:src/modules/student/student.service.ts
FN:19,(anonymous_11)
FN:26,(anonymous_12)
FN:50,(anonymous_13)
FN:72,(anonymous_14)
FN:94,(anonymous_15)
FN:104,(anonymous_16)
FN:125,(anonymous_17)
FN:154,(anonymous_18)
FN:185,(anonymous_19)
FN:197,(anonymous_20)
FN:245,(anonymous_21)
FN:261,(anonymous_22)
FN:278,(anonymous_23)
FN:302,(anonymous_24)
FNF:14
FNH:0
FNDA:0,(anonymous_11)
FNDA:0,(anonymous_12)
FNDA:0,(anonymous_13)
FNDA:0,(anonymous_14)
FNDA:0,(anonymous_15)
FNDA:0,(anonymous_16)
FNDA:0,(anonymous_17)
FNDA:0,(anonymous_18)
FNDA:0,(anonymous_19)
FNDA:0,(anonymous_20)
FNDA:0,(anonymous_21)
FNDA:0,(anonymous_22)
FNDA:0,(anonymous_23)
FNDA:0,(anonymous_24)
DA:1,0
DA:8,0
DA:9,0
DA:10,0
DA:11,0
DA:12,0
DA:13,0
DA:18,0
DA:20,0
DA:21,0
DA:33,0
DA:38,0
DA:39,0
DA:42,0
DA:45,0
DA:46,0
DA:48,0
DA:50,0
DA:51,0
DA:63,0
DA:64,0
DA:68,0
DA:73,0
DA:76,0
DA:78,0
DA:79,0
DA:84,0
DA:95,0
DA:98,0
DA:99,0
DA:108,0
DA:111,0
DA:112,0
DA:114,0
DA:117,0
DA:118,0
DA:123,0
DA:125,0
DA:126,0
DA:138,0
DA:139,0
DA:143,0
DA:151,0
DA:155,0
DA:185,0
DA:198,0
DA:228,0
DA:229,0
DA:230,0
DA:232,0
DA:246,0
DA:247,0
DA:248,0
DA:252,0
DA:258,0
DA:262,0
DA:263,0
DA:264,0
DA:269,0
DA:270,0
DA:275,0
DA:283,0
DA:288,0
DA:289,0
DA:290,0
DA:292,0
DA:293,0
DA:296,0
DA:297,0
DA:302,0
DA:303,0
DA:312,0
DA:313,0
DA:314,0
DA:320,0
LF:75
LH:0
BRDA:38,0,0,0
BRDA:38,0,1,0
BRDA:45,1,0,0
BRDA:45,1,1,0
BRDA:76,2,0,0
BRDA:76,2,1,0
BRDA:78,3,0,0
BRDA:78,3,1,0
BRDA:98,4,0,0
BRDA:98,4,1,0
BRDA:111,5,0,0
BRDA:111,5,1,0
BRDA:117,6,0,0
BRDA:117,6,1,0
BRDA:131,7,0,0
BRDA:131,7,1,0
BRDA:134,8,0,0
BRDA:134,8,1,0
BRDA:193,9,0,0
BRDA:193,9,1,0
BRDA:228,10,0,0
BRDA:228,10,1,0
BRDA:229,11,0,0
BRDA:229,11,1,0
BRDA:241,12,0,0
BRDA:241,12,1,0
BRDA:247,13,0,0
BRDA:247,13,1,0
BRDA:263,14,0,0
BRDA:263,14,1,0
BRDA:288,15,0,0
BRDA:288,15,1,0
BRDA:289,16,0,0
BRDA:289,16,1,0
BRDA:292,17,0,0
BRDA:292,17,1,0
BRDA:296,18,0,0
BRDA:296,18,1,0
BRDA:306,19,0,0
BRDA:306,19,1,0
BRDA:307,20,0,0
BRDA:307,20,1,0
BRDA:308,21,0,0
BRDA:308,21,1,0
BRDA:312,22,0,0
BRDA:312,22,1,0
BRDA:20,23,0,0
BRDA:20,23,1,0
BRDA:20,24,0,0
BRDA:20,24,1,0
BRDA:20,25,0,0
BRDA:20,25,1,0
BRDA:20,26,0,0
BRDA:20,26,1,0
BRF:54
BRH:0
end_of_record
TN:
SF:src/modules/student/dto/create-student-institution.dto.ts
FNF:0
FNH:0
DA:1,0
DA:9,0
DA:12,0
DA:15,0
DA:19,0
DA:23,0
DA:27,0
LF:7
LH:0
BRF:0
BRH:0
end_of_record
TN:
SF:src/modules/student/dto/update-student-institution.dto.ts
FNF:0
FNH:0
DA:1,0
DA:3,0
DA:6,0
DA:10,0
DA:14,0
DA:18,0
LF:6
LH:0
BRF:0
BRH:0
end_of_record
TN:
SF:src/modules/subject/subject.controller.ts
FN:28,(anonymous_4)
FN:31,(anonymous_5)
FN:37,(anonymous_6)
FN:43,(anonymous_7)
FN:62,(anonymous_8)
FN:73,(anonymous_9)
FN:53,(anonymous_10)
FNF:7
FNH:0
FNDA:0,(anonymous_4)
FNDA:0,(anonymous_5)
FNDA:0,(anonymous_6)
FNDA:0,(anonymous_7)
FNDA:0,(anonymous_8)
FNDA:0,(anonymous_9)
FNDA:0,(anonymous_10)
DA:1,0
DA:14,0
DA:15,0
DA:16,0
DA:17,0
DA:18,0
DA:19,0
DA:20,0
DA:21,0
DA:27,0
DA:28,0
DA:31,0
DA:32,0
DA:37,0
DA:38,0
DA:43,0
DA:44,0
DA:54,0
DA:58,0
DA:62,0
DA:67,0
DA:68,0
DA:73,0
DA:74,0
LF:24
LH:0
BRDA:67,0,0,0
BRDA:67,0,1,0
BRDA:37,1,0,0
BRDA:37,1,1,0
BRDA:37,2,0,0
BRDA:37,2,1,0
BRDA:43,3,0,0
BRDA:43,3,1,0
BRDA:43,4,0,0
BRDA:43,4,1,0
BRDA:65,5,0,0
BRDA:65,5,1,0
BRDA:65,6,0,0
BRDA:65,6,1,0
BRDA:65,6,2,0
BRDA:28,7,0,0
BRDA:28,7,1,0
BRDA:28,8,0,0
BRDA:28,8,1,0
BRF:19
BRH:0
end_of_record
TN:
SF:src/modules/subject/subject.module.ts
FNF:0
FNH:0
DA:1,0
DA:2,0
DA:3,0
DA:4,0
DA:5,0
DA:13,0
LF:6
LH:0
BRF:0
BRH:0
end_of_record
TN:
SF:src/modules/subject/subject.service.ts
FN:12,(anonymous_2)
FN:17,(anonymous_3)
FN:35,(anonymous_4)
FN:70,(anonymous_5)
FN:97,(anonymous_6)
FN:112,(anonymous_7)
FN:135,(anonymous_8)
FNF:7
FNH:0
FNDA:0,(anonymous_2)
FNDA:0,(anonymous_3)
FNDA:0,(anonymous_4)
FNDA:0,(anonymous_5)
FNDA:0,(anonymous_6)
FNDA:0,(anonymous_7)
FNDA:0,(anonymous_8)
DA:1,0
DA:2,0
DA:3,0
DA:4,0
DA:5,0
DA:6,0
DA:11,0
DA:13,0
DA:14,0
DA:18,0
DA:36,0
DA:39,0
DA:41,0
DA:46,0
DA:47,0
DA:50,0
DA:51,0
DA:57,0
DA:71,0
DA:74,0
DA:76,0
DA:77,0
DA:80,0
DA:83,0
DA:102,0
DA:105,0
DA:107,0
DA:111,0
DA:112,0
DA:113,0
DA:116,0
DA:117,0
DA:118,0
DA:120,0
DA:136,0
DA:139,0
DA:141,0
DA:142,0
LF:38
LH:0
BRDA:39,0,0,0
BRDA:39,0,1,0
BRDA:46,1,0,0
BRDA:46,1,1,0
BRDA:50,2,0,0
BRDA:50,2,1,0
BRDA:74,3,0,0
BRDA:74,3,1,0
BRDA:76,4,0,0
BRDA:76,4,1,0
BRDA:80,5,0,0
BRDA:80,5,1,0
BRDA:87,6,0,0
BRDA:87,6,1,0
BRDA:105,7,0,0
BRDA:105,7,1,0
BRDA:111,8,0,0
BRDA:111,8,1,0
BRDA:139,9,0,0
BRDA:139,9,1,0
BRDA:13,10,0,0
BRDA:13,10,1,0
BRDA:13,11,0,0
BRDA:13,11,1,0
BRDA:13,12,0,0
BRDA:13,12,1,0
BRDA:13,13,0,0
BRDA:13,13,1,0
BRF:28
BRH:0
end_of_record
TN:
SF:src/modules/subject/dto/create-subject.dto.ts
FNF:0
FNH:0
DA:1,0
DA:3,0
DA:6,0
DA:10,0
LF:4
LH:0
BRF:0
BRH:0
end_of_record
TN:
SF:src/modules/subject/dto/update-subject.dto.ts
FNF:0
FNH:0
DA:1,0
DA:3,0
DA:6,0
DA:10,0
LF:4
LH:0
BRF:0
BRH:0
end_of_record
TN:
SF:src/modules/task/task.controller.ts
FN:26,(anonymous_4)
FN:30,(anonymous_5)
FN:36,(anonymous_6)
FN:45,(anonymous_7)
FN:53,(anonymous_8)
FN:58,(anonymous_9)
FN:63,(anonymous_10)
FN:72,(anonymous_11)
FN:77,(anonymous_12)
FNF:9
FNH:0
FNDA:0,(anonymous_4)
FNDA:0,(anonymous_5)
FNDA:0,(anonymous_6)
FNDA:0,(anonymous_7)
FNDA:0,(anonymous_8)
FNDA:0,(anonymous_9)
FNDA:0,(anonymous_10)
FNDA:0,(anonymous_11)
FNDA:0,(anonymous_12)
DA:1,0
DA:13,0
DA:14,0
DA:15,0
DA:16,0
DA:17,0
DA:18,0
DA:19,0
DA:25,0
DA:26,0
DA:30,0
DA:31,0
DA:36,0
DA:41,0
DA:45,0
DA:49,0
DA:53,0
DA:54,0
DA:58,0
DA:59,0
DA:63,0
DA:68,0
DA:72,0
DA:73,0
DA:77,0
DA:83,0
LF:26
LH:0
BRDA:58,0,0,0
BRDA:58,0,1,0
BRDA:58,1,0,0
BRDA:58,1,1,0
BRDA:66,2,0,0
BRDA:66,2,1,0
BRDA:66,3,0,0
BRDA:66,3,1,0
BRDA:81,4,0,0
BRDA:81,4,1,0
BRDA:81,5,0,0
BRDA:81,5,1,0
BRDA:26,6,0,0
BRDA:26,6,1,0
BRDA:26,7,0,0
BRDA:26,7,1,0
BRF:16
BRH:0
end_of_record
TN:
SF:src/modules/task/task.module.ts
FNF:0
FNH:0
DA:1,0
DA:2,0
DA:3,0
DA:4,0
DA:11,0
LF:5
LH:0
BRF:0
BRH:0
end_of_record
TN:
SF:src/modules/task/task.service.ts
FN:13,(anonymous_2)
FN:16,(anonymous_3)
FN:26,(anonymous_4)
FN:52,(anonymous_5)
FN:65,(anonymous_6)
FN:91,(anonymous_7)
FN:96,(anonymous_8)
FN:98,(anonymous_9)
FN:104,(anonymous_10)
FN:108,(anonymous_11)
FN:127,(anonymous_12)
FN:131,(anonymous_13)
FN:135,(anonymous_14)
FN:159,(anonymous_15)
FN:163,(anonymous_16)
FN:180,(anonymous_17)
FN:187,(anonymous_18)
FN:206,(anonymous_19)
FN:213,(anonymous_20)
FN:224,(anonymous_21)
FN:240,(anonymous_22)
FN:261,(anonymous_23)
FN:270,(anonymous_24)
FN:290,(anonymous_25)
FNF:24
FNH:0
FNDA:0,(anonymous_2)
FNDA:0,(anonymous_3)
FNDA:0,(anonymous_4)
FNDA:0,(anonymous_5)
FNDA:0,(anonymous_6)
FNDA:0,(anonymous_7)
FNDA:0,(anonymous_8)
FNDA:0,(anonymous_9)
FNDA:0,(anonymous_10)
FNDA:0,(anonymous_11)
FNDA:0,(anonymous_12)
FNDA:0,(anonymous_13)
FNDA:0,(anonymous_14)
FNDA:0,(anonymous_15)
FNDA:0,(anonymous_16)
FNDA:0,(anonymous_17)
FNDA:0,(anonymous_18)
FNDA:0,(anonymous_19)
FNDA:0,(anonymous_20)
FNDA:0,(anonymous_21)
FNDA:0,(anonymous_22)
FNDA:0,(anonymous_23)
FNDA:0,(anonymous_24)
FNDA:0,(anonymous_25)
DA:1,0
DA:7,0
DA:12,0
DA:13,0
DA:17,0
DA:21,0
DA:22,0
DA:31,0
DA:39,0
DA:40,0
DA:42,0
DA:43,0
DA:47,0
DA:48,0
DA:53,0
DA:54,0
DA:55,0
DA:58,0
DA:59,0
DA:60,0
DA:61,0
DA:66,0
DA:68,0
DA:88,0
DA:91,0
DA:96,0
DA:98,0
DA:104,0
DA:109,0
DA:111,0
DA:127,0
DA:131,0
DA:136,0
DA:138,0
DA:151,0
DA:152,0
DA:153,0
DA:155,0
DA:159,0
DA:164,0
DA:165,0
DA:171,0
DA:173,0
DA:180,0
DA:188,0
DA:190,0
DA:194,0
DA:195,0
DA:196,0
DA:198,0
DA:204,0
DA:206,0
DA:207,0
DA:211,0
DA:212,0
DA:213,0
DA:221,0
DA:225,0
DA:227,0
DA:231,0
DA:232,0
DA:233,0
DA:235,0
DA:236,0
DA:241,0
DA:243,0
DA:261,0
DA:276,0
DA:277,0
DA:279,0
DA:286,0
DA:287,0
DA:288,0
DA:290,0
DA:291,0
DA:294,0
DA:295,0
DA:299,0
LF:78
LH:0
BRDA:21,0,0,0
BRDA:21,0,1,0
BRDA:39,1,0,0
BRDA:39,1,1,0
BRDA:47,2,0,0
BRDA:47,2,1,0
BRDA:54,3,0,0
BRDA:54,3,1,0
BRDA:59,4,0,0
BRDA:59,4,1,0
BRDA:59,5,0,0
BRDA:59,5,1,0
BRDA:59,5,2,0
BRDA:114,6,0,0
BRDA:114,6,1,0
BRDA:151,7,0,0
BRDA:151,7,1,0
BRDA:152,8,0,0
BRDA:152,8,1,0
BRDA:194,9,0,0
BRDA:194,9,1,0
BRDA:195,10,0,0
BRDA:195,10,1,0
BRDA:231,11,0,0
BRDA:231,11,1,0
BRDA:232,12,0,0
BRDA:232,12,1,0
BRDA:266,13,0,0
BRDA:266,13,1,0
BRDA:286,14,0,0
BRDA:286,14,1,0
BRDA:287,15,0,0
BRDA:287,15,1,0
BRDA:294,16,0,0
BRDA:294,16,1,0
BRDA:13,17,0,0
BRDA:13,17,1,0
BRDA:13,18,0,0
BRDA:13,18,1,0
BRF:39
BRH:0
end_of_record
TN:
SF:src/modules/task/dto/create-task.dto.ts
FNF:0
FNH:0
DA:1,0
DA:3,0
DA:6,0
DA:10,0
DA:15,0
LF:5
LH:0
BRF:0
BRH:0
end_of_record
TN:
SF:src/modules/task/dto/set-grade.dto.ts
FNF:0
FNH:0
DA:1,0
DA:3,0
DA:7,0
LF:3
LH:0
BRF:0
BRH:0
end_of_record
TN:
SF:src/modules/task/dto/update-task.dto.ts
FNF:0
FNH:0
DA:1,0
DA:3,0
DA:6,0
DA:10,0
DA:15,0
LF:5
LH:0
BRF:0
BRH:0
end_of_record
TN:
SF:src/modules/teacher/teacher.controller.ts
FN:23,(anonymous_4)
FN:27,(anonymous_5)
FN:33,(anonymous_6)
FN:39,(anonymous_7)
FN:47,(anonymous_8)
FN:52,(anonymous_9)
FN:57,(anonymous_10)
FN:62,(anonymous_11)
FN:71,(anonymous_12)
FN:76,(anonymous_13)
FN:81,(anonymous_14)
FNF:11
FNH:0
FNDA:0,(anonymous_4)
FNDA:0,(anonymous_5)
FNDA:0,(anonymous_6)
FNDA:0,(anonymous_7)
FNDA:0,(anonymous_8)
FNDA:0,(anonymous_9)
FNDA:0,(anonymous_10)
FNDA:0,(anonymous_11)
FNDA:0,(anonymous_12)
FNDA:0,(anonymous_13)
FNDA:0,(anonymous_14)
DA:1,0
DA:11,0
DA:12,0
DA:13,0
DA:14,0
DA:15,0
DA:16,0
DA:22,0
DA:23,0
DA:27,0
DA:28,0
DA:33,0
DA:34,0
DA:39,0
DA:43,0
DA:47,0
DA:48,0
DA:52,0
DA:53,0
DA:57,0
DA:58,0
DA:62,0
DA:67,0
DA:71,0
DA:72,0
DA:76,0
DA:77,0
DA:81,0
DA:85,0
LF:29
LH:0
BRDA:52,0,0,0
BRDA:52,0,1,0
BRDA:52,1,0,0
BRDA:52,1,1,0
BRDA:65,2,0,0
BRDA:65,2,1,0
BRDA:65,3,0,0
BRDA:65,3,1,0
BRDA:23,4,0,0
BRDA:23,4,1,0
BRDA:23,5,0,0
BRDA:23,5,1,0
BRF:12
BRH:0
end_of_record
TN:
SF:src/modules/teacher/teacher.module.ts
FNF:0
FNH:0
DA:1,0
DA:2,0
DA:3,0
DA:4,0
DA:5,0
DA:13,0
LF:6
LH:0
BRF:0
BRH:0
end_of_record
TN:
SF:src/modules/teacher/teacher.service.ts
FN:17,(anonymous_2)
FN:22,(anonymous_3)
FN:32,(anonymous_4)
FN:48,(anonymous_5)
FN:58,(anonymous_6)
FN:77,(anonymous_7)
FN:117,(anonymous_8)
FN:124,(anonymous_9)
FN:125,(anonymous_10)
FN:129,(anonymous_11)
FN:181,(anonymous_12)
FN:182,(anonymous_13)
FN:186,(anonymous_14)
FN:202,(anonymous_15)
FN:219,(anonymous_16)
FN:229,(anonymous_17)
FN:244,(anonymous_18)
FN:257,(anonymous_19)
FN:270,(anonymous_20)
FN:282,(anonymous_21)
FN:289,(anonymous_22)
FN:316,(anonymous_23)
FN:335,(anonymous_24)
FN:336,(anonymous_25)
FN:340,(anonymous_26)
FN:342,(anonymous_27)
FN:346,(anonymous_28)
FN:363,(anonymous_29)
FN:378,(anonymous_30)
FN:387,(anonymous_31)
FN:442,(anonymous_32)
FN:450,(anonymous_33)
FN:458,(anonymous_34)
FN:462,(anonymous_35)
FN:472,(anonymous_36)
FNF:35
FNH:0
FNDA:0,(anonymous_2)
FNDA:0,(anonymous_3)
FNDA:0,(anonymous_4)
FNDA:0,(anonymous_5)
FNDA:0,(anonymous_6)
FNDA:0,(anonymous_7)
FNDA:0,(anonymous_8)
FNDA:0,(anonymous_9)
FNDA:0,(anonymous_10)
FNDA:0,(anonymous_11)
FNDA:0,(anonymous_12)
FNDA:0,(anonymous_13)
FNDA:0,(anonymous_14)
FNDA:0,(anonymous_15)
FNDA:0,(anonymous_16)
FNDA:0,(anonymous_17)
FNDA:0,(anonymous_18)
FNDA:0,(anonymous_19)
FNDA:0,(anonymous_20)
FNDA:0,(anonymous_21)
FNDA:0,(anonymous_22)
FNDA:0,(anonymous_23)
FNDA:0,(anonymous_24)
FNDA:0,(anonymous_25)
FNDA:0,(anonymous_26)
FNDA:0,(anonymous_27)
FNDA:0,(anonymous_28)
FNDA:0,(anonymous_29)
FNDA:0,(anonymous_30)
FNDA:0,(anonymous_31)
FNDA:0,(anonymous_32)
FNDA:0,(anonymous_33)
FNDA:0,(anonymous_34)
FNDA:0,(anonymous_35)
FNDA:0,(anonymous_36)
DA:1,0
DA:8,0
DA:9,0
DA:10,0
DA:11,0
DA:16,0
DA:18,0
DA:19,0
DA:23,0
DA:26,0
DA:27,0
DA:30,0
DA:32,0
DA:33,0
DA:44,0
DA:46,0
DA:47,0
DA:48,0
DA:56,0
DA:57,0
DA:58,0
DA:66,0
DA:74,0
DA:78,0
DA:117,0
DA:124,0
DA:125,0
DA:130,0
DA:169,0
DA:170,0
DA:171,0
DA:173,0
DA:181,0
DA:182,0
DA:187,0
DA:188,0
DA:189,0
DA:193,0
DA:199,0
DA:203,0
DA:204,0
DA:205,0
DA:210,0
DA:211,0
DA:216,0
DA:220,0
DA:225,0
DA:226,0
DA:227,0
DA:229,0
DA:230,0
DA:238,0
DA:239,0
DA:242,0
DA:243,0
DA:244,0
DA:253,0
DA:254,0
DA:255,0
DA:256,0
DA:257,0
DA:267,0
DA:271,0
DA:275,0
DA:276,0
DA:283,0
DA:285,0
DA:289,0
DA:291,0
DA:305,0
DA:307,0
DA:317,0
DA:319,0
DA:334,0
DA:335,0
DA:336,0
DA:341,0
DA:342,0
DA:349,0
DA:350,0
DA:351,0
DA:352,0
DA:353,0
DA:356,0
DA:357,0
DA:358,0
DA:359,0
DA:366,0
DA:367,0
DA:368,0
DA:369,0
DA:370,0
DA:371,0
DA:372,0
DA:373,0
DA:376,0
DA:377,0
DA:378,0
DA:379,0
DA:381,0
DA:388,0
DA:390,0
DA:393,0
DA:394,0
DA:396,0
DA:407,0
DA:409,0
DA:431,0
DA:432,0
DA:434,0
DA:442,0
DA:450,0
DA:458,0
DA:463,0
DA:468,0
DA:469,0
DA:470,0
DA:472,0
DA:473,0
DA:474,0
DA:475,0
DA:476,0
DA:479,0
LF:123
LH:0
BRDA:26,0,0,0
BRDA:26,0,1,0
BRDA:38,1,0,0
BRDA:38,1,1,0
BRDA:46,2,0,0
BRDA:46,2,1,0
BRDA:56,3,0,0
BRDA:56,3,1,0
BRDA:169,4,0,0
BRDA:169,4,1,0
BRDA:170,5,0,0
BRDA:170,5,1,0
BRDA:188,6,0,0
BRDA:188,6,1,0
BRDA:204,7,0,0
BRDA:204,7,1,0
BRDA:225,8,0,0
BRDA:225,8,1,0
BRDA:226,9,0,0
BRDA:226,9,1,0
BRDA:233,10,0,0
BRDA:233,10,1,0
BRDA:234,11,0,0
BRDA:234,11,1,0
BRDA:238,12,0,0
BRDA:238,12,1,0
BRDA:242,13,0,0
BRDA:242,13,1,0
BRDA:253,14,0,0
BRDA:253,14,1,0
BRDA:255,15,0,0
BRDA:255,15,1,0
BRDA:275,16,0,0
BRDA:275,16,1,0
BRDA:292,17,0,0
BRDA:292,17,1,0
BRDA:341,18,0,0
BRDA:341,18,1,0
BRDA:351,19,0,0
BRDA:351,19,1,0
BRDA:369,20,0,0
BRDA:369,20,1,0
BRDA:370,21,0,0
BRDA:370,21,1,0
BRDA:393,22,0,0
BRDA:393,22,1,0
BRDA:407,23,0,0
BRDA:407,23,1,0
BRDA:446,24,0,0
BRDA:446,24,1,0
BRDA:454,25,0,0
BRDA:454,25,1,0
BRDA:468,26,0,0
BRDA:468,26,1,0
BRDA:469,27,0,0
BRDA:469,27,1,0
BRDA:18,28,0,0
BRDA:18,28,1,0
BRDA:18,29,0,0
BRDA:18,29,1,0
BRDA:18,30,0,0
BRDA:18,30,1,0
BRDA:18,31,0,0
BRDA:18,31,1,0
BRF:64
BRH:0
end_of_record
TN:
SF:src/modules/teacher/dto/create-teacher.dto.ts
FNF:0
FNH:0
DA:1,0
DA:10,0
DA:13,0
DA:16,0
DA:20,0
DA:25,0
DA:30,0
LF:7
LH:0
BRF:0
BRH:0
end_of_record
TN:
SF:src/modules/teacher/dto/update-teacher.dto.ts
FNF:0
FNH:0
DA:1,0
DA:3,0
DA:6,0
DA:10,0
DA:15,0
DA:20,0
LF:6
LH:0
BRF:0
BRH:0
end_of_record
TN:
SF:src/prisma/prisma-mock.ts
FN:5,(anonymous_0)
FNF:1
FNH:1
FNDA:32,(anonymous_0)
DA:2,1
DA:5,1
DA:6,32
LF:3
LH:3
BRF:0
BRH:0
end_of_record
TN:
SF:src/prisma/prisma.service.ts
FN:12,(anonymous_2)
FN:19,(anonymous_3)
FN:23,(anonymous_4)
FNF:3
FNH:0
FNDA:0,(anonymous_2)
FNDA:0,(anonymous_3)
FNDA:0,(anonymous_4)
DA:1,1
DA:2,1
DA:3,1
DA:4,1
DA:5,1
DA:8,1
DA:12,0
DA:13,0
DA:14,0
DA:15,0
DA:16,0
DA:20,0
DA:24,0
LF:13
LH:6
BRDA:12,0,0,1
BRDA:12,0,1,0
BRDA:12,1,0,1
BRDA:12,1,1,1
BRF:4
BRH:3
end_of_record
