TN:
SF:src/app.controller.ts
FN:6,(anonymous_2)
FN:9,(anonymous_3)
FNF:2
FNH:0
FNDA:0,(anonymous_2)
FNDA:0,(anonymous_3)
DA:1,0
DA:2,0
DA:5,0
DA:6,0
DA:9,0
DA:10,0
LF:6
LH:0
BRDA:6,0,0,0
BRDA:6,0,1,0
BRDA:6,1,0,0
BRDA:6,1,1,0
BRF:4
BRH:0
end_of_record
TN:
SF:src/app.module.ts
FNF:0
FNH:0
DA:1,0
DA:2,0
DA:3,0
DA:4,0
DA:5,0
DA:6,0
DA:7,0
DA:8,0
DA:9,0
DA:10,0
DA:11,0
DA:12,0
DA:13,0
DA:14,0
DA:15,0
DA:16,0
DA:17,0
DA:18,0
DA:19,0
DA:20,0
DA:21,0
DA:48,0
LF:22
LH:0
BRF:0
BRH:0
end_of_record
TN:
SF:src/app.service.ts
FN:5,(anonymous_1)
FNF:1
FNH:0
FNDA:0,(anonymous_1)
DA:1,0
DA:4,0
DA:6,0
LF:3
LH:0
BRF:0
BRH:0
end_of_record
TN:
SF:src/main.ts
FN:9,bootstrap
FNF:1
FNH:0
FNDA:0,bootstrap
DA:1,0
DA:3,0
DA:4,0
DA:5,0
DA:6,0
DA:7,0
DA:10,0
DA:12,0
DA:13,0
DA:14,0
DA:17,0
DA:23,0
DA:31,0
DA:34,0
DA:36,0
DA:38,0
LF:16
LH:0
BRDA:18,0,0,0
BRDA:18,0,1,0
BRDA:34,1,0,0
BRDA:34,1,1,0
BRDA:34,1,2,0
BRF:5
BRH:0
end_of_record
TN:
SF:src/common/decorators/current-user.decorator.ts
FN:12,(anonymous_0)
FNF:1
FNH:0
FNDA:0,(anonymous_0)
DA:1,0
DA:11,0
DA:13,0
DA:14,0
LF:4
LH:0
BRF:0
BRH:0
end_of_record
TN:
SF:src/common/decorators/public.decorator.ts
FN:6,(anonymous_0)
FNF:1
FNH:0
FNDA:0,(anonymous_0)
DA:1,0
DA:3,0
DA:6,0
LF:3
LH:0
BRF:0
BRH:0
end_of_record
TN:
SF:src/common/decorators/roles.decorator.ts
FN:4,(anonymous_0)
FNF:1
FNH:0
FNDA:0,(anonymous_0)
DA:1,0
DA:3,0
DA:4,0
LF:3
LH:0
BRF:0
BRH:0
end_of_record
TN:
SF:src/common/filters/exception.filter.ts
FN:15,(anonymous_1)
FNF:1
FNH:0
FNDA:0,(anonymous_1)
DA:1,0
DA:12,0
DA:13,0
DA:16,0
DA:17,0
DA:18,0
DA:20,0
DA:21,0
DA:23,0
DA:24,0
DA:25,0
DA:26,0
DA:32,0
DA:33,0
DA:35,0
DA:36,0
DA:42,0
LF:17
LH:0
BRDA:23,0,0,0
BRDA:23,0,1,0
BRDA:27,1,0,0
BRDA:27,1,1,0
BRDA:29,2,0,0
BRDA:29,2,1,0
BRDA:32,3,0,0
BRDA:32,3,1,0
BRDA:35,4,0,0
BRDA:35,4,1,0
BRF:10
BRH:0
end_of_record
TN:
SF:src/common/guards/roles.guard.ts
FN:12,(anonymous_2)
FN:14,(anonymous_3)
FNF:2
FNH:0
FNDA:0,(anonymous_2)
FNDA:0,(anonymous_3)
DA:1,0
DA:7,0
DA:8,0
DA:11,0
DA:12,0
DA:15,0
DA:20,0
DA:22,0
DA:23,0
DA:24,0
DA:27,0
LF:11
LH:0
BRDA:20,0,0,0
BRDA:20,0,1,0
BRDA:23,1,0,0
BRDA:23,1,1,0
BRDA:12,2,0,0
BRDA:12,2,1,0
BRDA:12,3,0,0
BRDA:12,3,1,0
BRF:8
BRH:0
end_of_record
TN:
SF:src/common/interceptors/response.interceptor.ts
FN:21,(anonymous_1)
FN:28,(anonymous_2)
FNF:2
FNH:0
FNDA:0,(anonymous_1)
FNDA:0,(anonymous_2)
DA:1,0
DA:8,0
DA:17,0
DA:25,0
DA:27,0
DA:28,0
LF:6
LH:0
BRF:0
BRH:0
end_of_record
TN:
SF:src/common/utils/access-code.ts
FN:8,generateAccessCode
FNF:1
FNH:0
FNDA:0,generateAccessCode
DA:1,0
DA:4,0
DA:5,0
DA:8,0
DA:9,0
DA:10,0
DA:11,0
DA:13,0
LF:8
LH:0
BRF:0
BRH:0
end_of_record
TN:
SF:src/common/utils/age.ts
FN:2,isMinor
FNF:1
FNH:0
FNDA:0,isMinor
DA:2,0
DA:6,0
DA:11,0
LF:3
LH:0
BRDA:4,0,0,0
BRF:1
BRH:0
end_of_record
TN:
SF:src/modules/ai-provider/ai-provider.mock.ts
FN:5,(anonymous_0)
FNF:1
FNH:0
FNDA:0,(anonymous_0)
DA:5,0
LF:1
LH:0
BRF:0
BRH:0
end_of_record
TN:
SF:src/modules/ai-provider/ai-provider.module.ts
FNF:0
FNH:0
DA:1,0
DA:2,0
DA:8,0
LF:3
LH:0
BRF:0
BRH:0
end_of_record
TN:
SF:src/modules/ai-provider/ai-provider.service.ts
FN:18,(anonymous_2)
FN:21,(anonymous_3)
FN:44,(anonymous_4)
FN:48,(anonymous_5)
FN:52,(anonymous_6)
FN:56,(anonymous_7)
FNF:6
FNH:5
FNDA:7,(anonymous_2)
FNDA:5,(anonymous_3)
FNDA:1,(anonymous_4)
FNDA:1,(anonymous_5)
FNDA:1,(anonymous_6)
FNDA:0,(anonymous_7)
DA:1,1
DA:2,1
DA:9,1
DA:15,1
DA:16,7
DA:18,7
DA:22,5
DA:24,4
DA:25,4
DA:27,2
DA:36,2
DA:38,2
DA:45,1
DA:49,1
DA:53,1
DA:57,0
LF:16
LH:15
BRDA:22,0,0,1
BRDA:22,0,1,4
BRDA:25,1,0,2
BRDA:25,1,1,2
BRDA:39,2,0,2
BRDA:39,2,1,1
BRDA:18,3,0,1
BRDA:18,3,1,0
BRDA:18,4,0,1
BRDA:18,4,1,1
BRF:10
BRH:9
end_of_record
TN:
SF:src/modules/ai-provider/adapters/gemini.adapter.ts
FN:25,(anonymous_0)
FN:29,(anonymous_1)
FN:33,(anonymous_2)
FN:44,(anonymous_3)
FN:58,(anonymous_4)
FN:89,(anonymous_5)
FN:92,(anonymous_6)
FNF:7
FNH:7
FNDA:9,(anonymous_0)
FNDA:2,(anonymous_1)
FNDA:3,(anonymous_2)
FNDA:1,(anonymous_3)
FNDA:2,(anonymous_4)
FNDA:4,(anonymous_5)
FNDA:6,(anonymous_6)
DA:1,2
DA:9,2
DA:22,2
DA:25,9
DA:26,9
DA:30,2
DA:34,3
DA:37,3
DA:45,1
DA:48,1
DA:49,3
DA:59,2
DA:71,2
DA:72,1
DA:73,1
DA:78,1
DA:81,1
DA:90,4
DA:92,6
LF:19
LH:19
BRDA:38,0,0,3
BRDA:38,0,1,0
BRDA:39,1,0,3
BRDA:39,1,1,0
BRDA:40,2,0,3
BRDA:40,2,1,0
BRDA:49,3,0,3
BRDA:49,3,1,0
BRDA:71,4,0,1
BRDA:71,4,1,1
BRDA:93,5,0,1
BRDA:93,5,1,5
BRDA:97,6,0,1
BRDA:97,6,1,3
BRDA:100,7,0,1
BRDA:100,7,1,3
BRDA:103,8,0,1
BRDA:103,8,1,3
BRF:18
BRH:14
end_of_record
TN:
SF:src/modules/auth/auth.controller.ts
FN:14,(anonymous_4)
FN:19,(anonymous_5)
FN:26,(anonymous_6)
FN:33,(anonymous_7)
FN:40,(anonymous_8)
FN:47,(anonymous_9)
FN:53,(anonymous_10)
FN:60,(anonymous_11)
FNF:8
FNH:0
FNDA:0,(anonymous_4)
FNDA:0,(anonymous_5)
FNDA:0,(anonymous_6)
FNDA:0,(anonymous_7)
FNDA:0,(anonymous_8)
FNDA:0,(anonymous_9)
FNDA:0,(anonymous_10)
FNDA:0,(anonymous_11)
DA:1,0
DA:2,0
DA:3,0
DA:4,0
DA:5,0
DA:6,0
DA:7,0
DA:8,0
DA:9,0
DA:10,0
DA:13,0
DA:14,0
DA:19,0
DA:20,0
DA:26,0
DA:27,0
DA:33,0
DA:34,0
DA:40,0
DA:41,0
DA:47,0
DA:48,0
DA:53,0
DA:54,0
DA:60,0
DA:61,0
LF:26
LH:0
BRDA:19,0,0,0
BRDA:19,0,1,0
BRDA:19,1,0,0
BRDA:19,1,1,0
BRDA:26,2,0,0
BRDA:26,2,1,0
BRDA:26,3,0,0
BRDA:26,3,1,0
BRDA:33,4,0,0
BRDA:33,4,1,0
BRDA:33,5,0,0
BRDA:33,5,1,0
BRDA:40,6,0,0
BRDA:40,6,1,0
BRDA:40,7,0,0
BRDA:40,7,1,0
BRDA:47,8,0,0
BRDA:47,8,1,0
BRDA:47,9,0,0
BRDA:47,9,1,0
BRDA:53,10,0,0
BRDA:53,10,1,0
BRDA:53,11,0,0
BRDA:53,11,1,0
BRDA:60,12,0,0
BRDA:60,12,1,0
BRDA:60,13,0,0
BRDA:60,13,1,0
BRDA:14,14,0,0
BRDA:14,14,1,0
BRDA:14,15,0,0
BRDA:14,15,1,0
BRF:32
BRH:0
end_of_record
TN:
SF:src/modules/auth/auth.module.ts
FNF:0
FNH:0
DA:1,0
DA:2,0
DA:3,0
DA:4,0
DA:5,0
DA:6,0
DA:7,0
DA:8,0
DA:9,0
DA:23,0
LF:10
LH:0
BRF:0
BRH:0
end_of_record
TN:
SF:src/modules/auth/auth.service.ts
FN:29,(anonymous_11)
FN:37,(anonymous_12)
FN:61,(anonymous_13)
FN:92,(anonymous_14)
FN:143,(anonymous_15)
FN:158,(anonymous_16)
FN:186,(anonymous_17)
FN:209,(anonymous_18)
FN:239,(anonymous_19)
FNF:9
FNH:0
FNDA:0,(anonymous_11)
FNDA:0,(anonymous_12)
FNDA:0,(anonymous_13)
FNDA:0,(anonymous_14)
FNDA:0,(anonymous_15)
FNDA:0,(anonymous_16)
FNDA:0,(anonymous_17)
FNDA:0,(anonymous_18)
FNDA:0,(anonymous_19)
DA:1,0
DA:6,0
DA:7,0
DA:8,0
DA:9,0
DA:10,0
DA:16,0
DA:17,0
DA:18,0
DA:28,0
DA:30,0
DA:31,0
DA:32,0
DA:33,0
DA:34,0
DA:42,0
DA:48,0
DA:53,0
DA:58,0
DA:64,0
DA:68,0
DA:69,0
DA:75,0
DA:76,0
DA:81,0
DA:82,0
DA:83,0
DA:88,0
DA:93,0
DA:102,0
DA:103,0
DA:111,0
DA:128,0
DA:129,0
DA:130,0
DA:139,0
DA:146,0
DA:154,0
DA:161,0
DA:165,0
DA:166,0
DA:169,0
DA:170,0
DA:172,0
DA:183,0
DA:187,0
DA:188,0
DA:192,0
DA:198,0
DA:203,0
DA:205,0
DA:210,0
DA:213,0
DA:214,0
DA:218,0
DA:223,0
DA:224,0
DA:226,0
DA:234,0
DA:236,0
DA:240,0
DA:244,0
DA:245,0
DA:248,0
DA:250,0
LF:65
LH:0
BRDA:68,0,0,0
BRDA:68,0,1,0
BRDA:75,1,0,0
BRDA:75,1,1,0
BRDA:82,2,0,0
BRDA:82,2,1,0
BRDA:102,3,0,0
BRDA:102,3,1,0
BRDA:128,4,0,0
BRDA:128,4,1,0
BRDA:129,5,0,0
BRDA:129,5,1,0
BRDA:133,6,0,0
BRDA:133,6,1,0
BRDA:134,7,0,0
BRDA:134,7,1,0
BRDA:165,8,0,0
BRDA:165,8,1,0
BRDA:179,9,0,0
BRDA:179,9,1,0
BRDA:213,10,0,0
BRDA:213,10,1,0
BRDA:244,11,0,0
BRDA:244,11,1,0
BRDA:244,12,0,0
BRDA:244,12,1,0
BRDA:244,12,2,0
BRDA:30,13,0,0
BRDA:30,13,1,0
BRDA:30,14,0,0
BRDA:30,14,1,0
BRDA:30,15,0,0
BRDA:30,15,1,0
BRDA:30,16,0,0
BRDA:30,16,1,0
BRDA:31,17,0,0
BRDA:31,17,1,0
BRDA:31,18,0,0
BRDA:31,18,1,0
BRDA:32,19,0,0
BRDA:32,19,1,0
BRDA:32,20,0,0
BRDA:32,20,1,0
BRDA:33,21,0,0
BRDA:33,21,1,0
BRDA:33,22,0,0
BRDA:33,22,1,0
BRF:47
BRH:0
end_of_record
TN:
SF:src/modules/auth/dto/activate.dto.ts
FNF:0
FNH:0
DA:1,0
DA:9,0
DA:12,0
DA:17,0
DA:20,0
DA:24,0
LF:6
LH:0
BRF:0
BRH:0
end_of_record
TN:
SF:src/modules/auth/dto/forgot-password.dto.ts
FNF:0
FNH:0
DA:1,0
DA:3,0
DA:5,0
LF:3
LH:0
BRF:0
BRH:0
end_of_record
TN:
SF:src/modules/auth/dto/login.dto.ts
FNF:0
FNH:0
DA:1,0
DA:3,0
DA:5,0
DA:9,0
LF:4
LH:0
BRF:0
BRH:0
end_of_record
TN:
SF:src/modules/auth/dto/refresh-token.dto.ts
FNF:0
FNH:0
DA:1,0
DA:3,0
DA:5,0
LF:3
LH:0
BRF:0
BRH:0
end_of_record
TN:
SF:src/modules/auth/dto/register.dto.ts
FNF:0
FNH:0
DA:1,0
DA:9,0
DA:12,0
DA:16,0
DA:19,0
DA:22,0
DA:26,0
LF:7
LH:0
BRF:0
BRH:0
end_of_record
TN:
SF:src/modules/auth/dto/reset-password.dto.ts
FNF:0
FNH:0
DA:1,0
DA:3,0
DA:5,0
DA:9,0
LF:4
LH:0
BRF:0
BRH:0
end_of_record
TN:
SF:src/modules/auth/dto/validate-code.dto.ts
FNF:0
FNH:0
DA:1,0
DA:3,0
DA:6,0
LF:3
LH:0
BRF:0
BRH:0
end_of_record
TN:
SF:src/modules/auth/guards/jwt-auth.guard.ts
FN:8,(anonymous_2)
FN:12,(anonymous_3)
FNF:2
FNH:0
FNDA:0,(anonymous_2)
FNDA:0,(anonymous_3)
DA:1,0
DA:2,0
DA:3,0
DA:4,0
DA:7,0
DA:8,0
DA:9,0
DA:14,0
DA:19,0
DA:20,0
DA:23,0
LF:11
LH:0
BRDA:19,0,0,0
BRDA:19,0,1,0
BRDA:8,1,0,0
BRDA:8,1,1,0
BRDA:8,2,0,0
BRDA:8,2,1,0
BRF:6
BRH:0
end_of_record
TN:
SF:src/modules/auth/strategies/jwt.strategy.ts
FN:9,(anonymous_2)
FN:18,(anonymous_3)
FNF:2
FNH:0
FNDA:0,(anonymous_2)
FNDA:0,(anonymous_3)
DA:1,0
DA:2,0
DA:3,0
DA:4,0
DA:8,0
DA:9,0
DA:10,0
DA:19,0
LF:8
LH:0
BRDA:9,0,0,0
BRDA:9,0,1,0
BRDA:9,1,0,0
BRDA:9,1,1,0
BRF:4
BRH:0
end_of_record
TN:
SF:src/modules/calendar/calendar.controller.ts
FN:20,(anonymous_4)
FN:24,(anonymous_5)
FN:35,(anonymous_6)
FN:41,(anonymous_7)
FN:47,(anonymous_8)
FN:53,(anonymous_9)
FN:63,(anonymous_10)
FNF:7
FNH:0
FNDA:0,(anonymous_4)
FNDA:0,(anonymous_5)
FNDA:0,(anonymous_6)
FNDA:0,(anonymous_7)
FNDA:0,(anonymous_8)
FNDA:0,(anonymous_9)
FNDA:0,(anonymous_10)
DA:1,0
DA:11,0
DA:12,0
DA:13,0
DA:14,0
DA:15,0
DA:19,0
DA:20,0
DA:24,0
DA:29,0
DA:35,0
DA:36,0
DA:41,0
DA:42,0
DA:47,0
DA:48,0
DA:53,0
DA:58,0
DA:63,0
DA:64,0
LF:20
LH:0
BRDA:47,0,0,0
BRDA:47,0,1,0
BRDA:47,1,0,0
BRDA:47,1,1,0
BRDA:56,2,0,0
BRDA:56,2,1,0
BRDA:56,3,0,0
BRDA:56,3,1,0
BRDA:20,4,0,0
BRDA:20,4,1,0
BRDA:20,5,0,0
BRDA:20,5,1,0
BRF:12
BRH:0
end_of_record
TN:
SF:src/modules/calendar/calendar.module.ts
FNF:0
FNH:0
DA:1,0
DA:2,0
DA:3,0
DA:4,0
DA:11,0
LF:5
LH:0
BRF:0
BRH:0
end_of_record
TN:
SF:src/modules/calendar/calendar.service.ts
FN:24,(anonymous_2)
FN:27,(anonymous_3)
FN:40,(anonymous_4)
FN:55,(anonymous_5)
FN:79,(anonymous_6)
FN:85,(anonymous_7)
FN:115,(anonymous_8)
FN:138,(anonymous_9)
FN:154,(anonymous_10)
FN:182,(anonymous_11)
FN:191,(anonymous_12)
FN:226,(anonymous_13)
FN:237,(anonymous_14)
FN:242,(anonymous_15)
FN:251,(anonymous_16)
FN:256,(anonymous_17)
FN:261,(anonymous_18)
FN:283,(anonymous_19)
FN:288,(anonymous_20)
FN:291,(anonymous_21)
FN:296,(anonymous_22)
FN:299,(anonymous_23)
FNF:22
FNH:0
FNDA:0,(anonymous_2)
FNDA:0,(anonymous_3)
FNDA:0,(anonymous_4)
FNDA:0,(anonymous_5)
FNDA:0,(anonymous_6)
FNDA:0,(anonymous_7)
FNDA:0,(anonymous_8)
FNDA:0,(anonymous_9)
FNDA:0,(anonymous_10)
FNDA:0,(anonymous_11)
FNDA:0,(anonymous_12)
FNDA:0,(anonymous_13)
FNDA:0,(anonymous_14)
FNDA:0,(anonymous_15)
FNDA:0,(anonymous_16)
FNDA:0,(anonymous_17)
FNDA:0,(anonymous_18)
FNDA:0,(anonymous_19)
FNDA:0,(anonymous_20)
FNDA:0,(anonymous_21)
FNDA:0,(anonymous_22)
FNDA:0,(anonymous_23)
DA:1,0
DA:7,0
DA:8,0
DA:13,0
DA:23,0
DA:24,0
DA:28,0
DA:30,0
DA:31,0
DA:33,0
DA:41,0
DA:47,0
DA:48,0
DA:51,0
DA:52,0
DA:56,0
DA:57,0
DA:59,0
DA:60,0
DA:65,0
DA:67,0
DA:79,0
DA:86,0
DA:91,0
DA:92,0
DA:96,0
DA:97,0
DA:101,0
DA:106,0
DA:107,0
DA:108,0
DA:112,0
DA:113,0
DA:115,0
DA:119,0
DA:139,0
DA:141,0
DA:142,0
DA:145,0
DA:146,0
DA:149,0
DA:150,0
DA:155,0
DA:161,0
DA:163,0
DA:171,0
DA:172,0
DA:186,0
DA:187,0
DA:194,0
DA:198,0
DA:199,0
DA:202,0
DA:203,0
DA:204,0
DA:217,0
DA:218,0
DA:233,0
DA:234,0
DA:237,0
DA:239,0
DA:240,0
DA:241,0
DA:242,0
DA:243,0
DA:247,0
DA:248,0
DA:250,0
DA:251,0
DA:252,0
DA:257,0
DA:259,0
DA:260,0
DA:261,0
DA:262,0
DA:263,0
DA:267,0
DA:271,0
DA:278,0
DA:279,0
DA:284,0
DA:288,0
DA:292,0
DA:296,0
DA:300,0
DA:302,0
DA:303,0
DA:304,0
DA:305,0
LF:89
LH:0
BRDA:31,0,0,0
BRDA:31,0,1,0
BRDA:47,1,0,0
BRDA:47,1,1,0
BRDA:47,2,0,0
BRDA:47,2,1,0
BRDA:57,3,0,0
BRDA:57,3,1,0
BRDA:59,4,0,0
BRDA:59,4,1,0
BRDA:59,5,0,0
BRDA:59,5,1,0
BRDA:73,6,0,0
BRDA:73,6,1,0
BRDA:76,7,0,0
BRDA:76,7,1,0
BRDA:77,8,0,0
BRDA:77,8,1,0
BRDA:78,9,0,0
BRDA:78,9,1,0
BRDA:91,10,0,0
BRDA:91,10,1,0
BRDA:91,11,0,0
BRDA:91,11,1,0
BRDA:96,12,0,0
BRDA:96,12,1,0
BRDA:96,13,0,0
BRDA:96,13,1,0
BRDA:101,14,0,0
BRDA:101,14,1,0
BRDA:106,15,0,0
BRDA:106,15,1,0
BRDA:107,16,0,0
BRDA:107,16,1,0
BRDA:107,17,0,0
BRDA:107,17,1,0
BRDA:122,18,0,0
BRDA:122,18,1,0
BRDA:123,19,0,0
BRDA:123,19,1,0
BRDA:124,20,0,0
BRDA:124,20,1,0
BRDA:125,21,0,0
BRDA:125,21,1,0
BRDA:128,22,0,0
BRDA:128,22,1,0
BRDA:129,23,0,0
BRDA:129,23,1,0
BRDA:130,24,0,0
BRDA:130,24,1,0
BRDA:131,25,0,0
BRDA:131,25,1,0
BRDA:132,26,0,0
BRDA:132,26,1,0
BRDA:141,27,0,0
BRDA:141,27,1,0
BRDA:141,28,0,0
BRDA:141,28,1,0
BRDA:145,29,0,0
BRDA:145,29,1,0
BRDA:145,30,0,0
BRDA:145,30,1,0
BRDA:161,31,0,0
BRDA:161,31,1,0
BRDA:161,32,0,0
BRDA:161,32,1,0
BRDA:186,33,0,0
BRDA:186,33,1,0
BRDA:187,34,0,0
BRDA:187,34,1,0
BRDA:198,35,0,0
BRDA:198,35,1,0
BRDA:198,36,0,0
BRDA:198,36,1,0
BRDA:202,37,0,0
BRDA:202,37,1,0
BRDA:233,38,0,0
BRDA:233,38,1,0
BRDA:233,39,0,0
BRDA:233,39,1,0
BRDA:239,40,0,0
BRDA:239,40,1,0
BRDA:240,41,0,0
BRDA:240,41,1,0
BRDA:242,42,0,0
BRDA:242,42,1,0
BRDA:247,43,0,0
BRDA:247,43,1,0
BRDA:251,44,0,0
BRDA:251,44,1,0
BRDA:257,45,0,0
BRDA:257,45,1,0
BRDA:259,46,0,0
BRDA:259,46,1,0
BRDA:262,47,0,0
BRDA:262,47,1,0
BRDA:278,48,0,0
BRDA:278,48,1,0
BRDA:288,49,0,0
BRDA:288,49,1,0
BRDA:296,50,0,0
BRDA:296,50,1,0
BRDA:300,51,0,0
BRDA:300,51,1,0
BRDA:300,52,0,0
BRDA:300,52,1,0
BRDA:300,52,2,0
BRDA:303,53,0,0
BRDA:303,53,1,0
BRDA:304,54,0,0
BRDA:304,54,1,0
BRDA:24,55,0,0
BRDA:24,55,1,0
BRDA:24,56,0,0
BRDA:24,56,1,0
BRF:115
BRH:0
end_of_record
TN:
SF:src/modules/calendar/dto/create-event.dto.ts
FNF:0
FNH:0
DA:1,0
DA:9,0
DA:11,0
DA:15,0
DA:19,0
DA:23,0
DA:26,0
DA:29,0
DA:34,0
DA:38,0
DA:42,0
DA:48,0
LF:12
LH:0
BRDA:15,0,0,0
BRDA:15,0,1,0
BRDA:15,1,0,0
BRDA:15,1,1,0
BRF:4
BRH:0
end_of_record
TN:
SF:src/modules/calendar/dto/update-event.dto.ts
FNF:0
FNH:0
DA:1,0
DA:9,0
DA:11,0
DA:14,0
DA:19,0
DA:23,0
DA:27,0
DA:31,0
DA:35,0
DA:39,0
DA:43,0
DA:48,0
LF:12
LH:0
BRDA:14,0,0,0
BRDA:14,0,1,0
BRDA:14,1,0,0
BRDA:14,1,1,0
BRF:4
BRH:0
end_of_record
TN:
SF:src/modules/class/class.controller.ts
FN:23,(anonymous_4)
FN:26,(anonymous_5)
FN:31,(anonymous_6)
FN:36,(anonymous_7)
FN:41,(anonymous_8)
FN:50,(anonymous_9)
FNF:6
FNH:0
FNDA:0,(anonymous_4)
FNDA:0,(anonymous_5)
FNDA:0,(anonymous_6)
FNDA:0,(anonymous_7)
FNDA:0,(anonymous_8)
FNDA:0,(anonymous_9)
DA:1,0
DA:11,0
DA:12,0
DA:13,0
DA:14,0
DA:15,0
DA:16,0
DA:22,0
DA:23,0
DA:26,0
DA:27,0
DA:31,0
DA:32,0
DA:36,0
DA:37,0
DA:41,0
DA:46,0
DA:50,0
DA:51,0
LF:19
LH:0
BRDA:36,0,0,0
BRDA:36,0,1,0
BRDA:36,1,0,0
BRDA:36,1,1,0
BRDA:44,2,0,0
BRDA:44,2,1,0
BRDA:44,3,0,0
BRDA:44,3,1,0
BRDA:23,4,0,0
BRDA:23,4,1,0
BRDA:23,5,0,0
BRDA:23,5,1,0
BRF:12
BRH:0
end_of_record
TN:
SF:src/modules/class/class.module.ts
FNF:0
FNH:0
DA:1,0
DA:2,0
DA:3,0
DA:4,0
DA:11,0
LF:5
LH:0
BRF:0
BRH:0
end_of_record
TN:
SF:src/modules/class/class.service.ts
FN:7,generateLicenseCode
FN:22,(anonymous_3)
FN:24,(anonymous_4)
FN:35,(anonymous_5)
FN:42,(anonymous_6)
FN:68,(anonymous_7)
FN:91,(anonymous_8)
FN:116,(anonymous_9)
FNF:8
FNH:0
FNDA:0,generateLicenseCode
FNDA:0,(anonymous_3)
FNDA:0,(anonymous_4)
FNDA:0,(anonymous_5)
FNDA:0,(anonymous_6)
FNDA:0,(anonymous_7)
FNDA:0,(anonymous_8)
FNDA:0,(anonymous_9)
DA:1,0
DA:2,0
DA:3,0
DA:8,0
DA:11,0
DA:21,0
DA:22,0
DA:25,0
DA:35,0
DA:43,0
DA:46,0
DA:48,0
DA:69,0
DA:72,0
DA:75,0
DA:76,0
DA:79,0
DA:92,0
DA:95,0
DA:97,0
DA:98,0
DA:101,0
DA:104,0
DA:117,0
DA:120,0
DA:122,0
DA:123,0
LF:27
LH:0
BRDA:46,0,0,0
BRDA:46,0,1,0
BRDA:72,1,0,0
BRDA:72,1,1,0
BRDA:83,2,0,0
BRDA:83,2,1,0
BRDA:95,3,0,0
BRDA:95,3,1,0
BRDA:97,4,0,0
BRDA:97,4,1,0
BRDA:101,5,0,0
BRDA:101,5,1,0
BRDA:107,6,0,0
BRDA:107,6,1,0
BRDA:108,7,0,0
BRDA:108,7,1,0
BRDA:109,8,0,0
BRDA:109,8,1,0
BRDA:110,9,0,0
BRDA:110,9,1,0
BRDA:120,10,0,0
BRDA:120,10,1,0
BRDA:22,11,0,0
BRDA:22,11,1,0
BRDA:22,12,0,0
BRDA:22,12,1,0
BRF:26
BRH:0
end_of_record
TN:
SF:src/modules/class/dto/create-class.dto.ts
FN:23,(anonymous_2)
FNF:1
FNH:0
FNDA:0,(anonymous_2)
DA:1,0
DA:9,0
DA:11,0
DA:14,0
DA:18,0
DA:23,0
DA:25,0
DA:29,0
LF:8
LH:0
BRF:0
BRH:0
end_of_record
TN:
SF:src/modules/class/dto/update-class.dto.ts
FN:16,(anonymous_2)
FNF:1
FNH:0
FNDA:0,(anonymous_2)
DA:1,0
DA:2,0
DA:4,0
DA:7,0
DA:11,0
DA:16,0
DA:18,0
DA:22,0
LF:8
LH:0
BRF:0
BRH:0
end_of_record
TN:
SF:src/modules/course/course.controller.ts
FN:23,(anonymous_4)
FN:26,(anonymous_5)
FN:31,(anonymous_6)
FN:36,(anonymous_7)
FN:45,(anonymous_8)
FNF:5
FNH:0
FNDA:0,(anonymous_4)
FNDA:0,(anonymous_5)
FNDA:0,(anonymous_6)
FNDA:0,(anonymous_7)
FNDA:0,(anonymous_8)
DA:1,0
DA:11,0
DA:12,0
DA:13,0
DA:14,0
DA:15,0
DA:16,0
DA:22,0
DA:23,0
DA:26,0
DA:27,0
DA:31,0
DA:32,0
DA:36,0
DA:41,0
DA:45,0
DA:46,0
LF:17
LH:0
BRDA:31,0,0,0
BRDA:31,0,1,0
BRDA:31,1,0,0
BRDA:31,1,1,0
BRDA:39,2,0,0
BRDA:39,2,1,0
BRDA:39,3,0,0
BRDA:39,3,1,0
BRDA:23,4,0,0
BRDA:23,4,1,0
BRDA:23,5,0,0
BRDA:23,5,1,0
BRF:12
BRH:0
end_of_record
TN:
SF:src/modules/course/course.module.ts
FNF:0
FNH:0
DA:1,0
DA:2,0
DA:3,0
DA:4,0
DA:11,0
LF:5
LH:0
BRF:0
BRH:0
end_of_record
TN:
SF:src/modules/course/course.service.ts
FN:8,(anonymous_2)
FN:10,(anonymous_3)
FN:18,(anonymous_4)
FN:28,(anonymous_5)
FN:41,(anonymous_6)
FNF:5
FNH:0
FNDA:0,(anonymous_2)
FNDA:0,(anonymous_3)
FNDA:0,(anonymous_4)
FNDA:0,(anonymous_5)
FNDA:0,(anonymous_6)
DA:1,0
DA:2,0
DA:7,0
DA:8,0
DA:11,0
DA:19,0
DA:29,0
DA:32,0
DA:34,0
DA:42,0
DA:45,0
DA:47,0
DA:48,0
LF:13
LH:0
BRDA:32,0,0,0
BRDA:32,0,1,0
BRDA:45,1,0,0
BRDA:45,1,1,0
BRDA:8,2,0,0
BRDA:8,2,1,0
BRDA:8,3,0,0
BRDA:8,3,1,0
BRF:8
BRH:0
end_of_record
TN:
SF:src/modules/course/dto/create-course.dto.ts
FNF:0
FNH:0
DA:1,0
DA:3,0
DA:6,0
DA:10,0
LF:4
LH:0
BRF:0
BRH:0
end_of_record
TN:
SF:src/modules/course/dto/update-course.dto.ts
FNF:0
FNH:0
DA:1,0
DA:3,0
DA:6,0
DA:10,0
LF:4
LH:0
BRF:0
BRH:0
end_of_record
TN:
SF:src/modules/drive/drive.controller.ts
FN:30,(anonymous_4)
FN:33,(anonymous_5)
FN:42,(anonymous_6)
FN:48,(anonymous_7)
FN:58,(anonymous_8)
FN:70,(anonymous_9)
FN:81,(anonymous_10)
FN:91,(anonymous_11)
FN:96,(anonymous_12)
FNF:9
FNH:0
FNDA:0,(anonymous_4)
FNDA:0,(anonymous_5)
FNDA:0,(anonymous_6)
FNDA:0,(anonymous_7)
FNDA:0,(anonymous_8)
FNDA:0,(anonymous_9)
FNDA:0,(anonymous_10)
FNDA:0,(anonymous_11)
FNDA:0,(anonymous_12)
DA:1,0
DA:15,0
DA:16,0
DA:17,0
DA:18,0
DA:19,0
DA:20,0
DA:21,0
DA:22,0
DA:23,0
DA:29,0
DA:30,0
DA:33,0
DA:37,0
DA:42,0
DA:43,0
DA:48,0
DA:53,0
DA:58,0
DA:59,0
DA:70,0
DA:75,0
DA:76,0
DA:81,0
DA:86,0
DA:91,0
DA:92,0
DA:96,0
DA:97,0
LF:29
LH:0
BRDA:37,0,0,0
BRDA:37,0,1,0
BRDA:75,1,0,0
BRDA:75,1,1,0
BRDA:42,2,0,0
BRDA:42,2,1,0
BRDA:42,3,0,0
BRDA:42,3,1,0
BRDA:51,4,0,0
BRDA:51,4,1,0
BRDA:51,5,0,0
BRDA:51,5,1,0
BRDA:72,6,0,0
BRDA:72,6,1,0
BRDA:72,7,0,0
BRDA:72,7,1,0
BRDA:72,7,2,0
BRDA:72,8,0,0
BRDA:72,8,1,0
BRDA:72,9,0,0
BRDA:72,9,1,0
BRDA:84,10,0,0
BRDA:84,10,1,0
BRDA:84,11,0,0
BRDA:84,11,1,0
BRDA:30,12,0,0
BRDA:30,12,1,0
BRDA:30,13,0,0
BRDA:30,13,1,0
BRF:29
BRH:0
end_of_record
TN:
SF:src/modules/drive/drive.module.ts
FNF:0
FNH:0
DA:1,0
DA:2,0
DA:3,0
DA:4,0
DA:5,0
DA:12,0
LF:6
LH:0
BRF:0
BRH:0
end_of_record
TN:
SF:src/modules/drive/drive.service.ts
FN:20,(anonymous_2)
FN:25,(anonymous_3)
FN:52,(anonymous_4)
FN:60,(anonymous_5)
FN:73,(anonymous_6)
FN:88,(anonymous_7)
FN:98,(anonymous_8)
FN:107,(anonymous_9)
FN:141,(anonymous_10)
FN:141,(anonymous_11)
FN:147,(anonymous_12)
FN:174,(anonymous_13)
FN:184,(anonymous_14)
FN:189,(anonymous_15)
FN:194,(anonymous_16)
FN:207,(anonymous_17)
FN:218,(anonymous_18)
FN:230,(anonymous_19)
FN:240,(anonymous_20)
FN:255,(anonymous_21)
FN:264,(anonymous_22)
FNF:21
FNH:0
FNDA:0,(anonymous_2)
FNDA:0,(anonymous_3)
FNDA:0,(anonymous_4)
FNDA:0,(anonymous_5)
FNDA:0,(anonymous_6)
FNDA:0,(anonymous_7)
FNDA:0,(anonymous_8)
FNDA:0,(anonymous_9)
FNDA:0,(anonymous_10)
FNDA:0,(anonymous_11)
FNDA:0,(anonymous_12)
FNDA:0,(anonymous_13)
FNDA:0,(anonymous_14)
FNDA:0,(anonymous_15)
FNDA:0,(anonymous_16)
FNDA:0,(anonymous_17)
FNDA:0,(anonymous_18)
FNDA:0,(anonymous_19)
FNDA:0,(anonymous_20)
FNDA:0,(anonymous_21)
FNDA:0,(anonymous_22)
DA:1,0
DA:6,0
DA:7,0
DA:9,0
DA:10,0
DA:16,0
DA:19,0
DA:21,0
DA:22,0
DA:26,0
DA:30,0
DA:47,0
DA:52,0
DA:60,0
DA:74,0
DA:75,0
DA:78,0
DA:89,0
DA:90,0
DA:92,0
DA:99,0
DA:100,0
DA:102,0
DA:105,0
DA:106,0
DA:107,0
DA:109,0
DA:110,0
DA:115,0
DA:123,0
DA:124,0
DA:130,0
DA:139,0
DA:140,0
DA:141,0
DA:144,0
DA:152,0
DA:153,0
DA:157,0
DA:158,0
DA:159,0
DA:161,0
DA:175,0
DA:176,0
DA:178,0
DA:185,0
DA:186,0
DA:188,0
DA:189,0
DA:191,0
DA:195,0
DA:197,0
DA:202,0
DA:208,0
DA:211,0
DA:212,0
DA:213,0
DA:215,0
DA:219,0
DA:222,0
DA:223,0
DA:224,0
DA:226,0
DA:231,0
DA:232,0
DA:233,0
DA:241,0
DA:242,0
DA:243,0
DA:244,0
DA:247,0
DA:248,0
DA:249,0
DA:251,0
DA:256,0
DA:257,0
DA:258,0
DA:259,0
DA:260,0
DA:264,0
DA:265,0
DA:266,0
DA:268,0
LF:83
LH:0
BRDA:26,0,0,0
BRDA:26,0,1,0
BRDA:34,1,0,0
BRDA:34,1,1,0
BRDA:41,2,0,0
BRDA:41,2,1,0
BRDA:48,3,0,0
BRDA:48,3,1,0
BRDA:51,4,0,0
BRDA:51,4,1,0
BRDA:74,5,0,0
BRDA:74,5,1,0
BRDA:81,6,0,0
BRDA:81,6,1,0
BRDA:105,7,0,0
BRDA:105,7,1,0
BRDA:109,8,0,0
BRDA:109,8,1,0
BRDA:123,9,0,0
BRDA:123,9,1,0
BRDA:152,10,0,0
BRDA:152,10,1,0
BRDA:164,11,0,0
BRDA:164,11,1,0
BRDA:211,12,0,0
BRDA:211,12,1,0
BRDA:212,13,0,0
BRDA:212,13,1,0
BRDA:222,14,0,0
BRDA:222,14,1,0
BRDA:223,15,0,0
BRDA:223,15,1,0
BRDA:231,16,0,0
BRDA:231,16,1,0
BRDA:232,17,0,0
BRDA:232,17,1,0
BRDA:247,18,0,0
BRDA:247,18,1,0
BRDA:21,19,0,0
BRDA:21,19,1,0
BRDA:21,20,0,0
BRDA:21,20,1,0
BRDA:21,21,0,0
BRDA:21,21,1,0
BRDA:21,22,0,0
BRDA:21,22,1,0
BRF:46
BRH:0
end_of_record
TN:
SF:src/modules/drive/dto/create-folder.dto.ts
FNF:0
FNH:0
DA:1,0
DA:9,0
DA:13,0
DA:18,0
LF:4
LH:0
BRF:0
BRH:0
end_of_record
TN:
SF:src/modules/drive/dto/rename-item.dto.ts
FNF:0
FNH:0
DA:1,0
DA:4,0
DA:8,0
LF:3
LH:0
BRF:0
BRH:0
end_of_record
TN:
SF:src/modules/drive/dto/upload-file.dto.ts
FNF:0
FNH:0
DA:1,0
DA:4,0
DA:8,0
LF:3
LH:0
BRF:0
BRH:0
end_of_record
TN:
SF:src/modules/email/email.module.ts
FNF:0
FNH:0
DA:1,0
DA:2,0
DA:8,0
LF:3
LH:0
BRF:0
BRH:0
end_of_record
TN:
SF:src/modules/email/email.service.ts
FN:13,(anonymous_2)
FN:19,(anonymous_3)
FN:38,(anonymous_4)
FN:64,buildAccessInviteEmailText
FN:88,buildAccessInviteEmail
FN:176,buildPasswordResetEmailText
FN:189,buildPasswordResetEmail
FNF:7
FNH:0
FNDA:0,(anonymous_2)
FNDA:0,(anonymous_3)
FNDA:0,(anonymous_4)
FNDA:0,buildAccessInviteEmailText
FNDA:0,buildAccessInviteEmail
FNDA:0,buildPasswordResetEmailText
FNDA:0,buildPasswordResetEmail
DA:2,0
DA:3,0
DA:4,0
DA:7,0
DA:9,0
DA:13,0
DA:14,0
DA:15,0
DA:16,0
DA:20,0
DA:22,0
DA:30,0
DA:31,0
DA:32,0
DA:35,0
DA:44,0
DA:45,0
DA:47,0
DA:55,0
DA:56,0
DA:57,0
DA:60,0
DA:70,0
DA:94,0
DA:177,0
DA:190,0
LF:26
LH:0
BRDA:30,0,0,0
BRDA:30,0,1,0
BRDA:45,1,0,0
BRDA:45,1,1,0
BRDA:55,2,0,0
BRDA:55,2,1,0
BRDA:13,3,0,0
BRDA:13,3,1,0
BRDA:13,4,0,0
BRDA:13,4,1,0
BRF:10
BRH:0
end_of_record
TN:
SF:src/modules/institution/institution.controller.ts
FN:31,(anonymous_4)
FN:38,(anonymous_5)
FN:44,(anonymous_6)
FN:50,(anonymous_7)
FN:56,(anonymous_8)
FN:64,(anonymous_9)
FN:69,(anonymous_10)
FN:74,(anonymous_11)
FN:79,(anonymous_12)
FN:84,(anonymous_13)
FN:89,(anonymous_14)
FN:94,(anonymous_15)
FN:99,(anonymous_16)
FN:104,(anonymous_17)
FN:124,(anonymous_18)
FN:113,(anonymous_19)
FNF:16
FNH:0
FNDA:0,(anonymous_4)
FNDA:0,(anonymous_5)
FNDA:0,(anonymous_6)
FNDA:0,(anonymous_7)
FNDA:0,(anonymous_8)
FNDA:0,(anonymous_9)
FNDA:0,(anonymous_10)
FNDA:0,(anonymous_11)
FNDA:0,(anonymous_12)
FNDA:0,(anonymous_13)
FNDA:0,(anonymous_14)
FNDA:0,(anonymous_15)
FNDA:0,(anonymous_16)
FNDA:0,(anonymous_17)
FNDA:0,(anonymous_18)
FNDA:0,(anonymous_19)
DA:1,0
DA:14,0
DA:15,0
DA:16,0
DA:17,0
DA:18,0
DA:19,0
DA:20,0
DA:21,0
DA:22,0
DA:23,0
DA:24,0
DA:30,0
DA:32,0
DA:33,0
DA:38,0
DA:39,0
DA:44,0
DA:45,0
DA:50,0
DA:51,0
DA:56,0
DA:60,0
DA:64,0
DA:65,0
DA:69,0
DA:70,0
DA:74,0
DA:75,0
DA:79,0
DA:80,0
DA:84,0
DA:85,0
DA:89,0
DA:90,0
DA:94,0
DA:95,0
DA:99,0
DA:100,0
DA:104,0
DA:105,0
DA:114,0
DA:120,0
DA:124,0
DA:128,0
DA:129,0
DA:132,0
DA:133,0
DA:134,0
DA:139,0
LF:50
LH:0
BRDA:128,0,0,0
BRDA:128,0,1,0
BRDA:64,1,0,0
BRDA:64,1,1,0
BRDA:64,2,0,0
BRDA:64,2,1,0
BRDA:99,3,0,0
BRDA:99,3,1,0
BRDA:99,4,0,0
BRDA:99,4,1,0
BRDA:126,5,0,0
BRDA:126,5,1,0
BRDA:126,6,0,0
BRDA:126,6,1,0
BRDA:126,6,2,0
BRDA:32,7,0,0
BRDA:32,7,1,0
BRDA:32,8,0,0
BRDA:32,8,1,0
BRDA:32,9,0,0
BRDA:32,9,1,0
BRDA:32,10,0,0
BRDA:32,10,1,0
BRF:23
BRH:0
end_of_record
TN:
SF:src/modules/institution/institution.module.ts
FNF:0
FNH:0
DA:1,0
DA:2,0
DA:3,0
DA:4,0
DA:5,0
DA:13,0
LF:6
LH:0
BRF:0
BRH:0
end_of_record
TN:
SF:src/modules/institution/institution.service.ts
FN:14,(anonymous_11)
FN:16,(anonymous_12)
FN:25,(anonymous_13)
FN:55,(anonymous_14)
FN:61,(anonymous_15)
FN:69,(anonymous_16)
FN:99,(anonymous_17)
FN:120,(anonymous_18)
FN:126,(anonymous_19)
FN:132,(anonymous_20)
FN:138,(anonymous_21)
FN:144,(anonymous_22)
FN:150,(anonymous_23)
FN:156,(anonymous_24)
FN:162,(anonymous_25)
FN:168,(anonymous_26)
FN:174,(anonymous_27)
FN:180,(anonymous_28)
FN:186,(anonymous_29)
FN:192,(anonymous_30)
FN:198,(anonymous_31)
FN:255,(anonymous_32)
FN:265,(anonymous_33)
FN:277,(anonymous_34)
FN:296,(anonymous_35)
FN:334,(anonymous_36)
FN:346,(anonymous_37)
FN:420,(anonymous_38)
FNF:28
FNH:0
FNDA:0,(anonymous_11)
FNDA:0,(anonymous_12)
FNDA:0,(anonymous_13)
FNDA:0,(anonymous_14)
FNDA:0,(anonymous_15)
FNDA:0,(anonymous_16)
FNDA:0,(anonymous_17)
FNDA:0,(anonymous_18)
FNDA:0,(anonymous_19)
FNDA:0,(anonymous_20)
FNDA:0,(anonymous_21)
FNDA:0,(anonymous_22)
FNDA:0,(anonymous_23)
FNDA:0,(anonymous_24)
FNDA:0,(anonymous_25)
FNDA:0,(anonymous_26)
FNDA:0,(anonymous_27)
FNDA:0,(anonymous_28)
FNDA:0,(anonymous_29)
FNDA:0,(anonymous_30)
FNDA:0,(anonymous_31)
FNDA:0,(anonymous_32)
FNDA:0,(anonymous_33)
FNDA:0,(anonymous_34)
FNDA:0,(anonymous_35)
FNDA:0,(anonymous_36)
FNDA:0,(anonymous_37)
FNDA:0,(anonymous_38)
DA:1,0
DA:6,0
DA:7,0
DA:8,0
DA:13,0
DA:14,0
DA:17,0
DA:20,0
DA:21,0
DA:23,0
DA:25,0
DA:26,0
DA:41,0
DA:51,0
DA:56,0
DA:62,0
DA:65,0
DA:66,0
DA:70,0
DA:73,0
DA:75,0
DA:100,0
DA:103,0
DA:105,0
DA:120,0
DA:127,0
DA:130,0
DA:132,0
DA:133,0
DA:138,0
DA:139,0
DA:144,0
DA:145,0
DA:150,0
DA:151,0
DA:156,0
DA:157,0
DA:162,0
DA:163,0
DA:168,0
DA:169,0
DA:174,0
DA:175,0
DA:180,0
DA:181,0
DA:186,0
DA:187,0
DA:192,0
DA:193,0
DA:198,0
DA:200,0
DA:201,0
DA:202,0
DA:203,0
DA:204,0
DA:207,0
DA:208,0
DA:211,0
DA:214,0
DA:215,0
DA:216,0
DA:217,0
DA:220,0
DA:223,0
DA:226,0
DA:229,0
DA:232,0
DA:235,0
DA:238,0
DA:239,0
DA:240,0
DA:241,0
DA:242,0
DA:243,0
DA:244,0
DA:245,0
DA:246,0
DA:247,0
DA:248,0
DA:249,0
DA:252,0
DA:256,0
DA:263,0
DA:265,0
DA:267,0
DA:268,0
DA:270,0
DA:272,0
DA:277,0
DA:278,0
DA:279,0
DA:280,0
DA:281,0
DA:284,0
DA:287,0
DA:290,0
DA:292,0
DA:296,0
DA:298,0
DA:301,0
DA:304,0
DA:305,0
DA:308,0
DA:311,0
DA:312,0
DA:313,0
DA:316,0
DA:319,0
DA:322,0
DA:325,0
DA:328,0
DA:331,0
DA:335,0
DA:338,0
DA:340,0
DA:347,0
DA:350,0
DA:352,0
DA:353,0
DA:361,0
DA:381,0
DA:383,0
DA:385,0
DA:389,0
DA:390,0
DA:391,0
DA:392,0
DA:394,0
DA:396,0
DA:398,0
DA:421,0
DA:422,0
DA:423,0
DA:425,0
DA:434,0
LF:135
LH:0
BRDA:20,0,0,0
BRDA:20,0,1,0
BRDA:65,1,0,0
BRDA:65,1,1,0
BRDA:73,2,0,0
BRDA:73,2,1,0
BRDA:78,3,0,0
BRDA:78,3,1,0
BRDA:79,4,0,0
BRDA:79,4,1,0
BRDA:80,5,0,0
BRDA:80,5,1,0
BRDA:81,6,0,0
BRDA:81,6,1,0
BRDA:84,7,0,0
BRDA:84,7,1,0
BRDA:85,8,0,0
BRDA:85,8,1,0
BRDA:86,9,0,0
BRDA:86,9,1,0
BRDA:87,10,0,0
BRDA:87,10,1,0
BRDA:88,11,0,0
BRDA:88,11,1,0
BRDA:89,12,0,0
BRDA:89,12,1,0
BRDA:92,13,0,0
BRDA:92,13,1,0
BRDA:103,14,0,0
BRDA:103,14,1,0
BRDA:130,15,0,0
BRDA:130,15,1,0
BRDA:263,16,0,0
BRDA:263,16,1,0
BRDA:270,17,0,0
BRDA:270,17,1,0
BRDA:290,18,0,0
BRDA:290,18,1,0
BRDA:338,19,0,0
BRDA:338,19,1,0
BRDA:350,20,0,0
BRDA:350,20,1,0
BRDA:381,21,0,0
BRDA:381,21,1,0
BRDA:382,22,0,0
BRDA:382,22,1,0
BRDA:385,23,0,0
BRDA:385,23,1,0
BRDA:385,24,0,0
BRDA:385,24,1,0
BRDA:389,25,0,0
BRDA:389,25,1,0
BRDA:390,26,0,0
BRDA:390,26,1,0
BRDA:391,27,0,0
BRDA:391,27,1,0
BRDA:394,28,0,0
BRDA:394,28,1,0
BRDA:396,29,0,0
BRDA:396,29,1,0
BRDA:401,30,0,0
BRDA:401,30,1,0
BRDA:14,31,0,0
BRDA:14,31,1,0
BRDA:14,32,0,0
BRDA:14,32,1,0
BRF:66
BRH:0
end_of_record
TN:
SF:src/modules/institution/dto/create-institution.dto.ts
FNF:0
FNH:0
DA:1,0
DA:11,0
DA:14,0
DA:18,0
DA:22,0
DA:26,0
DA:30,0
DA:34,0
DA:38,0
DA:42,0
DA:46,0
DA:51,0
DA:56,0
LF:13
LH:0
BRF:0
BRH:0
end_of_record
TN:
SF:src/modules/institution/dto/update-institution.dto.ts
FNF:0
FNH:0
DA:1,0
DA:10,0
DA:13,0
DA:17,0
DA:21,0
DA:25,0
DA:29,0
DA:33,0
DA:37,0
DA:41,0
DA:45,0
DA:50,0
DA:55,0
LF:13
LH:0
BRF:0
BRH:0
end_of_record
TN:
SF:src/modules/period-option/period-option.controller.ts
FN:13,(anonymous_4)
FN:16,(anonymous_5)
FN:21,(anonymous_6)
FNF:3
FNH:0
FNDA:0,(anonymous_4)
FNDA:0,(anonymous_5)
FNDA:0,(anonymous_6)
DA:1,0
DA:2,0
DA:3,0
DA:4,0
DA:5,0
DA:6,0
DA:12,0
DA:13,0
DA:16,0
DA:17,0
DA:21,0
DA:25,0
LF:12
LH:0
BRDA:23,0,0,0
BRDA:23,0,1,0
BRDA:23,1,0,0
BRDA:23,1,1,0
BRDA:13,2,0,0
BRDA:13,2,1,0
BRDA:13,3,0,0
BRDA:13,3,1,0
BRF:8
BRH:0
end_of_record
TN:
SF:src/modules/period-option/period-option.module.ts
FNF:0
FNH:0
DA:1,0
DA:2,0
DA:3,0
DA:4,0
DA:11,0
LF:5
LH:0
BRF:0
BRH:0
end_of_record
TN:
SF:src/modules/period-option/period-option.service.ts
FN:13,(anonymous_2)
FN:15,(anonymous_3)
FN:24,(anonymous_4)
FN:32,(anonymous_5)
FN:35,(anonymous_6)
FN:36,(anonymous_7)
FN:42,(anonymous_8)
FNF:7
FNH:0
FNDA:0,(anonymous_2)
FNDA:0,(anonymous_3)
FNDA:0,(anonymous_4)
FNDA:0,(anonymous_5)
FNDA:0,(anonymous_6)
FNDA:0,(anonymous_7)
FNDA:0,(anonymous_8)
DA:1,0
DA:2,0
DA:4,0
DA:12,0
DA:13,0
DA:16,0
DA:22,0
DA:23,0
DA:24,0
DA:29,0
DA:32,0
DA:36,0
DA:37,0
DA:40,0
DA:41,0
DA:42,0
DA:48,0
LF:17
LH:0
BRDA:22,0,0,0
BRDA:22,0,1,0
BRDA:40,1,0,0
BRDA:40,1,1,0
BRDA:13,2,0,0
BRDA:13,2,1,0
BRDA:13,3,0,0
BRDA:13,3,1,0
BRF:8
BRH:0
end_of_record
TN:
SF:src/modules/period-option/dto/replace-period-options.dto.ts
FNF:0
FNH:0
DA:1,0
DA:3,0
DA:7,0
LF:3
LH:0
BRF:0
BRH:0
end_of_record
TN:
SF:src/modules/storage/storage.module.ts
FNF:0
FNH:0
DA:1,0
DA:2,0
DA:8,0
LF:3
LH:0
BRF:0
BRH:0
end_of_record
TN:
SF:src/modules/storage/storage.service.ts
FN:18,(anonymous_11)
FN:35,(anonymous_12)
FN:45,(anonymous_13)
FN:53,(anonymous_14)
FN:64,(anonymous_15)
FN:75,(anonymous_16)
FN:80,(anonymous_17)
FN:102,(anonymous_18)
FN:118,(anonymous_19)
FNF:9
FNH:0
FNDA:0,(anonymous_11)
FNDA:0,(anonymous_12)
FNDA:0,(anonymous_13)
FNDA:0,(anonymous_14)
FNDA:0,(anonymous_15)
FNDA:0,(anonymous_16)
FNDA:0,(anonymous_17)
FNDA:0,(anonymous_18)
FNDA:0,(anonymous_19)
DA:1,0
DA:2,0
DA:3,0
DA:9,0
DA:10,0
DA:11,0
DA:14,0
DA:16,0
DA:18,0
DA:19,0
DA:21,0
DA:22,0
DA:23,0
DA:40,0
DA:41,0
DA:42,0
DA:46,0
DA:47,0
DA:48,0
DA:50,0
DA:54,0
DA:55,0
DA:56,0
DA:57,0
DA:59,0
DA:60,0
DA:61,0
DA:68,0
DA:69,0
DA:70,0
DA:71,0
DA:72,0
DA:76,0
DA:77,0
DA:85,0
DA:87,0
DA:96,0
DA:97,0
DA:106,0
DA:107,0
DA:108,0
DA:114,0
DA:115,0
DA:119,0
DA:121,0
LF:45
LH:0
BRDA:21,0,0,0
BRDA:21,0,1,0
BRDA:30,1,0,0
BRDA:30,1,1,0
BRDA:40,2,0,0
BRDA:40,2,1,0
BRDA:46,3,0,0
BRDA:46,3,1,0
BRDA:54,4,0,0
BRDA:54,4,1,0
BRDA:77,5,0,0
BRDA:77,5,1,0
BRDA:104,6,0,0
BRDA:106,7,0,0
BRDA:106,7,1,0
BRDA:18,8,0,0
BRDA:18,8,1,0
BRDA:18,9,0,0
BRDA:18,9,1,0
BRF:19
BRH:0
end_of_record
TN:
SF:src/modules/student/student.controller.ts
FN:22,(anonymous_4)
FN:25,(anonymous_5)
FN:30,(anonymous_6)
FN:38,(anonymous_7)
FN:43,(anonymous_8)
FN:52,(anonymous_9)
FN:60,(anonymous_10)
FNF:7
FNH:0
FNDA:0,(anonymous_4)
FNDA:0,(anonymous_5)
FNDA:0,(anonymous_6)
FNDA:0,(anonymous_7)
FNDA:0,(anonymous_8)
FNDA:0,(anonymous_9)
FNDA:0,(anonymous_10)
DA:1,0
DA:10,0
DA:11,0
DA:12,0
DA:13,0
DA:14,0
DA:15,0
DA:21,0
DA:22,0
DA:25,0
DA:26,0
DA:30,0
DA:34,0
DA:38,0
DA:39,0
DA:43,0
DA:48,0
DA:52,0
DA:56,0
DA:60,0
DA:64,0
LF:21
LH:0
BRDA:32,0,0,0
BRDA:32,0,1,0
BRDA:32,1,0,0
BRDA:32,1,1,0
BRDA:46,2,0,0
BRDA:46,2,1,0
BRDA:46,3,0,0
BRDA:46,3,1,0
BRDA:22,4,0,0
BRDA:22,4,1,0
BRDA:22,5,0,0
BRDA:22,5,1,0
BRF:12
BRH:0
end_of_record
TN:
SF:src/modules/student/student.module.ts
FNF:0
FNH:0
DA:1,0
DA:2,0
DA:3,0
DA:4,0
DA:5,0
DA:13,0
LF:6
LH:0
BRF:0
BRH:0
end_of_record
TN:
SF:src/modules/student/student.service.ts
FN:19,(anonymous_11)
FN:26,(anonymous_12)
FN:50,(anonymous_13)
FN:72,(anonymous_14)
FN:94,(anonymous_15)
FN:104,(anonymous_16)
FN:125,(anonymous_17)
FN:154,(anonymous_18)
FN:185,(anonymous_19)
FN:197,(anonymous_20)
FN:245,(anonymous_21)
FN:261,(anonymous_22)
FN:278,(anonymous_23)
FN:302,(anonymous_24)
FNF:14
FNH:0
FNDA:0,(anonymous_11)
FNDA:0,(anonymous_12)
FNDA:0,(anonymous_13)
FNDA:0,(anonymous_14)
FNDA:0,(anonymous_15)
FNDA:0,(anonymous_16)
FNDA:0,(anonymous_17)
FNDA:0,(anonymous_18)
FNDA:0,(anonymous_19)
FNDA:0,(anonymous_20)
FNDA:0,(anonymous_21)
FNDA:0,(anonymous_22)
FNDA:0,(anonymous_23)
FNDA:0,(anonymous_24)
DA:1,0
DA:8,0
DA:9,0
DA:10,0
DA:11,0
DA:12,0
DA:13,0
DA:18,0
DA:20,0
DA:21,0
DA:33,0
DA:38,0
DA:39,0
DA:42,0
DA:45,0
DA:46,0
DA:48,0
DA:50,0
DA:51,0
DA:63,0
DA:64,0
DA:68,0
DA:73,0
DA:76,0
DA:78,0
DA:79,0
DA:84,0
DA:95,0
DA:98,0
DA:99,0
DA:108,0
DA:111,0
DA:112,0
DA:114,0
DA:117,0
DA:118,0
DA:123,0
DA:125,0
DA:126,0
DA:138,0
DA:139,0
DA:143,0
DA:151,0
DA:155,0
DA:185,0
DA:198,0
DA:228,0
DA:229,0
DA:230,0
DA:232,0
DA:246,0
DA:247,0
DA:248,0
DA:252,0
DA:258,0
DA:262,0
DA:263,0
DA:264,0
DA:269,0
DA:270,0
DA:275,0
DA:283,0
DA:288,0
DA:289,0
DA:290,0
DA:292,0
DA:293,0
DA:296,0
DA:297,0
DA:302,0
DA:303,0
DA:312,0
DA:313,0
DA:314,0
DA:320,0
LF:75
LH:0
BRDA:38,0,0,0
BRDA:38,0,1,0
BRDA:45,1,0,0
BRDA:45,1,1,0
BRDA:76,2,0,0
BRDA:76,2,1,0
BRDA:78,3,0,0
BRDA:78,3,1,0
BRDA:98,4,0,0
BRDA:98,4,1,0
BRDA:111,5,0,0
BRDA:111,5,1,0
BRDA:117,6,0,0
BRDA:117,6,1,0
BRDA:131,7,0,0
BRDA:131,7,1,0
BRDA:134,8,0,0
BRDA:134,8,1,0
BRDA:193,9,0,0
BRDA:193,9,1,0
BRDA:228,10,0,0
BRDA:228,10,1,0
BRDA:229,11,0,0
BRDA:229,11,1,0
BRDA:241,12,0,0
BRDA:241,12,1,0
BRDA:247,13,0,0
BRDA:247,13,1,0
BRDA:263,14,0,0
BRDA:263,14,1,0
BRDA:288,15,0,0
BRDA:288,15,1,0
BRDA:289,16,0,0
BRDA:289,16,1,0
BRDA:292,17,0,0
BRDA:292,17,1,0
BRDA:296,18,0,0
BRDA:296,18,1,0
BRDA:306,19,0,0
BRDA:306,19,1,0
BRDA:307,20,0,0
BRDA:307,20,1,0
BRDA:308,21,0,0
BRDA:308,21,1,0
BRDA:312,22,0,0
BRDA:312,22,1,0
BRDA:20,23,0,0
BRDA:20,23,1,0
BRDA:20,24,0,0
BRDA:20,24,1,0
BRDA:20,25,0,0
BRDA:20,25,1,0
BRDA:20,26,0,0
BRDA:20,26,1,0
BRF:54
BRH:0
end_of_record
TN:
SF:src/modules/student/dto/create-student-institution.dto.ts
FNF:0
FNH:0
DA:1,0
DA:9,0
DA:12,0
DA:15,0
DA:19,0
DA:23,0
DA:27,0
LF:7
LH:0
BRF:0
BRH:0
end_of_record
TN:
SF:src/modules/student/dto/update-student-institution.dto.ts
FNF:0
FNH:0
DA:1,0
DA:3,0
DA:6,0
DA:10,0
DA:14,0
DA:18,0
LF:6
LH:0
BRF:0
BRH:0
end_of_record
TN:
SF:src/modules/subject/subject.controller.ts
FN:28,(anonymous_4)
FN:31,(anonymous_5)
FN:37,(anonymous_6)
FN:43,(anonymous_7)
FN:66,(anonymous_8)
FN:80,(anonymous_9)
FN:57,(anonymous_10)
FNF:7
FNH:0
FNDA:0,(anonymous_4)
FNDA:0,(anonymous_5)
FNDA:0,(anonymous_6)
FNDA:0,(anonymous_7)
FNDA:0,(anonymous_8)
FNDA:0,(anonymous_9)
FNDA:0,(anonymous_10)
DA:1,0
DA:14,0
DA:15,0
DA:16,0
DA:17,0
DA:18,0
DA:19,0
DA:20,0
DA:21,0
DA:27,0
DA:28,0
DA:31,0
DA:32,0
DA:37,0
DA:38,0
DA:43,0
DA:48,0
DA:58,0
DA:62,0
DA:66,0
DA:71,0
DA:72,0
DA:75,0
DA:80,0
DA:81,0
LF:25
LH:0
BRDA:71,0,0,0
BRDA:71,0,1,0
BRDA:37,1,0,0
BRDA:37,1,1,0
BRDA:37,2,0,0
BRDA:37,2,1,0
BRDA:46,3,0,0
BRDA:46,3,1,0
BRDA:46,4,0,0
BRDA:46,4,1,0
BRDA:69,5,0,0
BRDA:69,5,1,0
BRDA:69,6,0,0
BRDA:69,6,1,0
BRDA:69,6,2,0
BRDA:28,7,0,0
BRDA:28,7,1,0
BRDA:28,8,0,0
BRDA:28,8,1,0
BRF:19
BRH:0
end_of_record
TN:
SF:src/modules/subject/subject.module.ts
FNF:0
FNH:0
DA:1,0
DA:2,0
DA:3,0
DA:4,0
DA:5,0
DA:13,0
LF:6
LH:0
BRF:0
BRH:0
end_of_record
TN:
SF:src/modules/subject/subject.service.ts
FN:16,(anonymous_2)
FN:21,(anonymous_3)
FN:39,(anonymous_4)
FN:77,(anonymous_5)
FN:111,(anonymous_6)
FN:126,(anonymous_7)
FN:159,(anonymous_8)
FNF:7
FNH:0
FNDA:0,(anonymous_2)
FNDA:0,(anonymous_3)
FNDA:0,(anonymous_4)
FNDA:0,(anonymous_5)
FNDA:0,(anonymous_6)
FNDA:0,(anonymous_7)
FNDA:0,(anonymous_8)
DA:1,0
DA:6,0
DA:7,0
DA:8,0
DA:9,0
DA:10,0
DA:15,0
DA:17,0
DA:18,0
DA:22,0
DA:40,0
DA:43,0
DA:44,0
DA:48,0
DA:53,0
DA:54,0
DA:57,0
DA:58,0
DA:64,0
DA:82,0
DA:85,0
DA:87,0
DA:88,0
DA:91,0
DA:92,0
DA:97,0
DA:116,0
DA:119,0
DA:121,0
DA:125,0
DA:126,0
DA:127,0
DA:130,0
DA:131,0
DA:132,0
DA:138,0
DA:160,0
DA:163,0
DA:165,0
DA:166,0
LF:40
LH:0
BRDA:43,0,0,0
BRDA:43,0,1,0
BRDA:53,1,0,0
BRDA:53,1,1,0
BRDA:57,2,0,0
BRDA:57,2,1,0
BRDA:85,3,0,0
BRDA:85,3,1,0
BRDA:87,4,0,0
BRDA:87,4,1,0
BRDA:91,5,0,0
BRDA:91,5,1,0
BRDA:101,6,0,0
BRDA:101,6,1,0
BRDA:119,7,0,0
BRDA:119,7,1,0
BRDA:125,8,0,0
BRDA:125,8,1,0
BRDA:163,9,0,0
BRDA:163,9,1,0
BRDA:17,10,0,0
BRDA:17,10,1,0
BRDA:17,11,0,0
BRDA:17,11,1,0
BRDA:17,12,0,0
BRDA:17,12,1,0
BRDA:17,13,0,0
BRDA:17,13,1,0
BRF:28
BRH:0
end_of_record
TN:
SF:src/modules/subject/dto/create-subject.dto.ts
FNF:0
FNH:0
DA:1,0
DA:3,0
DA:6,0
DA:10,0
LF:4
LH:0
BRF:0
BRH:0
end_of_record
TN:
SF:src/modules/subject/dto/update-subject.dto.ts
FNF:0
FNH:0
DA:1,0
DA:3,0
DA:6,0
DA:10,0
LF:4
LH:0
BRF:0
BRH:0
end_of_record
TN:
SF:src/modules/task/task.controller.ts
FN:26,(anonymous_4)
FN:30,(anonymous_5)
FN:36,(anonymous_6)
FN:45,(anonymous_7)
FN:53,(anonymous_8)
FN:58,(anonymous_9)
FN:63,(anonymous_10)
FN:72,(anonymous_11)
FN:77,(anonymous_12)
FNF:9
FNH:0
FNDA:0,(anonymous_4)
FNDA:0,(anonymous_5)
FNDA:0,(anonymous_6)
FNDA:0,(anonymous_7)
FNDA:0,(anonymous_8)
FNDA:0,(anonymous_9)
FNDA:0,(anonymous_10)
FNDA:0,(anonymous_11)
FNDA:0,(anonymous_12)
DA:1,0
DA:13,0
DA:14,0
DA:15,0
DA:16,0
DA:17,0
DA:18,0
DA:19,0
DA:25,0
DA:26,0
DA:30,0
DA:31,0
DA:36,0
DA:41,0
DA:45,0
DA:49,0
DA:53,0
DA:54,0
DA:58,0
DA:59,0
DA:63,0
DA:68,0
DA:72,0
DA:73,0
DA:77,0
DA:83,0
LF:26
LH:0
BRDA:58,0,0,0
BRDA:58,0,1,0
BRDA:58,1,0,0
BRDA:58,1,1,0
BRDA:66,2,0,0
BRDA:66,2,1,0
BRDA:66,3,0,0
BRDA:66,3,1,0
BRDA:81,4,0,0
BRDA:81,4,1,0
BRDA:81,5,0,0
BRDA:81,5,1,0
BRDA:26,6,0,0
BRDA:26,6,1,0
BRDA:26,7,0,0
BRDA:26,7,1,0
BRF:16
BRH:0
end_of_record
TN:
SF:src/modules/task/task.module.ts
FNF:0
FNH:0
DA:1,0
DA:2,0
DA:3,0
DA:4,0
DA:11,0
LF:5
LH:0
BRF:0
BRH:0
end_of_record
TN:
SF:src/modules/task/task.service.ts
FN:13,(anonymous_2)
FN:16,(anonymous_3)
FN:26,(anonymous_4)
FN:52,(anonymous_5)
FN:65,(anonymous_6)
FN:93,(anonymous_7)
FN:98,(anonymous_8)
FN:100,(anonymous_9)
FN:106,(anonymous_10)
FN:110,(anonymous_11)
FN:129,(anonymous_12)
FN:133,(anonymous_13)
FN:137,(anonymous_14)
FN:161,(anonymous_15)
FN:165,(anonymous_16)
FN:182,(anonymous_17)
FN:189,(anonymous_18)
FN:208,(anonymous_19)
FN:215,(anonymous_20)
FN:226,(anonymous_21)
FN:242,(anonymous_22)
FN:263,(anonymous_23)
FN:272,(anonymous_24)
FN:292,(anonymous_25)
FNF:24
FNH:0
FNDA:0,(anonymous_2)
FNDA:0,(anonymous_3)
FNDA:0,(anonymous_4)
FNDA:0,(anonymous_5)
FNDA:0,(anonymous_6)
FNDA:0,(anonymous_7)
FNDA:0,(anonymous_8)
FNDA:0,(anonymous_9)
FNDA:0,(anonymous_10)
FNDA:0,(anonymous_11)
FNDA:0,(anonymous_12)
FNDA:0,(anonymous_13)
FNDA:0,(anonymous_14)
FNDA:0,(anonymous_15)
FNDA:0,(anonymous_16)
FNDA:0,(anonymous_17)
FNDA:0,(anonymous_18)
FNDA:0,(anonymous_19)
FNDA:0,(anonymous_20)
FNDA:0,(anonymous_21)
FNDA:0,(anonymous_22)
FNDA:0,(anonymous_23)
FNDA:0,(anonymous_24)
FNDA:0,(anonymous_25)
DA:1,0
DA:7,0
DA:12,0
DA:13,0
DA:17,0
DA:21,0
DA:22,0
DA:31,0
DA:39,0
DA:40,0
DA:42,0
DA:43,0
DA:47,0
DA:48,0
DA:53,0
DA:54,0
DA:55,0
DA:58,0
DA:59,0
DA:60,0
DA:61,0
DA:66,0
DA:68,0
DA:90,0
DA:93,0
DA:98,0
DA:100,0
DA:106,0
DA:111,0
DA:113,0
DA:129,0
DA:133,0
DA:138,0
DA:140,0
DA:153,0
DA:154,0
DA:155,0
DA:157,0
DA:161,0
DA:166,0
DA:167,0
DA:173,0
DA:175,0
DA:182,0
DA:190,0
DA:192,0
DA:196,0
DA:197,0
DA:198,0
DA:200,0
DA:206,0
DA:208,0
DA:209,0
DA:213,0
DA:214,0
DA:215,0
DA:223,0
DA:227,0
DA:229,0
DA:233,0
DA:234,0
DA:235,0
DA:237,0
DA:238,0
DA:243,0
DA:245,0
DA:263,0
DA:278,0
DA:279,0
DA:281,0
DA:288,0
DA:289,0
DA:290,0
DA:292,0
DA:293,0
DA:296,0
DA:297,0
DA:301,0
LF:78
LH:0
BRDA:21,0,0,0
BRDA:21,0,1,0
BRDA:39,1,0,0
BRDA:39,1,1,0
BRDA:47,2,0,0
BRDA:47,2,1,0
BRDA:54,3,0,0
BRDA:54,3,1,0
BRDA:59,4,0,0
BRDA:59,4,1,0
BRDA:59,5,0,0
BRDA:59,5,1,0
BRDA:59,5,2,0
BRDA:116,6,0,0
BRDA:116,6,1,0
BRDA:153,7,0,0
BRDA:153,7,1,0
BRDA:154,8,0,0
BRDA:154,8,1,0
BRDA:196,9,0,0
BRDA:196,9,1,0
BRDA:197,10,0,0
BRDA:197,10,1,0
BRDA:233,11,0,0
BRDA:233,11,1,0
BRDA:234,12,0,0
BRDA:234,12,1,0
BRDA:268,13,0,0
BRDA:268,13,1,0
BRDA:288,14,0,0
BRDA:288,14,1,0
BRDA:289,15,0,0
BRDA:289,15,1,0
BRDA:296,16,0,0
BRDA:296,16,1,0
BRDA:13,17,0,0
BRDA:13,17,1,0
BRDA:13,18,0,0
BRDA:13,18,1,0
BRF:39
BRH:0
end_of_record
TN:
SF:src/modules/task/dto/create-task.dto.ts
FNF:0
FNH:0
DA:1,0
DA:3,0
DA:6,0
DA:10,0
DA:15,0
LF:5
LH:0
BRF:0
BRH:0
end_of_record
TN:
SF:src/modules/task/dto/set-grade.dto.ts
FNF:0
FNH:0
DA:1,0
DA:3,0
DA:7,0
LF:3
LH:0
BRF:0
BRH:0
end_of_record
TN:
SF:src/modules/task/dto/update-task.dto.ts
FNF:0
FNH:0
DA:1,0
DA:3,0
DA:6,0
DA:10,0
DA:15,0
LF:5
LH:0
BRF:0
BRH:0
end_of_record
TN:
SF:src/modules/teacher/teacher.controller.ts
FN:23,(anonymous_4)
FN:27,(anonymous_5)
FN:33,(anonymous_6)
FN:39,(anonymous_7)
FN:47,(anonymous_8)
FN:52,(anonymous_9)
FN:57,(anonymous_10)
FN:62,(anonymous_11)
FN:71,(anonymous_12)
FN:76,(anonymous_13)
FN:81,(anonymous_14)
FNF:11
FNH:0
FNDA:0,(anonymous_4)
FNDA:0,(anonymous_5)
FNDA:0,(anonymous_6)
FNDA:0,(anonymous_7)
FNDA:0,(anonymous_8)
FNDA:0,(anonymous_9)
FNDA:0,(anonymous_10)
FNDA:0,(anonymous_11)
FNDA:0,(anonymous_12)
FNDA:0,(anonymous_13)
FNDA:0,(anonymous_14)
DA:1,0
DA:11,0
DA:12,0
DA:13,0
DA:14,0
DA:15,0
DA:16,0
DA:22,0
DA:23,0
DA:27,0
DA:28,0
DA:33,0
DA:34,0
DA:39,0
DA:43,0
DA:47,0
DA:48,0
DA:52,0
DA:53,0
DA:57,0
DA:58,0
DA:62,0
DA:67,0
DA:71,0
DA:72,0
DA:76,0
DA:77,0
DA:81,0
DA:85,0
LF:29
LH:0
BRDA:52,0,0,0
BRDA:52,0,1,0
BRDA:52,1,0,0
BRDA:52,1,1,0
BRDA:65,2,0,0
BRDA:65,2,1,0
BRDA:65,3,0,0
BRDA:65,3,1,0
BRDA:23,4,0,0
BRDA:23,4,1,0
BRDA:23,5,0,0
BRDA:23,5,1,0
BRF:12
BRH:0
end_of_record
TN:
SF:src/modules/teacher/teacher.module.ts
FNF:0
FNH:0
DA:1,0
DA:2,0
DA:3,0
DA:4,0
DA:5,0
DA:13,0
LF:6
LH:0
BRF:0
BRH:0
end_of_record
TN:
SF:src/modules/teacher/teacher.service.ts
FN:17,(anonymous_2)
FN:22,(anonymous_3)
FN:32,(anonymous_4)
FN:48,(anonymous_5)
FN:58,(anonymous_6)
FN:77,(anonymous_7)
FN:117,(anonymous_8)
FN:124,(anonymous_9)
FN:125,(anonymous_10)
FN:129,(anonymous_11)
FN:181,(anonymous_12)
FN:182,(anonymous_13)
FN:186,(anonymous_14)
FN:202,(anonymous_15)
FN:219,(anonymous_16)
FN:229,(anonymous_17)
FN:244,(anonymous_18)
FN:257,(anonymous_19)
FN:270,(anonymous_20)
FN:282,(anonymous_21)
FN:289,(anonymous_22)
FN:316,(anonymous_23)
FN:335,(anonymous_24)
FN:336,(anonymous_25)
FN:340,(anonymous_26)
FN:343,(anonymous_27)
FN:349,(anonymous_28)
FN:366,(anonymous_29)
FN:387,(anonymous_30)
FN:397,(anonymous_31)
FN:470,(anonymous_32)
FN:478,(anonymous_33)
FN:486,(anonymous_34)
FN:490,(anonymous_35)
FN:500,(anonymous_36)
FNF:35
FNH:0
FNDA:0,(anonymous_2)
FNDA:0,(anonymous_3)
FNDA:0,(anonymous_4)
FNDA:0,(anonymous_5)
FNDA:0,(anonymous_6)
FNDA:0,(anonymous_7)
FNDA:0,(anonymous_8)
FNDA:0,(anonymous_9)
FNDA:0,(anonymous_10)
FNDA:0,(anonymous_11)
FNDA:0,(anonymous_12)
FNDA:0,(anonymous_13)
FNDA:0,(anonymous_14)
FNDA:0,(anonymous_15)
FNDA:0,(anonymous_16)
FNDA:0,(anonymous_17)
FNDA:0,(anonymous_18)
FNDA:0,(anonymous_19)
FNDA:0,(anonymous_20)
FNDA:0,(anonymous_21)
FNDA:0,(anonymous_22)
FNDA:0,(anonymous_23)
FNDA:0,(anonymous_24)
FNDA:0,(anonymous_25)
FNDA:0,(anonymous_26)
FNDA:0,(anonymous_27)
FNDA:0,(anonymous_28)
FNDA:0,(anonymous_29)
FNDA:0,(anonymous_30)
FNDA:0,(anonymous_31)
FNDA:0,(anonymous_32)
FNDA:0,(anonymous_33)
FNDA:0,(anonymous_34)
FNDA:0,(anonymous_35)
FNDA:0,(anonymous_36)
DA:1,0
DA:8,0
DA:9,0
DA:10,0
DA:11,0
DA:16,0
DA:18,0
DA:19,0
DA:23,0
DA:26,0
DA:27,0
DA:30,0
DA:32,0
DA:33,0
DA:44,0
DA:46,0
DA:47,0
DA:48,0
DA:56,0
DA:57,0
DA:58,0
DA:66,0
DA:74,0
DA:78,0
DA:117,0
DA:124,0
DA:125,0
DA:130,0
DA:169,0
DA:170,0
DA:171,0
DA:173,0
DA:181,0
DA:182,0
DA:187,0
DA:188,0
DA:189,0
DA:193,0
DA:199,0
DA:203,0
DA:204,0
DA:205,0
DA:210,0
DA:211,0
DA:216,0
DA:220,0
DA:225,0
DA:226,0
DA:227,0
DA:229,0
DA:230,0
DA:238,0
DA:239,0
DA:242,0
DA:243,0
DA:244,0
DA:253,0
DA:254,0
DA:255,0
DA:256,0
DA:257,0
DA:267,0
DA:271,0
DA:275,0
DA:276,0
DA:283,0
DA:285,0
DA:289,0
DA:291,0
DA:305,0
DA:307,0
DA:317,0
DA:319,0
DA:334,0
DA:335,0
DA:336,0
DA:341,0
DA:342,0
DA:343,0
DA:352,0
DA:353,0
DA:354,0
DA:355,0
DA:356,0
DA:359,0
DA:360,0
DA:361,0
DA:362,0
DA:373,0
DA:374,0
DA:375,0
DA:377,0
DA:378,0
DA:379,0
DA:380,0
DA:381,0
DA:384,0
DA:385,0
DA:386,0
DA:387,0
DA:389,0
DA:391,0
DA:398,0
DA:400,0
DA:405,0
DA:406,0
DA:410,0
DA:421,0
DA:424,0
DA:459,0
DA:460,0
DA:462,0
DA:470,0
DA:478,0
DA:486,0
DA:491,0
DA:496,0
DA:497,0
DA:498,0
DA:500,0
DA:501,0
DA:502,0
DA:503,0
DA:504,0
DA:507,0
LF:125
LH:0
BRDA:26,0,0,0
BRDA:26,0,1,0
BRDA:38,1,0,0
BRDA:38,1,1,0
BRDA:46,2,0,0
BRDA:46,2,1,0
BRDA:56,3,0,0
BRDA:56,3,1,0
BRDA:169,4,0,0
BRDA:169,4,1,0
BRDA:170,5,0,0
BRDA:170,5,1,0
BRDA:188,6,0,0
BRDA:188,6,1,0
BRDA:204,7,0,0
BRDA:204,7,1,0
BRDA:225,8,0,0
BRDA:225,8,1,0
BRDA:226,9,0,0
BRDA:226,9,1,0
BRDA:233,10,0,0
BRDA:233,10,1,0
BRDA:234,11,0,0
BRDA:234,11,1,0
BRDA:238,12,0,0
BRDA:238,12,1,0
BRDA:242,13,0,0
BRDA:242,13,1,0
BRDA:253,14,0,0
BRDA:253,14,1,0
BRDA:255,15,0,0
BRDA:255,15,1,0
BRDA:275,16,0,0
BRDA:275,16,1,0
BRDA:292,17,0,0
BRDA:292,17,1,0
BRDA:341,18,0,0
BRDA:341,18,1,0
BRDA:354,19,0,0
BRDA:354,19,1,0
BRDA:377,20,0,0
BRDA:377,20,1,0
BRDA:378,21,0,0
BRDA:378,21,1,0
BRDA:405,22,0,0
BRDA:405,22,1,0
BRDA:421,23,0,0
BRDA:421,23,1,0
BRDA:474,24,0,0
BRDA:474,24,1,0
BRDA:482,25,0,0
BRDA:482,25,1,0
BRDA:496,26,0,0
BRDA:496,26,1,0
BRDA:497,27,0,0
BRDA:497,27,1,0
BRDA:18,28,0,0
BRDA:18,28,1,0
BRDA:18,29,0,0
BRDA:18,29,1,0
BRDA:18,30,0,0
BRDA:18,30,1,0
BRDA:18,31,0,0
BRDA:18,31,1,0
BRF:64
BRH:0
end_of_record
TN:
SF:src/modules/teacher/dto/create-teacher.dto.ts
FNF:0
FNH:0
DA:1,0
DA:10,0
DA:13,0
DA:16,0
DA:20,0
DA:25,0
DA:30,0
LF:7
LH:0
BRF:0
BRH:0
end_of_record
TN:
SF:src/modules/teacher/dto/update-teacher.dto.ts
FNF:0
FNH:0
DA:1,0
DA:3,0
DA:6,0
DA:10,0
DA:15,0
DA:20,0
LF:6
LH:0
BRF:0
BRH:0
end_of_record
TN:
SF:src/prisma/prisma-mock.ts
FN:5,(anonymous_0)
FNF:1
FNH:0
FNDA:0,(anonymous_0)
DA:2,0
DA:5,0
DA:6,0
LF:3
LH:0
BRF:0
BRH:0
end_of_record
TN:
SF:src/prisma/prisma.service.ts
FN:12,(anonymous_2)
FN:19,(anonymous_3)
FN:23,(anonymous_4)
FNF:3
FNH:0
FNDA:0,(anonymous_2)
FNDA:0,(anonymous_3)
FNDA:0,(anonymous_4)
DA:1,0
DA:2,0
DA:3,0
DA:4,0
DA:5,0
DA:8,0
DA:12,0
DA:13,0
DA:14,0
DA:15,0
DA:16,0
DA:20,0
DA:24,0
LF:13
LH:0
BRDA:12,0,0,0
BRDA:12,0,1,0
BRDA:12,1,0,0
BRDA:12,1,1,0
BRF:4
BRH:0
end_of_record
